#
# There is insufficient memory for the Java Runtime Environment to continue.
# Native memory allocation (malloc) failed to allocate 1159296 bytes for Chunk::new
# Possible reasons:
#   The system is out of physical RAM or swap space
#   The process is running with CompressedOops enabled, and the Java Heap may be blocking the growth of the native heap
# Possible solutions:
#   Reduce memory load on the system
#   Increase physical memory or swap space
#   Check if swap backing store is full
#   Decrease Java heap size (-Xmx/-Xms)
#   Decrease number of Java threads
#   Decrease Java thread stack sizes (-Xss)
#   Set larger code cache with -XX:ReservedCodeCacheSize=
#   JVM is running with Unscaled Compressed Oops mode in which the Java heap is
#     placed in the first 4GB address space. The Java Heap base address is the
#     maximum limit for the native heap growth. Please use -XX:HeapBaseMinAddress
#     to set the Java Heap base and to place the Java Heap above 4GB virtual address.
# This output file may be truncated or incomplete.
#
#  Out of Memory Error (./src/hotspot/share/memory/arena.cpp:197), pid=18096, tid=24892
#
# JRE version: OpenJDK Runtime Environment 18.9 (11.0.16+8) (build 11.0.16+8)
# Java VM: OpenJDK 64-Bit Server VM 18.9 (11.0.16+8, mixed mode, tiered, compressed oops, g1 gc, windows-amd64)
# No core dump will be written. Minidumps are not enabled by default on client versions of Windows
#

---------------  S U M M A R Y ------------

Command Line: org.jetbrains.kotlin.cli.jvm.K2JVMCompiler @D:\ReactNativeProjects\CLI\EcommV3\node_modules\react-native-gesture-handler\android\build\20221007_6926128179475165729.compiler.options

Host: 11th Gen Intel(R) Core(TM) i5-1135G7 @ 2.40GHz, 8 cores, 7G,  Windows 11 , 64 bit Build 22621 (10.0.22621.457)
Time: Fri Oct  7 09:01:49 2022 Pakistan Standard Time elapsed time: 3.152140 seconds (0d 0h 0m 3s)

---------------  T H R E A D  ---------------

Current thread (0x0000014728082800):  JavaThread "C2 CompilerThread0" daemon [_thread_in_native, id=24892, stack(0x000000247d000000,0x000000247d100000)]


Current CompileTask:
C2:   3152 1951   !   4       jdk.internal.loader.BuiltinClassLoader::loadClassOrNull (143 bytes)

Stack: [0x000000247d000000,0x000000247d100000]
Native frames: (J=compiled Java code, j=interpreted, Vv=VM code, C=native code)
V  [jvm.dll+0x61a63a]
V  [jvm.dll+0x757439]
V  [jvm.dll+0x758b28]
V  [jvm.dll+0x759203]
V  [jvm.dll+0x24d9a8]
V  [jvm.dll+0xc148c]
V  [jvm.dll+0xc1a4c]
V  [jvm.dll+0x2befd4]
V  [jvm.dll+0x52af12]
V  [jvm.dll+0x20efcb]
V  [jvm.dll+0x208c24]
V  [jvm.dll+0x205dbb]
V  [jvm.dll+0x187ec1]
V  [jvm.dll+0x2156a4]
V  [jvm.dll+0x2138eb]
V  [jvm.dll+0x71a000]
V  [jvm.dll+0x712f34]
V  [jvm.dll+0x6194a5]
C  [ucrtbase.dll+0x29363]
C  [KERNEL32.DLL+0x1244d]
C  [ntdll.dll+0x5df78]


---------------  P R O C E S S  ---------------

Threads class SMR info:
_java_thread_list=0x0000014729441ea0, length=10, elements={
0x000001470883f000, 0x000001472773a800, 0x0000014727762800, 0x0000014727777000,
0x0000014727778000, 0x000001472777b800, 0x0000014728082800, 0x000001472808a800,
0x00000147280dc000, 0x0000014728244800
}

Java Threads: ( => current thread )
  0x000001470883f000 JavaThread "main" [_thread_in_vm, id=13556, stack(0x000000247c200000,0x000000247c300000)]
  0x000001472773a800 JavaThread "Reference Handler" daemon [_thread_blocked, id=12804, stack(0x000000247ca00000,0x000000247cb00000)]
  0x0000014727762800 JavaThread "Finalizer" daemon [_thread_blocked, id=26384, stack(0x000000247cb00000,0x000000247cc00000)]
  0x0000014727777000 JavaThread "Signal Dispatcher" daemon [_thread_blocked, id=12824, stack(0x000000247cd00000,0x000000247ce00000)]
  0x0000014727778000 JavaThread "Attach Listener" daemon [_thread_blocked, id=11512, stack(0x000000247ce00000,0x000000247cf00000)]
  0x000001472777b800 JavaThread "Service Thread" daemon [_thread_blocked, id=11900, stack(0x000000247cf00000,0x000000247d000000)]
=>0x0000014728082800 JavaThread "C2 CompilerThread0" daemon [_thread_in_native, id=24892, stack(0x000000247d000000,0x000000247d100000)]
  0x000001472808a800 JavaThread "C1 CompilerThread0" daemon [_thread_blocked, id=20152, stack(0x000000247d100000,0x000000247d200000)]
  0x00000147280dc000 JavaThread "Sweeper thread" daemon [_thread_blocked, id=24756, stack(0x000000247d200000,0x000000247d300000)]
  0x0000014728244800 JavaThread "Common-Cleaner" daemon [_thread_blocked, id=2780, stack(0x000000247d400000,0x000000247d500000)]

Other Threads:
  0x0000014727739000 VMThread "VM Thread" [stack: 0x000000247c900000,0x000000247ca00000] [id=8936]
  0x000001472823c800 WatcherThread [stack: 0x000000247d300000,0x000000247d400000] [id=9796]
  0x0000014708855800 GCTaskThread "GC Thread#0" [stack: 0x000000247c400000,0x000000247c500000] [id=10988]
  0x0000014728831800 GCTaskThread "GC Thread#1" [stack: 0x000000247d600000,0x000000247d700000] [id=21960]
  0x0000014728860000 GCTaskThread "GC Thread#2" [stack: 0x000000247d700000,0x000000247d800000] [id=22872]
  0x0000014708887800 ConcurrentGCThread "G1 Main Marker" [stack: 0x000000247c500000,0x000000247c600000] [id=23540]
  0x000001470888b800 ConcurrentGCThread "G1 Conc#0" [stack: 0x000000247c600000,0x000000247c700000] [id=20000]
  0x0000014728a60000 ConcurrentGCThread "G1 Conc#1" [stack: 0x000000247d500000,0x000000247d600000] [id=19324]
  0x000001470890e800 ConcurrentGCThread "G1 Refine#0" [stack: 0x000000247c700000,0x000000247c800000] [id=24216]
  0x00000147275a2800 ConcurrentGCThread "G1 Young RemSet Sampling" [stack: 0x000000247c800000,0x000000247c900000] [id=21732]

Threads with active compile tasks:
C2 CompilerThread0     3167 1951   !   4       jdk.internal.loader.BuiltinClassLoader::loadClassOrNull (143 bytes)

VM state:not at safepoint (normal execution)

VM Mutex/Monitor currently owned by a thread: None

Heap address: 0x0000000083600000, size: 1994 MB, Compressed Oops mode: 32-bit
Narrow klass base: 0x0000000000000000, Narrow klass shift: 3
Compressed class space size: 1073741824 Address: 0x0000000100000000

Heap:
 garbage-first heap   total 129024K, used 40250K [0x0000000083600000, 0x0000000100000000)
  region size 1024K, 32 young (32768K), 7 survivors (7168K)
 Metaspace       used 27583K, capacity 27988K, committed 28288K, reserved 1075200K
  class space    used 2994K, capacity 3146K, committed 3200K, reserved 1048576K
Heap Regions: E=young(eden), S=young(survivor), O=old, HS=humongous(starts), HC=humongous(continues), CS=collection set, F=free, A=archive, TAMS=top-at-mark-start (previous, next)
|   0|0x0000000083600000, 0x0000000083700000, 0x0000000083700000|100%|HS|  |TAMS 0x0000000083700000, 0x0000000083600000| Complete 
|   1|0x0000000083700000, 0x0000000083800000, 0x0000000083800000|100%|HC|  |TAMS 0x0000000083800000, 0x0000000083700000| Complete 
|   2|0x0000000083800000, 0x0000000083900000, 0x0000000083900000|100%|HC|  |TAMS 0x0000000083900000, 0x0000000083800000| Complete 
|   3|0x0000000083900000, 0x0000000083a00000, 0x0000000083a00000|100%|HS|  |TAMS 0x0000000083900000, 0x0000000083900000| Complete 
|   4|0x0000000083a00000, 0x0000000083b00000, 0x0000000083b00000|100%|HC|  |TAMS 0x0000000083a00000, 0x0000000083a00000| Complete 
|   5|0x0000000083b00000, 0x0000000083c00000, 0x0000000083c00000|100%|HC|  |TAMS 0x0000000083b00000, 0x0000000083b00000| Complete 
|   6|0x0000000083c00000, 0x0000000083d00000, 0x0000000083d00000|100%|HS|  |TAMS 0x0000000083c00000, 0x0000000083c00000| Complete 
|   7|0x0000000083d00000, 0x0000000083e00000, 0x0000000083e00000|100%|HC|  |TAMS 0x0000000083d00000, 0x0000000083d00000| Complete 
|   8|0x0000000083e00000, 0x0000000083f00000, 0x0000000083f00000|100%|HC|  |TAMS 0x0000000083e00000, 0x0000000083e00000| Complete 
|   9|0x0000000083f00000, 0x0000000083f00000, 0x0000000084000000|  0%| F|  |TAMS 0x0000000083f00000, 0x0000000083f00000| Untracked 
|  10|0x0000000084000000, 0x0000000084000000, 0x0000000084100000|  0%| F|  |TAMS 0x0000000084000000, 0x0000000084000000| Untracked 
|  11|0x0000000084100000, 0x0000000084100000, 0x0000000084200000|  0%| F|  |TAMS 0x0000000084100000, 0x0000000084100000| Untracked 
|  12|0x0000000084200000, 0x0000000084200000, 0x0000000084300000|  0%| F|  |TAMS 0x0000000084200000, 0x0000000084200000| Untracked 
|  13|0x0000000084300000, 0x0000000084300000, 0x0000000084400000|  0%| F|  |TAMS 0x0000000084300000, 0x0000000084300000| Untracked 
|  14|0x0000000084400000, 0x0000000084400000, 0x0000000084500000|  0%| F|  |TAMS 0x0000000084400000, 0x0000000084400000| Untracked 
|  15|0x0000000084500000, 0x0000000084500000, 0x0000000084600000|  0%| F|  |TAMS 0x0000000084500000, 0x0000000084500000| Untracked 
|  16|0x0000000084600000, 0x0000000084600000, 0x0000000084700000|  0%| F|  |TAMS 0x0000000084600000, 0x0000000084600000| Untracked 
|  17|0x0000000084700000, 0x0000000084700000, 0x0000000084800000|  0%| F|  |TAMS 0x0000000084700000, 0x0000000084700000| Untracked 
|  18|0x0000000084800000, 0x0000000084800000, 0x0000000084900000|  0%| F|  |TAMS 0x0000000084800000, 0x0000000084800000| Untracked 
|  19|0x0000000084900000, 0x0000000084900000, 0x0000000084a00000|  0%| F|  |TAMS 0x0000000084900000, 0x0000000084900000| Untracked 
|  20|0x0000000084a00000, 0x0000000084a00000, 0x0000000084b00000|  0%| F|  |TAMS 0x0000000084a00000, 0x0000000084a00000| Untracked 
|  21|0x0000000084b00000, 0x0000000084b00000, 0x0000000084c00000|  0%| F|  |TAMS 0x0000000084b00000, 0x0000000084b00000| Untracked 
|  22|0x0000000084c00000, 0x0000000084c00000, 0x0000000084d00000|  0%| F|  |TAMS 0x0000000084c00000, 0x0000000084c00000| Untracked 
|  23|0x0000000084d00000, 0x0000000084d00000, 0x0000000084e00000|  0%| F|  |TAMS 0x0000000084d00000, 0x0000000084d00000| Untracked 
|  24|0x0000000084e00000, 0x0000000084e00000, 0x0000000084f00000|  0%| F|  |TAMS 0x0000000084e00000, 0x0000000084e00000| Untracked 
|  25|0x0000000084f00000, 0x0000000084f00000, 0x0000000085000000|  0%| F|  |TAMS 0x0000000084f00000, 0x0000000084f00000| Untracked 
|  26|0x0000000085000000, 0x0000000085000000, 0x0000000085100000|  0%| F|  |TAMS 0x0000000085000000, 0x0000000085000000| Untracked 
|  27|0x0000000085100000, 0x0000000085100000, 0x0000000085200000|  0%| F|  |TAMS 0x0000000085100000, 0x0000000085100000| Untracked 
|  28|0x0000000085200000, 0x0000000085200000, 0x0000000085300000|  0%| F|  |TAMS 0x0000000085200000, 0x0000000085200000| Untracked 
|  29|0x0000000085300000, 0x0000000085300000, 0x0000000085400000|  0%| F|  |TAMS 0x0000000085300000, 0x0000000085300000| Untracked 
|  30|0x0000000085400000, 0x0000000085400000, 0x0000000085500000|  0%| F|  |TAMS 0x0000000085400000, 0x0000000085400000| Untracked 
|  31|0x0000000085500000, 0x0000000085500000, 0x0000000085600000|  0%| F|  |TAMS 0x0000000085500000, 0x0000000085500000| Untracked 
|  32|0x0000000085600000, 0x0000000085600000, 0x0000000085700000|  0%| F|  |TAMS 0x0000000085600000, 0x0000000085600000| Untracked 
|  33|0x0000000085700000, 0x0000000085700000, 0x0000000085800000|  0%| F|  |TAMS 0x0000000085700000, 0x0000000085700000| Untracked 
|  34|0x0000000085800000, 0x0000000085800000, 0x0000000085900000|  0%| F|  |TAMS 0x0000000085800000, 0x0000000085800000| Untracked 
|  35|0x0000000085900000, 0x0000000085900000, 0x0000000085a00000|  0%| F|  |TAMS 0x0000000085900000, 0x0000000085900000| Untracked 
|  36|0x0000000085a00000, 0x0000000085a00000, 0x0000000085b00000|  0%| F|  |TAMS 0x0000000085a00000, 0x0000000085a00000| Untracked 
|  37|0x0000000085b00000, 0x0000000085b00000, 0x0000000085c00000|  0%| F|  |TAMS 0x0000000085b00000, 0x0000000085b00000| Untracked 
|  38|0x0000000085c00000, 0x0000000085c00000, 0x0000000085d00000|  0%| F|  |TAMS 0x0000000085c00000, 0x0000000085c00000| Untracked 
|  39|0x0000000085d00000, 0x0000000085d00000, 0x0000000085e00000|  0%| F|  |TAMS 0x0000000085d00000, 0x0000000085d00000| Untracked 
|  40|0x0000000085e00000, 0x0000000085e00000, 0x0000000085f00000|  0%| F|  |TAMS 0x0000000085e00000, 0x0000000085e00000| Untracked 
|  41|0x0000000085f00000, 0x0000000085f00000, 0x0000000086000000|  0%| F|  |TAMS 0x0000000085f00000, 0x0000000085f00000| Untracked 
|  42|0x0000000086000000, 0x0000000086000000, 0x0000000086100000|  0%| F|  |TAMS 0x0000000086000000, 0x0000000086000000| Untracked 
|  43|0x0000000086100000, 0x0000000086100000, 0x0000000086200000|  0%| F|  |TAMS 0x0000000086100000, 0x0000000086100000| Untracked 
|  44|0x0000000086200000, 0x0000000086200000, 0x0000000086300000|  0%| F|  |TAMS 0x0000000086200000, 0x0000000086200000| Untracked 
|  45|0x0000000086300000, 0x0000000086300000, 0x0000000086400000|  0%| F|  |TAMS 0x0000000086300000, 0x0000000086300000| Untracked 
|  46|0x0000000086400000, 0x0000000086400000, 0x0000000086500000|  0%| F|  |TAMS 0x0000000086400000, 0x0000000086400000| Untracked 
|  47|0x0000000086500000, 0x0000000086500000, 0x0000000086600000|  0%| F|  |TAMS 0x0000000086500000, 0x0000000086500000| Untracked 
|  48|0x0000000086600000, 0x0000000086600000, 0x0000000086700000|  0%| F|  |TAMS 0x0000000086600000, 0x0000000086600000| Untracked 
|  49|0x0000000086700000, 0x0000000086700000, 0x0000000086800000|  0%| F|  |TAMS 0x0000000086700000, 0x0000000086700000| Untracked 
|  50|0x0000000086800000, 0x0000000086800000, 0x0000000086900000|  0%| F|  |TAMS 0x0000000086800000, 0x0000000086800000| Untracked 
|  51|0x0000000086900000, 0x0000000086900000, 0x0000000086a00000|  0%| F|  |TAMS 0x0000000086900000, 0x0000000086900000| Untracked 
|  52|0x0000000086a00000, 0x0000000086a00000, 0x0000000086b00000|  0%| F|  |TAMS 0x0000000086a00000, 0x0000000086a00000| Untracked 
|  53|0x0000000086b00000, 0x0000000086b00000, 0x0000000086c00000|  0%| F|  |TAMS 0x0000000086b00000, 0x0000000086b00000| Untracked 
|  54|0x0000000086c00000, 0x0000000086c00000, 0x0000000086d00000|  0%| F|  |TAMS 0x0000000086c00000, 0x0000000086c00000| Untracked 
|  55|0x0000000086d00000, 0x0000000086d00000, 0x0000000086e00000|  0%| F|  |TAMS 0x0000000086d00000, 0x0000000086d00000| Untracked 
|  56|0x0000000086e00000, 0x0000000086e00000, 0x0000000086f00000|  0%| F|  |TAMS 0x0000000086e00000, 0x0000000086e00000| Untracked 
|  57|0x0000000086f00000, 0x0000000086f00000, 0x0000000087000000|  0%| F|  |TAMS 0x0000000086f00000, 0x0000000086f00000| Untracked 
|  58|0x0000000087000000, 0x0000000087000000, 0x0000000087100000|  0%| F|  |TAMS 0x0000000087000000, 0x0000000087000000| Untracked 
|  59|0x0000000087100000, 0x0000000087100000, 0x0000000087200000|  0%| F|  |TAMS 0x0000000087100000, 0x0000000087100000| Untracked 
|  60|0x0000000087200000, 0x0000000087200000, 0x0000000087300000|  0%| F|  |TAMS 0x0000000087200000, 0x0000000087200000| Untracked 
|  61|0x0000000087300000, 0x0000000087300000, 0x0000000087400000|  0%| F|  |TAMS 0x0000000087300000, 0x0000000087300000| Untracked 
|  62|0x0000000087400000, 0x0000000087400000, 0x0000000087500000|  0%| F|  |TAMS 0x0000000087400000, 0x0000000087400000| Untracked 
|  63|0x0000000087500000, 0x0000000087500000, 0x0000000087600000|  0%| F|  |TAMS 0x0000000087500000, 0x0000000087500000| Untracked 
|  64|0x0000000087600000, 0x0000000087600000, 0x0000000087700000|  0%| F|  |TAMS 0x0000000087600000, 0x0000000087600000| Untracked 
|  65|0x0000000087700000, 0x0000000087700000, 0x0000000087800000|  0%| F|  |TAMS 0x0000000087700000, 0x0000000087700000| Untracked 
|  66|0x0000000087800000, 0x0000000087800000, 0x0000000087900000|  0%| F|  |TAMS 0x0000000087800000, 0x0000000087800000| Untracked 
|  67|0x0000000087900000, 0x0000000087900000, 0x0000000087a00000|  0%| F|  |TAMS 0x0000000087900000, 0x0000000087900000| Untracked 
|  68|0x0000000087a00000, 0x0000000087a00000, 0x0000000087b00000|  0%| F|  |TAMS 0x0000000087a00000, 0x0000000087a00000| Untracked 
|  69|0x0000000087b00000, 0x0000000087b00000, 0x0000000087c00000|  0%| F|  |TAMS 0x0000000087b00000, 0x0000000087b00000| Untracked 
|  70|0x0000000087c00000, 0x0000000087c00000, 0x0000000087d00000|  0%| F|  |TAMS 0x0000000087c00000, 0x0000000087c00000| Untracked 
|  71|0x0000000087d00000, 0x0000000087d00000, 0x0000000087e00000|  0%| F|  |TAMS 0x0000000087d00000, 0x0000000087d00000| Untracked 
|  72|0x0000000087e00000, 0x0000000087e00000, 0x0000000087f00000|  0%| F|  |TAMS 0x0000000087e00000, 0x0000000087e00000| Untracked 
|  73|0x0000000087f00000, 0x0000000087f00000, 0x0000000088000000|  0%| F|  |TAMS 0x0000000087f00000, 0x0000000087f00000| Untracked 
|  74|0x0000000088000000, 0x0000000088000000, 0x0000000088100000|  0%| F|  |TAMS 0x0000000088000000, 0x0000000088000000| Untracked 
|  75|0x0000000088100000, 0x0000000088100000, 0x0000000088200000|  0%| F|  |TAMS 0x0000000088100000, 0x0000000088100000| Untracked 
|  76|0x0000000088200000, 0x0000000088200000, 0x0000000088300000|  0%| F|  |TAMS 0x0000000088200000, 0x0000000088200000| Untracked 
|  77|0x0000000088300000, 0x0000000088300000, 0x0000000088400000|  0%| F|  |TAMS 0x0000000088300000, 0x0000000088300000| Untracked 
|  78|0x0000000088400000, 0x0000000088400000, 0x0000000088500000|  0%| F|  |TAMS 0x0000000088400000, 0x0000000088400000| Untracked 
|  79|0x0000000088500000, 0x000000008854ea20, 0x0000000088600000| 30%| S|CS|TAMS 0x0000000088500000, 0x0000000088500000| Complete 
|  80|0x0000000088600000, 0x0000000088700000, 0x0000000088700000|100%| S|CS|TAMS 0x0000000088600000, 0x0000000088600000| Complete 
|  81|0x0000000088700000, 0x0000000088800000, 0x0000000088800000|100%| S|CS|TAMS 0x0000000088700000, 0x0000000088700000| Complete 
|  82|0x0000000088800000, 0x0000000088900000, 0x0000000088900000|100%| S|CS|TAMS 0x0000000088800000, 0x0000000088800000| Complete 
|  83|0x0000000088900000, 0x0000000088a00000, 0x0000000088a00000|100%| S|CS|TAMS 0x0000000088900000, 0x0000000088900000| Complete 
|  84|0x0000000088a00000, 0x0000000088b00000, 0x0000000088b00000|100%| S|CS|TAMS 0x0000000088a00000, 0x0000000088a00000| Complete 
|  85|0x0000000088b00000, 0x0000000088c00000, 0x0000000088c00000|100%| S|CS|TAMS 0x0000000088b00000, 0x0000000088b00000| Complete 
|  86|0x0000000088c00000, 0x0000000088c00000, 0x0000000088d00000|  0%| F|  |TAMS 0x0000000088c00000, 0x0000000088c00000| Untracked 
|  87|0x0000000088d00000, 0x0000000088d00000, 0x0000000088e00000|  0%| F|  |TAMS 0x0000000088d00000, 0x0000000088d00000| Untracked 
|  88|0x0000000088e00000, 0x0000000088e00000, 0x0000000088f00000|  0%| F|  |TAMS 0x0000000088e00000, 0x0000000088e00000| Untracked 
|  89|0x0000000088f00000, 0x0000000088f00000, 0x0000000089000000|  0%| F|  |TAMS 0x0000000088f00000, 0x0000000088f00000| Untracked 
|  90|0x0000000089000000, 0x0000000089000000, 0x0000000089100000|  0%| F|  |TAMS 0x0000000089000000, 0x0000000089000000| Untracked 
|  91|0x0000000089100000, 0x0000000089100000, 0x0000000089200000|  0%| F|  |TAMS 0x0000000089100000, 0x0000000089100000| Untracked 
|  92|0x0000000089200000, 0x0000000089200000, 0x0000000089300000|  0%| F|  |TAMS 0x0000000089200000, 0x0000000089200000| Untracked 
|  93|0x0000000089300000, 0x0000000089300000, 0x0000000089400000|  0%| F|  |TAMS 0x0000000089300000, 0x0000000089300000| Untracked 
|  94|0x0000000089400000, 0x0000000089400000, 0x0000000089500000|  0%| F|  |TAMS 0x0000000089400000, 0x0000000089400000| Untracked 
|  95|0x0000000089500000, 0x0000000089500000, 0x0000000089600000|  0%| F|  |TAMS 0x0000000089500000, 0x0000000089500000| Untracked 
|  96|0x0000000089600000, 0x0000000089600000, 0x0000000089700000|  0%| F|  |TAMS 0x0000000089600000, 0x0000000089600000| Untracked 
|  97|0x0000000089700000, 0x0000000089700000, 0x0000000089800000|  0%| F|  |TAMS 0x0000000089700000, 0x0000000089700000| Untracked 
|  98|0x0000000089800000, 0x0000000089800000, 0x0000000089900000|  0%| F|  |TAMS 0x0000000089800000, 0x0000000089800000| Untracked 
|  99|0x0000000089900000, 0x0000000089900000, 0x0000000089a00000|  0%| F|  |TAMS 0x0000000089900000, 0x0000000089900000| Untracked 
| 100|0x0000000089a00000, 0x0000000089a00000, 0x0000000089b00000|  0%| F|  |TAMS 0x0000000089a00000, 0x0000000089a00000| Untracked 
| 101|0x0000000089b00000, 0x0000000089b80800, 0x0000000089c00000| 50%| E|  |TAMS 0x0000000089b00000, 0x0000000089b00000| Complete 
| 102|0x0000000089c00000, 0x0000000089d00000, 0x0000000089d00000|100%| E|CS|TAMS 0x0000000089c00000, 0x0000000089c00000| Complete 
| 103|0x0000000089d00000, 0x0000000089e00000, 0x0000000089e00000|100%| E|CS|TAMS 0x0000000089d00000, 0x0000000089d00000| Complete 
| 104|0x0000000089e00000, 0x0000000089f00000, 0x0000000089f00000|100%| E|CS|TAMS 0x0000000089e00000, 0x0000000089e00000| Complete 
| 105|0x0000000089f00000, 0x000000008a000000, 0x000000008a000000|100%| E|CS|TAMS 0x0000000089f00000, 0x0000000089f00000| Complete 
| 106|0x000000008a000000, 0x000000008a100000, 0x000000008a100000|100%| E|CS|TAMS 0x000000008a000000, 0x000000008a000000| Complete 
| 107|0x000000008a100000, 0x000000008a200000, 0x000000008a200000|100%| E|CS|TAMS 0x000000008a100000, 0x000000008a100000| Complete 
| 108|0x000000008a200000, 0x000000008a300000, 0x000000008a300000|100%| E|CS|TAMS 0x000000008a200000, 0x000000008a200000| Complete 
| 109|0x000000008a300000, 0x000000008a400000, 0x000000008a400000|100%| E|CS|TAMS 0x000000008a300000, 0x000000008a300000| Complete 
| 110|0x000000008a400000, 0x000000008a500000, 0x000000008a500000|100%| E|CS|TAMS 0x000000008a400000, 0x000000008a400000| Complete 
| 111|0x000000008a500000, 0x000000008a600000, 0x000000008a600000|100%| E|CS|TAMS 0x000000008a500000, 0x000000008a500000| Complete 
| 112|0x000000008a600000, 0x000000008a700000, 0x000000008a700000|100%| E|CS|TAMS 0x000000008a600000, 0x000000008a600000| Complete 
| 113|0x000000008a700000, 0x000000008a800000, 0x000000008a800000|100%| E|CS|TAMS 0x000000008a700000, 0x000000008a700000| Complete 
| 114|0x000000008a800000, 0x000000008a900000, 0x000000008a900000|100%| E|CS|TAMS 0x000000008a800000, 0x000000008a800000| Complete 
| 115|0x000000008a900000, 0x000000008aa00000, 0x000000008aa00000|100%| E|CS|TAMS 0x000000008a900000, 0x000000008a900000| Complete 
| 116|0x000000008aa00000, 0x000000008ab00000, 0x000000008ab00000|100%| E|CS|TAMS 0x000000008aa00000, 0x000000008aa00000| Complete 
| 117|0x000000008ab00000, 0x000000008ac00000, 0x000000008ac00000|100%| E|CS|TAMS 0x000000008ab00000, 0x000000008ab00000| Complete 
| 118|0x000000008ac00000, 0x000000008ad00000, 0x000000008ad00000|100%| E|CS|TAMS 0x000000008ac00000, 0x000000008ac00000| Complete 
| 119|0x000000008ad00000, 0x000000008ae00000, 0x000000008ae00000|100%| E|CS|TAMS 0x000000008ad00000, 0x000000008ad00000| Complete 
| 120|0x000000008ae00000, 0x000000008af00000, 0x000000008af00000|100%| E|CS|TAMS 0x000000008ae00000, 0x000000008ae00000| Complete 
| 121|0x000000008af00000, 0x000000008b000000, 0x000000008b000000|100%| E|CS|TAMS 0x000000008af00000, 0x000000008af00000| Complete 
| 122|0x000000008b000000, 0x000000008b100000, 0x000000008b100000|100%| E|CS|TAMS 0x000000008b000000, 0x000000008b000000| Complete 
| 123|0x000000008b100000, 0x000000008b200000, 0x000000008b200000|100%| E|CS|TAMS 0x000000008b100000, 0x000000008b100000| Complete 
| 124|0x000000008b200000, 0x000000008b300000, 0x000000008b300000|100%| E|CS|TAMS 0x000000008b200000, 0x000000008b200000| Complete 
| 125|0x000000008b300000, 0x000000008b400000, 0x000000008b400000|100%| E|CS|TAMS 0x000000008b300000, 0x000000008b300000| Complete 

Card table byte_map: [0x00000147206c0000,0x0000014720ab0000] _byte_map_base: 0x00000147202a5000

Marking Bits (Prev, Next): (CMBitMap*) 0x000001470887ee60, (CMBitMap*) 0x000001470887ee28
 Prev Bits: [0x0000014722dd0000, 0x0000014724cf8000)
 Next Bits: [0x0000014720ea0000, 0x0000014722dc8000)

Polling page: 0x0000014706810000

Metaspace:

Usage:
  Non-class:     24.32 MB capacity,    24.04 MB ( 99%) used,   243.52 KB ( <1%) free+waste,    42.00 KB ( <1%) overhead. 
      Class:      3.07 MB capacity,     2.94 MB ( 96%) used,   120.21 KB (  4%) free+waste,    18.88 KB ( <1%) overhead. 
       Both:     27.39 MB capacity,    26.98 MB ( 98%) used,   363.73 KB (  1%) free+waste,    60.88 KB ( <1%) overhead. 

Virtual space:
  Non-class space:       26.00 MB reserved,      24.50 MB ( 94%) committed 
      Class space:        1.00 GB reserved,       3.13 MB ( <1%) committed 
             Both:        1.03 GB reserved,      27.63 MB (  3%) committed 

Chunk freelists:
   Non-Class:  54.00 KB
       Class:  22.00 KB
        Both:  76.00 KB

MaxMetaspaceSize: 17179869184.00 GB
CompressedClassSpaceSize: 1.00 GB
Initial GC threshold: 20.80 MB
Current GC threshold: 35.00 MB
CDS: off

CodeHeap 'non-profiled nmethods': size=120000Kb used=685Kb max_used=685Kb free=119314Kb
 bounds [0x0000014718a60000, 0x0000014718cd0000, 0x000001471ff90000]
CodeHeap 'profiled nmethods': size=120000Kb used=3611Kb max_used=3611Kb free=116388Kb
 bounds [0x0000014711530000, 0x00000147118c0000, 0x0000014718a60000]
CodeHeap 'non-nmethods': size=5760Kb used=1229Kb max_used=1239Kb free=4530Kb
 bounds [0x0000014710f90000, 0x0000014711200000, 0x0000014711530000]
 total_blobs=2470 nmethods=1974 adapters=408
 compilation: enabled
              stopped_count=0, restarted_count=0
 full_count=0

Compilation events (20 events):
Event: 3.081 Thread 0x000001472808a800 1963       3       jdk.internal.org.objectweb.asm.Frame::set (65 bytes)
Event: 3.081 Thread 0x000001472808a800 nmethod 1963 0x00000147118aee90 code [0x00000147118af080, 0x00000147118af5a8]
Event: 3.081 Thread 0x000001472808a800 1964       1       java.lang.invoke.MethodHandleNatives::isPullModeBSM (2 bytes)
Event: 3.081 Thread 0x000001472808a800 nmethod 1964 0x0000014718b0a790 code [0x0000014718b0a940, 0x0000014718b0a9d8]
Event: 3.081 Thread 0x000001472808a800 1965       3       java.lang.invoke.AbstractValidatingLambdaMetafactory::isAdaptableTo (126 bytes)
Event: 3.082 Thread 0x000001472808a800 nmethod 1965 0x00000147118af790 code [0x00000147118afa20, 0x00000147118b03c8]
Event: 3.082 Thread 0x000001472808a800 1966       3       java.lang.invoke.ConstantCallSite::getTarget (20 bytes)
Event: 3.083 Thread 0x000001472808a800 nmethod 1966 0x00000147118b0790 code [0x00000147118b0960, 0x00000147118b0b68]
Event: 3.096 Thread 0x000001472808a800 1971       3       java.lang.reflect.ProxyGenerator::codeLocalLoadStore (90 bytes)
Event: 3.097 Thread 0x000001472808a800 nmethod 1971 0x00000147118b0c90 code [0x00000147118b0f40, 0x00000147118b1d28]
Event: 3.097 Thread 0x000001472808a800 1972  s    3       java.io.ByteArrayOutputStream::write (43 bytes)
Event: 3.097 Thread 0x000001472808a800 nmethod 1972 0x00000147118b2190 code [0x00000147118b23a0, 0x00000147118b2988]
Event: 3.097 Thread 0x000001472808a800 1975       3       java.lang.reflect.ProxyGenerator$ConstantPool$ValueEntry::write (190 bytes)
Event: 3.099 Thread 0x000001472808a800 nmethod 1975 0x00000147118b2b90 code [0x00000147118b3000, 0x00000147118b5488]
Event: 3.099 Thread 0x000001472808a800 1973       3       java.util.Objects::checkFromIndexSize (8 bytes)
Event: 3.099 Thread 0x000001472808a800 nmethod 1973 0x00000147118b5e10 code [0x00000147118b5fe0, 0x00000147118b61e8]
Event: 3.099 Thread 0x000001472808a800 1974       3       jdk.internal.util.Preconditions::checkFromIndexSize (25 bytes)
Event: 3.099 Thread 0x000001472808a800 nmethod 1974 0x00000147118b6310 code [0x00000147118b6540, 0x00000147118b6cd8]
Event: 3.099 Thread 0x000001472808a800 1976       1       java.lang.reflect.Constructor::getRoot (5 bytes)
Event: 3.099 Thread 0x000001472808a800 nmethod 1976 0x0000014718b0ad90 code [0x0000014718b0af40, 0x0000014718b0aff8]

GC Heap History (4 events):
Event: 1.114 GC heap before
{Heap before GC invocations=0 (full 0):
 garbage-first heap   total 129024K, used 27648K [0x0000000083600000, 0x0000000100000000)
  region size 1024K, 24 young (24576K), 0 survivors (0K)
 Metaspace       used 12301K, capacity 12405K, committed 12544K, reserved 1060864K
  class space    used 1135K, capacity 1174K, committed 1280K, reserved 1048576K
}
Event: 1.118 GC heap after
{Heap after GC invocations=1 (full 0):
 garbage-first heap   total 129024K, used 5825K [0x0000000083600000, 0x0000000100000000)
  region size 1024K, 3 young (3072K), 3 survivors (3072K)
 Metaspace       used 12301K, capacity 12405K, committed 12544K, reserved 1060864K
  class space    used 1135K, capacity 1174K, committed 1280K, reserved 1048576K
}
Event: 2.275 GC heap before
{Heap before GC invocations=1 (full 0):
 garbage-first heap   total 129024K, used 42689K [0x0000000083600000, 0x0000000100000000)
  region size 1024K, 40 young (40960K), 3 survivors (3072K)
 Metaspace       used 21063K, capacity 21230K, committed 21248K, reserved 1069056K
  class space    used 2211K, capacity 2286K, committed 2304K, reserved 1048576K
}
Event: 2.290 GC heap after
{Heap after GC invocations=2 (full 0):
 garbage-first heap   total 129024K, used 9530K [0x0000000083600000, 0x0000000100000000)
  region size 1024K, 7 young (7168K), 7 survivors (7168K)
 Metaspace       used 21063K, capacity 21230K, committed 21248K, reserved 1069056K
  class space    used 2211K, capacity 2286K, committed 2304K, reserved 1048576K
}

Deoptimization events (20 events):
Event: 2.629 Thread 0x000001470883f000 Uncommon trap: trap_request=0xffffffcc fr.pc=0x0000014718ad49f4 relative=0x00000000000001b4
Event: 2.629 Thread 0x000001470883f000 Uncommon trap: reason=intrinsic_or_type_checked_inlining action=make_not_entrant pc=0x0000014718ad49f4 method=java.util.Arrays.copyOf([Ljava/lang/Object;ILjava/lang/Class;)[Ljava/lang/Object; @ 35 c2
Event: 2.629 Thread 0x000001470883f000 DEOPT PACKING pc=0x0000014718ad49f4 sp=0x000000247c2fc470
Event: 2.629 Thread 0x000001470883f000 DEOPT UNPACKING pc=0x0000014710f985af sp=0x000000247c2fc418 mode 2
Event: 2.730 Thread 0x000001470883f000 Uncommon trap: trap_request=0xffffff4d fr.pc=0x0000014718af2368 relative=0x00000000000001c8
Event: 2.730 Thread 0x000001470883f000 Uncommon trap: reason=unstable_if action=reinterpret pc=0x0000014718af2368 method=java.util.Arrays.hashCode([B)I @ 1 c2
Event: 2.730 Thread 0x000001470883f000 DEOPT PACKING pc=0x0000014718af2368 sp=0x000000247c2fe640
Event: 2.730 Thread 0x000001470883f000 DEOPT UNPACKING pc=0x0000014710f985af sp=0x000000247c2fe5b0 mode 2
Event: 2.757 Thread 0x000001470883f000 Uncommon trap: trap_request=0xffffff4d fr.pc=0x0000014718af37f4 relative=0x00000000000000d4
Event: 2.757 Thread 0x000001470883f000 Uncommon trap: reason=unstable_if action=reinterpret pc=0x0000014718af37f4 method=jdk.nio.zipfs.ZipConstants.pkSigAt([BIII)Z @ 5 c2
Event: 2.757 Thread 0x000001470883f000 DEOPT PACKING pc=0x0000014718af37f4 sp=0x000000247c2fe4a0
Event: 2.757 Thread 0x000001470883f000 DEOPT UNPACKING pc=0x0000014710f985af sp=0x000000247c2fe448 mode 2
Event: 2.788 Thread 0x000001470883f000 Uncommon trap: trap_request=0xffffffde fr.pc=0x0000014718ae76c8 relative=0x0000000000001388
Event: 2.788 Thread 0x000001470883f000 Uncommon trap: reason=class_check action=maybe_recompile pc=0x0000014718ae76c8 method=java.util.zip.InflaterInputStream.read([BII)I @ 100 c2
Event: 2.788 Thread 0x000001470883f000 DEOPT PACKING pc=0x0000014718ae76c8 sp=0x000000247c2fe650
Event: 2.788 Thread 0x000001470883f000 DEOPT UNPACKING pc=0x0000014710f985af sp=0x000000247c2fe6b0 mode 2
Event: 2.993 Thread 0x000001470883f000 Uncommon trap: trap_request=0xffffff4d fr.pc=0x0000014718acc9a8 relative=0x0000000000000188
Event: 2.993 Thread 0x000001470883f000 Uncommon trap: reason=unstable_if action=reinterpret pc=0x0000014718acc9a8 method=java.lang.String.startsWith(Ljava/lang/String;I)Z @ 1 c2
Event: 2.993 Thread 0x000001470883f000 DEOPT PACKING pc=0x0000014718acc9a8 sp=0x000000247c2fdf50
Event: 2.993 Thread 0x000001470883f000 DEOPT UNPACKING pc=0x0000014710f985af sp=0x000000247c2fdec0 mode 2

Classes redefined (0 events):
No events

Internal exceptions (18 events):
Event: 1.882 Thread 0x000001470883f000 Exception <a 'java/lang/NoSuchMethodError'{0x0000000089eb42d8}: 'int java.lang.invoke.DirectMethodHandle$Holder.invokeSpecialIFC(java.lang.Object, java.lang.Object, int)'> (0x0000000089eb42d8) thrown at [./src/hotspot/share/interpreter/linkResolver.cpp, line 773]
Event: 2.129 Thread 0x000001470883f000 Exception <a 'java/lang/NoSuchMethodError'{0x00000000893f34a8}: 'java.lang.Object java.lang.invoke.DirectMethodHandle$Holder.invokeStaticInit(java.lang.Object, int)'> (0x00000000893f34a8) thrown at [./src/hotspot/share/interpreter/linkResolver.cpp, line 773]
Event: 2.165 Thread 0x000001470883f000 Exception <a 'java/lang/NoSuchMethodError'{0x0000000089188b80}: 'long java.lang.invoke.DirectMethodHandle$Holder.invokeStatic(java.lang.Object)'> (0x0000000089188b80) thrown at [./src/hotspot/share/interpreter/linkResolver.cpp, line 773]
Event: 2.165 Thread 0x000001470883f000 Exception <a 'java/lang/NoSuchMethodError'{0x000000008918b9d8}: 'long java.lang.invoke.DirectMethodHandle$Holder.invokeStaticInit(java.lang.Object)'> (0x000000008918b9d8) thrown at [./src/hotspot/share/interpreter/linkResolver.cpp, line 773]
Event: 2.229 Thread 0x000001470883f000 Exception <a 'java/lang/NoSuchMethodError'{0x0000000088ef8dd8}: 'int java.lang.invoke.DirectMethodHandle$Holder.invokeStaticInit(java.lang.Object, java.lang.Object, java.lang.Object)'> (0x0000000088ef8dd8) thrown at [./src/hotspot/share/interpreter/linkResolver.cpp, line 773]
Event: 2.234 Thread 0x000001470883f000 Exception <a 'java/lang/NoSuchMethodError'{0x0000000088d24a48}: 'int java.lang.invoke.DirectMethodHandle$Holder.invokeStaticInit(java.lang.Object, java.lang.Object)'> (0x0000000088d24a48) thrown at [./src/hotspot/share/interpreter/linkResolver.cpp, line 773]
Event: 2.641 Thread 0x000001470883f000 Exception <a 'java/lang/NoSuchMethodError'{0x000000008ab0e000}: 'java.lang.Object java.lang.invoke.DirectMethodHandle$Holder.invokeStatic(java.lang.Object, java.lang.Object, java.lang.Object, java.lang.Object, java.lang.Object, java.lang.Object, java.lang.Object, java.lang.Object, java.lang.Object, java.lang.Object, java.lang.Object, java.lang.Object, java.lang.Object, java.lang.Object, java.lang.Object)'> (0x000000008ab0e000) thrown at [./src/hotspot/share/interpreter/linkResolver.cpp, line 773]
Event: 2.643 Thread 0x000001470883f000 Exception <a 'java/lang/NoSuchMethodError'{0x000000008ab1c008}: 'java.lang.Object java.lang.invoke.DirectMethodHandle$Holder.invokeStatic(java.lang.Object, java.lang.Object, java.lang.Object, java.lang.Object, java.lang.Object, java.lang.Object, java.lang.Object, java.lang.Object, java.lang.Object, java.lang.Object, java.lang.Object, java.lang.Object, java.lang.Object, java.lang.Object, java.lang.Object, java.lang.Object)'> (0x000000008ab1c008) thrown at [./src/hotspot/share/interpreter/linkResolver.cpp, l
Event: 2.645 Thread 0x000001470883f000 Exception <a 'java/lang/NoSuchMethodError'{0x000000008ab29f20}: 'java.lang.Object java.lang.invoke.DirectMethodHandle$Holder.invokeSpecial(java.lang.Object, java.lang.Object, int, int, java.lang.Object, java.lang.Object, java.lang.Object)'> (0x000000008ab29f20) thrown at [./src/hotspot/share/interpreter/linkResolver.cpp, line 773]
Event: 2.645 Thread 0x000001470883f000 Exception <a 'java/lang/NoSuchMethodError'{0x000000008ab2d758}: 'java.lang.Object java.lang.invoke.DelegatingMethodHandle$Holder.reinvoke_L(java.lang.Object, int, int, java.lang.Object, java.lang.Object, java.lang.Object)'> (0x000000008ab2d758) thrown at [./src/hotspot/share/interpreter/linkResolver.cpp, line 773]
Event: 2.677 Thread 0x000001470883f000 Exception <a 'java/lang/NoSuchMethodError'{0x000000008ab31ae0}: 'java.lang.Object java.lang.invoke.DirectMethodHandle$Holder.invokeStatic(java.lang.Object, java.lang.Object, java.lang.Object, java.lang.Object, int)'> (0x000000008ab31ae0) thrown at [./src/hotspot/share/interpreter/linkResolver.cpp, line 773]
Event: 2.730 Thread 0x000001470883f000 Implicit null exception at 0x0000014718af21ac to 0x0000014718af235a
Event: 2.792 Thread 0x000001470883f000 Exception <a 'java/lang/NoSuchMethodError'{0x000000008a6adcc8}: 'void java.lang.invoke.DirectMethodHandle$Holder.invokeStatic(java.lang.Object, java.lang.Object, java.lang.Object, java.lang.Object)'> (0x000000008a6adcc8) thrown at [./src/hotspot/share/interpreter/linkResolver.cpp, line 773]
Event: 2.852 Thread 0x000001470883f000 Exception <a 'java/lang/NoSuchMethodError'{0x000000008a5fda60}: 'void java.lang.invoke.DirectMethodHandle$Holder.invokeSpecial(java.lang.Object, java.lang.Object)'> (0x000000008a5fda60) thrown at [./src/hotspot/share/interpreter/linkResolver.cpp, line 773]
Event: 2.933 Thread 0x000001470883f000 Exception <a 'java/lang/NoSuchMethodError'{0x000000008a2a2b70}: 'void java.lang.invoke.DirectMethodHandle$Holder.invokeStaticInit(java.lang.Object, java.lang.Object)'> (0x000000008a2a2b70) thrown at [./src/hotspot/share/interpreter/linkResolver.cpp, line 773]
Event: 2.943 Thread 0x000001470883f000 Exception <a 'java/lang/NoSuchMethodError'{0x000000008a2e10a8}: 'void java.lang.invoke.DirectMethodHandle$Holder.invokeInterface(java.lang.Object, java.lang.Object)'> (0x000000008a2e10a8) thrown at [./src/hotspot/share/interpreter/linkResolver.cpp, line 773]
Event: 3.079 Thread 0x000001470883f000 Exception <a 'java/lang/NoSuchMethodError'{0x0000000089efc3f0}: 'void java.lang.invoke.DirectMethodHandle$Holder.invokeVirtual(java.lang.Object, java.lang.Object)'> (0x0000000089efc3f0) thrown at [./src/hotspot/share/interpreter/linkResolver.cpp, line 773]
Event: 3.090 Thread 0x000001470883f000 Exception <a 'java/lang/NoSuchMethodError'{0x0000000089d73880}: 'int java.lang.invoke.DirectMethodHandle$Holder.invokeVirtual(java.lang.Object, java.lang.Object)'> (0x0000000089d73880) thrown at [./src/hotspot/share/interpreter/linkResolver.cpp, line 773]

Events (20 events):
Event: 3.147 loading class org/jetbrains/kotlin/psi/stubs/elements/KtContractEffectListElementType
Event: 3.147 loading class org/jetbrains/kotlin/psi/stubs/elements/KtContractEffectListElementType done
Event: 3.147 loading class org/jetbrains/kotlin/psi/stubs/elements/KtStringTemplateExpressionElementType
Event: 3.147 loading class org/jetbrains/kotlin/psi/stubs/elements/KtStringTemplateExpressionElementType done
Event: 3.148 loading class org/jetbrains/kotlin/psi/stubs/elements/KtClassElementType
Event: 3.148 loading class org/jetbrains/kotlin/psi/stubs/elements/KtClassElementType done
Event: 3.148 loading class org/jetbrains/kotlin/psi/KtClass
Event: 3.148 loading class org/jetbrains/kotlin/psi/KtClass done
Event: 3.149 loading class org/jetbrains/kotlin/psi/KtClassOrObject
Event: 3.149 loading class org/jetbrains/kotlin/psi/KtClassOrObject done
Event: 3.149 loading class org/jetbrains/kotlin/psi/KtNamedDeclaration
Event: 3.149 loading class org/jetbrains/kotlin/psi/KtNamedDeclaration done
Event: 3.149 loading class org/jetbrains/kotlin/psi/KtDeclaration
Event: 3.149 loading class org/jetbrains/kotlin/psi/KtDeclaration done
Event: 3.149 loading class org/jetbrains/kotlin/psi/KtExpression
Event: 3.149 loading class org/jetbrains/kotlin/psi/KtExpression done
Event: 3.150 loading class org/jetbrains/kotlin/psi/KtNamed
Event: 3.150 loading class org/jetbrains/kotlin/psi/KtNamed done
Event: 3.151 loading class org/jetbrains/kotlin/psi/KtStatementExpression
Event: 3.151 loading class org/jetbrains/kotlin/psi/KtStatementExpression done


Dynamic libraries:
0x00007ff65ef20000 - 0x00007ff65ef2d000 	C:\Program Files\OpenJDK\openjdk-11.0.16_8\bin\java.exe
0x00007ff91a0d0000 - 0x00007ff91a2e4000 	C:\WINDOWS\SYSTEM32\ntdll.dll
0x00007ff9185a0000 - 0x00007ff918662000 	C:\WINDOWS\System32\KERNEL32.DLL
0x00007ff9176d0000 - 0x00007ff917a6c000 	C:\WINDOWS\System32\KERNELBASE.dll
0x00007ff917dc0000 - 0x00007ff917ed1000 	C:\WINDOWS\System32\ucrtbase.dll
0x00007ff8e68b0000 - 0x00007ff8e68c7000 	C:\Program Files\OpenJDK\openjdk-11.0.16_8\bin\jli.dll
0x00007ff917f20000 - 0x00007ff9180cb000 	C:\WINDOWS\System32\USER32.dll
0x00007ff917630000 - 0x00007ff917656000 	C:\WINDOWS\System32\win32u.dll
0x00007ff918e50000 - 0x00007ff918e79000 	C:\WINDOWS\System32\GDI32.dll
0x00007ff917510000 - 0x00007ff917622000 	C:\WINDOWS\System32\gdi32full.dll
0x00007ff917be0000 - 0x00007ff917c7a000 	C:\WINDOWS\System32\msvcp_win.dll
0x00007ff8e6ee0000 - 0x00007ff8e6ef5000 	C:\Program Files\OpenJDK\openjdk-11.0.16_8\bin\VCRUNTIME140.dll
0x00007ff903c70000 - 0x00007ff903efe000 	C:\WINDOWS\WinSxS\amd64_microsoft.windows.common-controls_6595b64144ccf1df_6.0.22621.317_none_a9434687c10c9fa2\COMCTL32.dll
0x00007ff918be0000 - 0x00007ff918c87000 	C:\WINDOWS\System32\msvcrt.dll
0x00007ff917ee0000 - 0x00007ff917f11000 	C:\WINDOWS\System32\IMM32.DLL
0x00007ff8b6120000 - 0x00007ff8b61bb000 	C:\Program Files\OpenJDK\openjdk-11.0.16_8\bin\msvcp140.dll
0x00007ff889590000 - 0x00007ff88a09e000 	C:\Program Files\OpenJDK\openjdk-11.0.16_8\bin\server\jvm.dll
0x00007ff9188a0000 - 0x00007ff91894e000 	C:\WINDOWS\System32\ADVAPI32.dll
0x00007ff9181f0000 - 0x00007ff918294000 	C:\WINDOWS\System32\sechost.dll
0x00007ff918460000 - 0x00007ff918575000 	C:\WINDOWS\System32\RPCRT4.dll
0x00007ff918450000 - 0x00007ff918458000 	C:\WINDOWS\System32\PSAPI.DLL
0x00007ff8f8200000 - 0x00007ff8f8209000 	C:\WINDOWS\SYSTEM32\WSOCK32.dll
0x00007ff918170000 - 0x00007ff9181e1000 	C:\WINDOWS\System32\WS2_32.dll
0x00007ff90eeb0000 - 0x00007ff90eee4000 	C:\WINDOWS\SYSTEM32\WINMM.dll
0x00007ff907e70000 - 0x00007ff907e7a000 	C:\WINDOWS\SYSTEM32\VERSION.dll
0x00007ff916550000 - 0x00007ff916568000 	C:\WINDOWS\SYSTEM32\kernel.appcore.dll
0x00007ff8f8ed0000 - 0x00007ff8f8ee0000 	C:\Program Files\OpenJDK\openjdk-11.0.16_8\bin\verify.dll
0x00007ff914aa0000 - 0x00007ff914cce000 	C:\WINDOWS\SYSTEM32\DBGHELP.DLL
0x00007ff919670000 - 0x00007ff9199f9000 	C:\WINDOWS\System32\combase.dll
0x00007ff918670000 - 0x00007ff918747000 	C:\WINDOWS\System32\OLEAUT32.dll
0x00007ff9079e0000 - 0x00007ff907a12000 	C:\WINDOWS\SYSTEM32\dbgcore.DLL
0x00007ff917c80000 - 0x00007ff917cfb000 	C:\WINDOWS\System32\bcryptPrimitives.dll
0x00007ff8e1b70000 - 0x00007ff8e1b98000 	C:\Program Files\OpenJDK\openjdk-11.0.16_8\bin\java.dll
0x00007ff8f8e90000 - 0x00007ff8f8e9a000 	C:\Program Files\OpenJDK\openjdk-11.0.16_8\bin\jimage.dll
0x00007ff8df0f0000 - 0x00007ff8df108000 	C:\Program Files\OpenJDK\openjdk-11.0.16_8\bin\zip.dll
0x00007ff918e90000 - 0x00007ff91966b000 	C:\WINDOWS\System32\SHELL32.dll
0x00007ff915520000 - 0x00007ff915dd5000 	C:\WINDOWS\SYSTEM32\windows.storage.dll
0x00007ff9153e0000 - 0x00007ff91551d000 	C:\WINDOWS\SYSTEM32\wintypes.dll
0x00007ff918ae0000 - 0x00007ff918bd1000 	C:\WINDOWS\System32\SHCORE.dll
0x00007ff918750000 - 0x00007ff9187ae000 	C:\WINDOWS\System32\shlwapi.dll
0x00007ff917440000 - 0x00007ff917461000 	C:\WINDOWS\SYSTEM32\profapi.dll
0x00007ff8ce950000 - 0x00007ff8ce969000 	C:\Program Files\OpenJDK\openjdk-11.0.16_8\bin\net.dll
0x00007ff911660000 - 0x00007ff91178f000 	C:\WINDOWS\SYSTEM32\WINHTTP.dll
0x00007ff9169a0000 - 0x00007ff916a09000 	C:\WINDOWS\system32\mswsock.dll
0x00007ff8cca00000 - 0x00007ff8cca13000 	C:\Program Files\OpenJDK\openjdk-11.0.16_8\bin\nio.dll

dbghelp: loaded successfully - version: 4.0.5 - missing functions: none
symbol engine: initialized successfully - sym options: 0x614 - pdb path: .;C:\Program Files\OpenJDK\openjdk-11.0.16_8\bin;C:\WINDOWS\SYSTEM32;C:\WINDOWS\WinSxS\amd64_microsoft.windows.common-controls_6595b64144ccf1df_6.0.22621.317_none_a9434687c10c9fa2;C:\Program Files\OpenJDK\openjdk-11.0.16_8\bin\server

VM Arguments:
java_command: org.jetbrains.kotlin.cli.jvm.K2JVMCompiler @D:\ReactNativeProjects\CLI\EcommV3\node_modules\react-native-gesture-handler\android\build\20221007_6926128179475165729.compiler.options
java_class_path (initial): C:\Users\Shoaib\.gradle\caches\modules-2\files-2.1\org.jetbrains.kotlin\kotlin-compiler-embeddable\1.5.20\1900e8b9aca0a9caffd45b99b36e3720a0a284f8\kotlin-compiler-embeddable-1.5.20.jar;C:\Users\Shoaib\.gradle\caches\modules-2\files-2.1\org.jetbrains.kotlin\kotlin-reflect\1.5.20\63810951f09a27f7827977f1bc21094042a915e\kotlin-reflect-1.5.20.jar;C:\Users\Shoaib\.gradle\caches\modules-2\files-2.1\org.jetbrains.kotlin\kotlin-stdlib\1.5.20\9de35cc611bcecec8edce1d56d8e659953806751\kotlin-stdlib-1.5.20.jar;C:\Users\Shoaib\.gradle\caches\modules-2\files-2.1\org.jetbrains.kotlin\kotlin-script-runtime\1.5.20\4381bb58d37b84d4d1afe55ec35542dd9b77e101\kotlin-script-runtime-1.5.20.jar;C:\Users\Shoaib\.gradle\caches\modules-2\files-2.1\org.jetbrains.kotlin\kotlin-daemon-embeddable\1.5.20\36c38cda019834dcd2959cc33a12768adcd94256\kotlin-daemon-embeddable-1.5.20.jar;C:\Users\Shoaib\.gradle\caches\modules-2\files-2.1\org.jetbrains.intellij.deps\trove4j\1.0.20181211\216c2e14b070f334479d800987affe4054cd563f\trove4j-1.0.20181211.jar;C:\Users\Shoaib\.gradle\caches\modules-2\files-2.1\org.jetbrains\annotations\13.0\919f0dfe192fb4e063e7dacadee7f8bb9a2672a9\annotations-13.0.jar;C:\Users\Shoaib\.gradle\caches\modules-2\files-2.1\org.jetbrains.kotlin\kotlin-stdlib-common\1.5.20\3d79dbd48bf605f4aac1e7028981a1953e245cbb\kotlin-stdlib-common-1.5.20.jar
Launcher Type: SUN_STANDARD

[Global flags]
     intx CICompilerCount                          = 4                                         {product} {ergonomic}
     uint ConcGCThreads                            = 2                                         {product} {ergonomic}
     uint G1ConcRefinementThreads                  = 8                                         {product} {ergonomic}
   size_t G1HeapRegionSize                         = 1048576                                   {product} {ergonomic}
    uintx GCDrainStackTargetSize                   = 64                                        {product} {ergonomic}
   size_t InitialHeapSize                          = 132120576                                 {product} {ergonomic}
   size_t MarkStackSize                            = 4194304                                   {product} {ergonomic}
   size_t MaxHeapSize                              = 2090860544                                {product} {ergonomic}
   size_t MaxNewSize                               = 1254096896                                {product} {ergonomic}
   size_t MinHeapDeltaBytes                        = 1048576                                   {product} {ergonomic}
    uintx NonNMethodCodeHeapSize                   = 5836300                                {pd product} {ergonomic}
    uintx NonProfiledCodeHeapSize                  = 122910970                              {pd product} {ergonomic}
    uintx ProfiledCodeHeapSize                     = 122910970                              {pd product} {ergonomic}
    uintx ReservedCodeCacheSize                    = 251658240                              {pd product} {ergonomic}
     bool SegmentedCodeCache                       = true                                      {product} {ergonomic}
     bool UseCompressedClassPointers               = true                                 {lp64_product} {ergonomic}
     bool UseCompressedOops                        = true                                 {lp64_product} {ergonomic}
     bool UseG1GC                                  = true                                      {product} {ergonomic}
     bool UseLargePagesIndividualAllocation        = false                                  {pd product} {ergonomic}

Logging:
Log output configuration:
 #0: stdout all=warning uptime,level,tags
 #1: stderr all=off uptime,level,tags

Environment Variables:
JAVA_HOME=C:\Program Files\OpenJDK\openjdk-11.0.16_8
CLASSPATH=D:\ReactNativeProjects\CLI\EcommV3\android\\gradle\wrapper\gradle-wrapper.jar
PATH=D:\ReactNativeProjects\CLI\EcommV3\android\node_modules\.bin;D:\ReactNativeProjects\CLI\EcommV3\node_modules\.bin;D:\ReactNativeProjects\CLI\node_modules\.bin;D:\ReactNativeProjects\node_modules\.bin;D:\node_modules\.bin;C:\Program Files\nodejs;C:\Users\Shoaib\AppData\Local\Temp\yarn--1665115257571-0.23936286493301173;D:\ReactNativeProjects\CLI\EcommV3\node_modules\.bin;C:\Users\Shoaib\AppData\Local\Yarn\Data\link\node_modules\.bin;C:\Users\Shoaib\AppData\Local\Yarn\bin;C:\Program Files\libexec\lib\node_modules\npm\bin\node-gyp-bin;C:\Program Files\lib\node_modules\npm\bin\node-gyp-bin;C:\Program Files\nodejs\node_modules\npm\bin\node-gyp-bin;C:\app\Shoaib\product\11.2.0\client_1\bin;C:\DevSuiteHome_10g\jdk\jre\bin\classic;C:\DevSuiteHome_10g\jdk\jre\bin;C:\DevSuiteHome_10g\jdk\jre\bin\client;C:\DevSuiteHome_10g\jlib;C:\DevSuiteHome_10g\bin;C:\DevSuiteHome_10g\jre\1.4.2\bin\client;C:\DevSuiteHome_10g\jre\1.4.2\bin;C:\orant\bin;C:\WINDOWS\system32;C:\WINDOWS;C:\WINDOWS\System32\Wbem;C:\WINDOWS\System32\WindowsPowerShell\v1.0\;C:\WINDOWS\System32\OpenSSH\;C:\orant\jdk\bin;C:\Program Files (x86)\PuTTY\;C:\Program Files\nodejs\;C:\ProgramData\chocolatey\bin;C:\Program Files\OpenJDK\openjdk-11.0.16_8\bin;C:\Users\Shoaib\AppData\Local\Microsoft\WindowsApps;C:\Users\Shoaib\AppData\Roaming\npm;C:\Users\Shoaib\AppData\Local\Programs\Microsoft VS Code\bin;C:\Users\Shoaib\AppData\Local\Android\Sdk\platform-tools;
USERNAME=Shoaib
OS=Windows_NT
PROCESSOR_IDENTIFIER=Intel64 Family 6 Model 140 Stepping 1, GenuineIntel
TMP=C:\Users\Shoaib\AppData\Local\Temp
TEMP=C:\Users\Shoaib\AppData\Local\Temp



---------------  S Y S T E M  ---------------

OS: Windows 11 , 64 bit Build 22621 (10.0.22621.457)
OS uptime: 2 days 0:34 hours
Hyper-V role detected

CPU:total 8 (initial active 8) (4 cores per cpu, 2 threads per core) family 6 model 140 stepping 1 microcode 0xa4, cmov, cx8, fxsr, mmx, sse, sse2, sse3, ssse3, sse4.1, sse4.2, popcnt, avx, avx2, aes, clmul, erms, 3dnowpref, lzcnt, ht, tsc, tscinvbit, bmi1, bmi2, adx, evex, sha, fma

Memory: 4k page, system-wide physical 7975M (480M free)
TotalPageFile size 12071M (AvailPageFile size 4M)
current process WorkingSet (physical memory assigned to process): 139M, peak: 139M
current process commit charge ("private bytes"): 252M, peak: 253M

vm_info: OpenJDK 64-Bit Server VM (11.0.16+8) for windows-amd64 JRE (11.0.16+8), built on Jul 17 2022 01:33:05 by "tester" with MS VC++ 15.9 (VS2017)

END.
