#
# There is insufficient memory for the Java Runtime Environment to continue.
# Native memory allocation (malloc) failed to allocate 1228336 bytes for Chunk::new
# Possible reasons:
#   The system is out of physical RAM or swap space
#   The process is running with CompressedOops enabled, and the Java Heap may be blocking the growth of the native heap
# Possible solutions:
#   Reduce memory load on the system
#   Increase physical memory or swap space
#   Check if swap backing store is full
#   Decrease Java heap size (-Xmx/-Xms)
#   Decrease number of Java threads
#   Decrease Java thread stack sizes (-Xss)
#   Set larger code cache with -XX:ReservedCodeCacheSize=
#   JVM is running with Unscaled Compressed Oops mode in which the Java heap is
#     placed in the first 4GB address space. The Java Heap base address is the
#     maximum limit for the native heap growth. Please use -XX:HeapBaseMinAddress
#     to set the Java Heap base and to place the Java Heap above 4GB virtual address.
# This output file may be truncated or incomplete.
#
#  Out of Memory Error (./src/hotspot/share/memory/arena.cpp:197), pid=7940, tid=1796
#
# JRE version: OpenJDK Runtime Environment 18.9 (11.0.16+8) (build 11.0.16+8)
# Java VM: OpenJDK 64-Bit Server VM 18.9 (11.0.16+8, mixed mode, tiered, compressed oops, g1 gc, windows-amd64)
# No core dump will be written. Minidumps are not enabled by default on client versions of Windows
#

---------------  S U M M A R Y ------------

Command Line: org.jetbrains.kotlin.cli.jvm.K2JVMCompiler @D:\ReactNativeProjects\CLI\EcommV3\node_modules\react-native-screens\android\build\20220928_7116227747928488885.compiler.options

Host: 11th Gen Intel(R) Core(TM) i5-1135G7 @ 2.40GHz, 8 cores, 7G,  Windows 11 , 64 bit Build 22621 (10.0.22621.457)
Time: Wed Sep 28 09:08:44 2022 Pakistan Standard Time elapsed time: 30.283612 seconds (0d 0h 0m 30s)

---------------  T H R E A D  ---------------

Current thread (0x0000020aa4d66000):  JavaThread "C2 CompilerThread1" daemon [_thread_in_native, id=1796, stack(0x000000c125f00000,0x000000c126000000)]


Current CompileTask:
C2:  30283 11273       4       org.jetbrains.kotlin.types.KotlinType::equals (56 bytes)

Stack: [0x000000c125f00000,0x000000c126000000]
Native frames: (J=compiled Java code, j=interpreted, Vv=VM code, C=native code)
V  [jvm.dll+0x61a63a]
V  [jvm.dll+0x757439]
V  [jvm.dll+0x758b28]
V  [jvm.dll+0x759203]
V  [jvm.dll+0x24d9a8]
V  [jvm.dll+0xc148c]
V  [jvm.dll+0xc1a4c]
V  [jvm.dll+0x2befd4]
V  [jvm.dll+0x52af12]
V  [jvm.dll+0x20efcb]
V  [jvm.dll+0x208c24]
V  [jvm.dll+0x205dbb]
V  [jvm.dll+0x187ec1]
V  [jvm.dll+0x2156a4]
V  [jvm.dll+0x2138eb]
V  [jvm.dll+0x71a000]
V  [jvm.dll+0x712f34]
V  [jvm.dll+0x6194a5]
C  [ucrtbase.dll+0x29363]
C  [KERNEL32.DLL+0x1244d]
C  [ntdll.dll+0x5df78]


---------------  P R O C E S S  ---------------

Threads class SMR info:
_java_thread_list=0x0000020a9e0be200, length=11, elements={
0x0000020afc61f000, 0x0000020a9d6b9000, 0x0000020a9d6c4800, 0x0000020a9d6d4800,
0x0000020a9d6d6000, 0x0000020a9d6da000, 0x0000020a9d6dc800, 0x0000020a9d6dd800,
0x0000020a9dee4800, 0x0000020a9e099000, 0x0000020aa4d66000
}

Java Threads: ( => current thread )
  0x0000020afc61f000 JavaThread "main" [_thread_in_Java, id=16280, stack(0x000000c124a00000,0x000000c124b00000)]
  0x0000020a9d6b9000 JavaThread "Reference Handler" daemon [_thread_blocked, id=18556, stack(0x000000c125100000,0x000000c125200000)]
  0x0000020a9d6c4800 JavaThread "Finalizer" daemon [_thread_blocked, id=13380, stack(0x000000c125200000,0x000000c125300000)]
  0x0000020a9d6d4800 JavaThread "Signal Dispatcher" daemon [_thread_blocked, id=17632, stack(0x000000c125300000,0x000000c125400000)]
  0x0000020a9d6d6000 JavaThread "Attach Listener" daemon [_thread_blocked, id=12252, stack(0x000000c125400000,0x000000c125500000)]
  0x0000020a9d6da000 JavaThread "Service Thread" daemon [_thread_blocked, id=19736, stack(0x000000c125500000,0x000000c125600000)]
  0x0000020a9d6dc800 JavaThread "C2 CompilerThread0" daemon [_thread_in_native, id=9760, stack(0x000000c125600000,0x000000c125700000)]
  0x0000020a9d6dd800 JavaThread "C1 CompilerThread0" daemon [_thread_in_native, id=13952, stack(0x000000c125700000,0x000000c125800000)]
  0x0000020a9dee4800 JavaThread "Sweeper thread" daemon [_thread_blocked, id=14488, stack(0x000000c125800000,0x000000c125900000)]
  0x0000020a9e099000 JavaThread "Common-Cleaner" daemon [_thread_blocked, id=17696, stack(0x000000c125a00000,0x000000c125b00000)]
=>0x0000020aa4d66000 JavaThread "C2 CompilerThread1" daemon [_thread_in_native, id=1796, stack(0x000000c125f00000,0x000000c126000000)]

Other Threads:
  0x0000020a9d695000 VMThread "VM Thread" [stack: 0x000000c125000000,0x000000c125100000] [id=4668]
  0x0000020a9e08f800 WatcherThread [stack: 0x000000c125900000,0x000000c125a00000] [id=20316]
  0x0000020afc635000 GCTaskThread "GC Thread#0" [stack: 0x000000c124b00000,0x000000c124c00000] [id=19760]
  0x0000020a9e4ff000 GCTaskThread "GC Thread#1" [stack: 0x000000c125b00000,0x000000c125c00000] [id=15956]
  0x0000020a9e503000 GCTaskThread "GC Thread#2" [stack: 0x000000c125c00000,0x000000c125d00000] [id=16940]
  0x0000020afc666800 ConcurrentGCThread "G1 Main Marker" [stack: 0x000000c124c00000,0x000000c124d00000] [id=14120]
  0x0000020afc66a800 ConcurrentGCThread "G1 Conc#0" [stack: 0x000000c124d00000,0x000000c124e00000] [id=18240]
  0x0000020a9e504000 ConcurrentGCThread "G1 Conc#1" [stack: 0x000000c125d00000,0x000000c125e00000] [id=16260]
  0x0000020a9d500800 ConcurrentGCThread "G1 Refine#0" [stack: 0x000000c124e00000,0x000000c124f00000] [id=16840]
  0x0000020a9f596800 ConcurrentGCThread "G1 Refine#1" [stack: 0x000000c125e00000,0x000000c125f00000] [id=10696]
  0x0000020afc6ed800 ConcurrentGCThread "G1 Young RemSet Sampling" [stack: 0x000000c124f00000,0x000000c125000000] [id=5956]

Threads with active compile tasks:
C2 CompilerThread0    30301 11354       4       org.jetbrains.kotlin.com.intellij.psi.impl.source.tree.CompositeElement::getPsi (46 bytes)
C1 CompilerThread0    30301 11345       3       org.jetbrains.kotlin.types.AbstractTypeApproximator::approximateParametrizedType (1361 bytes)
C2 CompilerThread1    30301 11273       4       org.jetbrains.kotlin.types.KotlinType::equals (56 bytes)

VM state:not at safepoint (normal execution)

VM Mutex/Monitor currently owned by a thread: None

Heap address: 0x0000000083600000, size: 1994 MB, Compressed Oops mode: 32-bit
Narrow klass base: 0x0000000000000000, Narrow klass shift: 3
Compressed class space size: 1073741824 Address: 0x0000000100000000

Heap:
 garbage-first heap   total 155648K, used 110573K [0x0000000083600000, 0x0000000100000000)
  region size 1024K, 47 young (48128K), 7 survivors (7168K)
 Metaspace       used 69153K, capacity 70024K, committed 70272K, reserved 1112064K
  class space    used 7628K, capacity 7985K, committed 8064K, reserved 1048576K
Heap Regions: E=young(eden), S=young(survivor), O=old, HS=humongous(starts), HC=humongous(continues), CS=collection set, F=free, A=archive, TAMS=top-at-mark-start (previous, next)
|   0|0x0000000083600000, 0x0000000083700000, 0x0000000083700000|100%|HS|  |TAMS 0x0000000083700000, 0x0000000083600000| Complete 
|   1|0x0000000083700000, 0x0000000083800000, 0x0000000083800000|100%|HC|  |TAMS 0x0000000083800000, 0x0000000083700000| Complete 
|   2|0x0000000083800000, 0x0000000083900000, 0x0000000083900000|100%|HC|  |TAMS 0x0000000083900000, 0x0000000083800000| Complete 
|   3|0x0000000083900000, 0x0000000083a00000, 0x0000000083a00000|100%|HS|  |TAMS 0x0000000083a00000, 0x0000000083900000| Complete 
|   4|0x0000000083a00000, 0x0000000083b00000, 0x0000000083b00000|100%|HC|  |TAMS 0x0000000083b00000, 0x0000000083a00000| Complete 
|   5|0x0000000083b00000, 0x0000000083c00000, 0x0000000083c00000|100%|HC|  |TAMS 0x0000000083c00000, 0x0000000083b00000| Complete 
|   6|0x0000000083c00000, 0x0000000083d00000, 0x0000000083d00000|100%|HS|  |TAMS 0x0000000083d00000, 0x0000000083c00000| Complete 
|   7|0x0000000083d00000, 0x0000000083e00000, 0x0000000083e00000|100%|HC|  |TAMS 0x0000000083e00000, 0x0000000083d00000| Complete 
|   8|0x0000000083e00000, 0x0000000083f00000, 0x0000000083f00000|100%| O|  |TAMS 0x0000000083f00000, 0x0000000083e00000| Untracked 
|   9|0x0000000083f00000, 0x0000000084000000, 0x0000000084000000|100%| O|  |TAMS 0x0000000084000000, 0x0000000083f00000| Untracked 
|  10|0x0000000084000000, 0x0000000084100000, 0x0000000084100000|100%| O|  |TAMS 0x0000000084100000, 0x0000000084000000| Untracked 
|  11|0x0000000084100000, 0x0000000084200000, 0x0000000084200000|100%| O|  |TAMS 0x0000000084200000, 0x0000000084100000| Untracked 
|  12|0x0000000084200000, 0x0000000084300000, 0x0000000084300000|100%| O|  |TAMS 0x0000000084300000, 0x0000000084200000| Untracked 
|  13|0x0000000084300000, 0x0000000084400000, 0x0000000084400000|100%| O|  |TAMS 0x0000000084400000, 0x0000000084300000| Untracked 
|  14|0x0000000084400000, 0x0000000084500000, 0x0000000084500000|100%| O|  |TAMS 0x0000000084500000, 0x0000000084400000| Untracked 
|  15|0x0000000084500000, 0x0000000084600000, 0x0000000084600000|100%| O|  |TAMS 0x0000000084600000, 0x0000000084500000| Untracked 
|  16|0x0000000084600000, 0x0000000084700000, 0x0000000084700000|100%| O|  |TAMS 0x0000000084700000, 0x0000000084600000| Untracked 
|  17|0x0000000084700000, 0x0000000084800000, 0x0000000084800000|100%| O|  |TAMS 0x0000000084800000, 0x0000000084700000| Untracked 
|  18|0x0000000084800000, 0x0000000084900000, 0x0000000084900000|100%| O|  |TAMS 0x0000000084900000, 0x0000000084800000| Untracked 
|  19|0x0000000084900000, 0x0000000084a00000, 0x0000000084a00000|100%| O|  |TAMS 0x0000000084a00000, 0x0000000084900000| Untracked 
|  20|0x0000000084a00000, 0x0000000084b00000, 0x0000000084b00000|100%| O|  |TAMS 0x0000000084b00000, 0x0000000084a00000| Untracked 
|  21|0x0000000084b00000, 0x0000000084c00000, 0x0000000084c00000|100%| O|  |TAMS 0x0000000084c00000, 0x0000000084b00000| Untracked 
|  22|0x0000000084c00000, 0x0000000084d00000, 0x0000000084d00000|100%| O|  |TAMS 0x0000000084d00000, 0x0000000084c00000| Untracked 
|  23|0x0000000084d00000, 0x0000000084e00000, 0x0000000084e00000|100%| O|  |TAMS 0x0000000084e00000, 0x0000000084d00000| Untracked 
|  24|0x0000000084e00000, 0x0000000084f00000, 0x0000000084f00000|100%| O|  |TAMS 0x0000000084f00000, 0x0000000084e00000| Untracked 
|  25|0x0000000084f00000, 0x0000000085000000, 0x0000000085000000|100%| O|  |TAMS 0x0000000085000000, 0x0000000084f00000| Untracked 
|  26|0x0000000085000000, 0x0000000085100000, 0x0000000085100000|100%| O|  |TAMS 0x0000000085100000, 0x0000000085000000| Untracked 
|  27|0x0000000085100000, 0x0000000085200000, 0x0000000085200000|100%| O|  |TAMS 0x0000000085200000, 0x0000000085100000| Untracked 
|  28|0x0000000085200000, 0x0000000085300000, 0x0000000085300000|100%| O|  |TAMS 0x0000000085300000, 0x0000000085200000| Untracked 
|  29|0x0000000085300000, 0x0000000085400000, 0x0000000085400000|100%| O|  |TAMS 0x0000000085400000, 0x0000000085300000| Untracked 
|  30|0x0000000085400000, 0x0000000085500000, 0x0000000085500000|100%| O|  |TAMS 0x0000000085500000, 0x0000000085400000| Untracked 
|  31|0x0000000085500000, 0x0000000085600000, 0x0000000085600000|100%| O|  |TAMS 0x0000000085600000, 0x0000000085500000| Untracked 
|  32|0x0000000085600000, 0x0000000085700000, 0x0000000085700000|100%| O|  |TAMS 0x0000000085700000, 0x0000000085600000| Untracked 
|  33|0x0000000085700000, 0x0000000085800000, 0x0000000085800000|100%| O|  |TAMS 0x0000000085800000, 0x0000000085700000| Untracked 
|  34|0x0000000085800000, 0x0000000085900000, 0x0000000085900000|100%| O|  |TAMS 0x0000000085900000, 0x0000000085800000| Untracked 
|  35|0x0000000085900000, 0x0000000085a00000, 0x0000000085a00000|100%| O|  |TAMS 0x0000000085a00000, 0x0000000085900000| Untracked 
|  36|0x0000000085a00000, 0x0000000085b00000, 0x0000000085b00000|100%| O|  |TAMS 0x0000000085b00000, 0x0000000085a00000| Untracked 
|  37|0x0000000085b00000, 0x0000000085c00000, 0x0000000085c00000|100%| O|  |TAMS 0x0000000085b78600, 0x0000000085b00000| Untracked 
|  38|0x0000000085c00000, 0x0000000085d00000, 0x0000000085d00000|100%| O|  |TAMS 0x0000000085c00000, 0x0000000085c00000| Untracked 
|  39|0x0000000085d00000, 0x0000000085e00000, 0x0000000085e00000|100%| O|  |TAMS 0x0000000085d00000, 0x0000000085d00000| Untracked 
|  40|0x0000000085e00000, 0x0000000085f00000, 0x0000000085f00000|100%| O|  |TAMS 0x0000000085e00000, 0x0000000085e00000| Untracked 
|  41|0x0000000085f00000, 0x0000000086000000, 0x0000000086000000|100%| O|  |TAMS 0x0000000085f00000, 0x0000000085f00000| Untracked 
|  42|0x0000000086000000, 0x0000000086100000, 0x0000000086100000|100%| O|  |TAMS 0x0000000086000000, 0x0000000086000000| Untracked 
|  43|0x0000000086100000, 0x0000000086200000, 0x0000000086200000|100%| O|  |TAMS 0x0000000086100000, 0x0000000086100000| Untracked 
|  44|0x0000000086200000, 0x0000000086300000, 0x0000000086300000|100%| O|  |TAMS 0x0000000086200000, 0x0000000086200000| Untracked 
|  45|0x0000000086300000, 0x0000000086400000, 0x0000000086400000|100%| O|  |TAMS 0x0000000086300000, 0x0000000086300000| Untracked 
|  46|0x0000000086400000, 0x0000000086500000, 0x0000000086500000|100%| O|  |TAMS 0x0000000086400000, 0x0000000086400000| Untracked 
|  47|0x0000000086500000, 0x0000000086600000, 0x0000000086600000|100%| O|  |TAMS 0x0000000086500000, 0x0000000086500000| Untracked 
|  48|0x0000000086600000, 0x0000000086700000, 0x0000000086700000|100%| O|  |TAMS 0x0000000086600000, 0x0000000086600000| Untracked 
|  49|0x0000000086700000, 0x0000000086800000, 0x0000000086800000|100%| O|  |TAMS 0x0000000086700000, 0x0000000086700000| Untracked 
|  50|0x0000000086800000, 0x0000000086900000, 0x0000000086900000|100%| O|  |TAMS 0x0000000086800000, 0x0000000086800000| Untracked 
|  51|0x0000000086900000, 0x0000000086a00000, 0x0000000086a00000|100%| O|  |TAMS 0x0000000086900000, 0x0000000086900000| Untracked 
|  52|0x0000000086a00000, 0x0000000086b00000, 0x0000000086b00000|100%| O|  |TAMS 0x0000000086a00000, 0x0000000086a00000| Untracked 
|  53|0x0000000086b00000, 0x0000000086c00000, 0x0000000086c00000|100%| O|  |TAMS 0x0000000086b00000, 0x0000000086b00000| Untracked 
|  54|0x0000000086c00000, 0x0000000086d00000, 0x0000000086d00000|100%| O|  |TAMS 0x0000000086c00000, 0x0000000086c00000| Untracked 
|  55|0x0000000086d00000, 0x0000000086e00000, 0x0000000086e00000|100%| O|  |TAMS 0x0000000086d00000, 0x0000000086d00000| Untracked 
|  56|0x0000000086e00000, 0x0000000086f00000, 0x0000000086f00000|100%| O|  |TAMS 0x0000000086e00000, 0x0000000086e00000| Untracked 
|  57|0x0000000086f00000, 0x0000000087000000, 0x0000000087000000|100%| O|  |TAMS 0x0000000086f00000, 0x0000000086f00000| Untracked 
|  58|0x0000000087000000, 0x0000000087100000, 0x0000000087100000|100%| O|  |TAMS 0x0000000087000000, 0x0000000087000000| Untracked 
|  59|0x0000000087100000, 0x0000000087100000, 0x0000000087200000|  0%| F|  |TAMS 0x0000000087100000, 0x0000000087100000| Untracked 
|  60|0x0000000087200000, 0x00000000872fb600, 0x0000000087300000| 98%| O|  |TAMS 0x0000000087200000, 0x0000000087200000| Untracked 
|  61|0x0000000087300000, 0x0000000087400000, 0x0000000087400000|100%|HS|  |TAMS 0x0000000087300000, 0x0000000087300000| Complete 
|  62|0x0000000087400000, 0x0000000087500000, 0x0000000087500000|100%|HC|  |TAMS 0x0000000087400000, 0x0000000087400000| Complete 
|  63|0x0000000087500000, 0x0000000087500000, 0x0000000087600000|  0%| F|  |TAMS 0x0000000087500000, 0x0000000087500000| Untracked 
|  64|0x0000000087600000, 0x0000000087600000, 0x0000000087700000|  0%| F|  |TAMS 0x0000000087600000, 0x0000000087600000| Untracked 
|  65|0x0000000087700000, 0x0000000087700000, 0x0000000087800000|  0%| F|  |TAMS 0x0000000087700000, 0x0000000087700000| Untracked 
|  66|0x0000000087800000, 0x0000000087800000, 0x0000000087900000|  0%| F|  |TAMS 0x0000000087800000, 0x0000000087800000| Untracked 
|  67|0x0000000087900000, 0x0000000087900000, 0x0000000087a00000|  0%| F|  |TAMS 0x0000000087900000, 0x0000000087900000| Untracked 
|  68|0x0000000087a00000, 0x0000000087a00000, 0x0000000087b00000|  0%| F|  |TAMS 0x0000000087a00000, 0x0000000087a00000| Untracked 
|  69|0x0000000087b00000, 0x0000000087b00000, 0x0000000087c00000|  0%| F|  |TAMS 0x0000000087b00000, 0x0000000087b00000| Untracked 
|  70|0x0000000087c00000, 0x0000000087c00000, 0x0000000087d00000|  0%| F|  |TAMS 0x0000000087c00000, 0x0000000087c00000| Untracked 
|  71|0x0000000087d00000, 0x0000000087d00000, 0x0000000087e00000|  0%| F|  |TAMS 0x0000000087d00000, 0x0000000087d00000| Untracked 
|  72|0x0000000087e00000, 0x0000000087e00000, 0x0000000087f00000|  0%| F|  |TAMS 0x0000000087e00000, 0x0000000087e00000| Untracked 
|  73|0x0000000087f00000, 0x0000000087f00000, 0x0000000088000000|  0%| F|  |TAMS 0x0000000087f00000, 0x0000000087f00000| Untracked 
|  74|0x0000000088000000, 0x0000000088000000, 0x0000000088100000|  0%| F|  |TAMS 0x0000000088000000, 0x0000000088000000| Untracked 
|  75|0x0000000088100000, 0x0000000088100000, 0x0000000088200000|  0%| F|  |TAMS 0x0000000088100000, 0x0000000088100000| Untracked 
|  76|0x0000000088200000, 0x0000000088200000, 0x0000000088300000|  0%| F|  |TAMS 0x0000000088200000, 0x0000000088200000| Untracked 
|  77|0x0000000088300000, 0x0000000088300000, 0x0000000088400000|  0%| F|  |TAMS 0x0000000088300000, 0x0000000088300000| Untracked 
|  78|0x0000000088400000, 0x0000000088400000, 0x0000000088500000|  0%| F|  |TAMS 0x0000000088400000, 0x0000000088400000| Untracked 
|  79|0x0000000088500000, 0x0000000088500000, 0x0000000088600000|  0%| F|  |TAMS 0x0000000088500000, 0x0000000088500000| Untracked 
|  80|0x0000000088600000, 0x0000000088600000, 0x0000000088700000|  0%| F|  |TAMS 0x0000000088600000, 0x0000000088600000| Untracked 
|  81|0x0000000088700000, 0x0000000088700000, 0x0000000088800000|  0%| F|  |TAMS 0x0000000088700000, 0x0000000088700000| Untracked 
|  82|0x0000000088800000, 0x0000000088800000, 0x0000000088900000|  0%| F|  |TAMS 0x0000000088800000, 0x0000000088800000| Untracked 
|  83|0x0000000088900000, 0x0000000088900000, 0x0000000088a00000|  0%| F|  |TAMS 0x0000000088900000, 0x0000000088900000| Untracked 
|  84|0x0000000088a00000, 0x0000000088a00000, 0x0000000088b00000|  0%| F|  |TAMS 0x0000000088a00000, 0x0000000088a00000| Untracked 
|  85|0x0000000088b00000, 0x0000000088b00000, 0x0000000088c00000|  0%| F|  |TAMS 0x0000000088b00000, 0x0000000088b00000| Untracked 
|  86|0x0000000088c00000, 0x0000000088c00000, 0x0000000088d00000|  0%| F|  |TAMS 0x0000000088c00000, 0x0000000088c00000| Untracked 
|  87|0x0000000088d00000, 0x0000000088d00000, 0x0000000088e00000|  0%| F|  |TAMS 0x0000000088d00000, 0x0000000088d00000| Untracked 
|  88|0x0000000088e00000, 0x0000000088e00000, 0x0000000088f00000|  0%| F|  |TAMS 0x0000000088e00000, 0x0000000088e00000| Untracked 
|  89|0x0000000088f00000, 0x0000000088f00000, 0x0000000089000000|  0%| F|  |TAMS 0x0000000088f00000, 0x0000000088f00000| Untracked 
|  90|0x0000000089000000, 0x0000000089000000, 0x0000000089100000|  0%| F|  |TAMS 0x0000000089000000, 0x0000000089000000| Untracked 
|  91|0x0000000089100000, 0x0000000089200000, 0x0000000089200000|100%| S|CS|TAMS 0x0000000089100000, 0x0000000089100000| Complete 
|  92|0x0000000089200000, 0x0000000089300000, 0x0000000089300000|100%| S|CS|TAMS 0x0000000089200000, 0x0000000089200000| Complete 
|  93|0x0000000089300000, 0x0000000089400000, 0x0000000089400000|100%| S|CS|TAMS 0x0000000089300000, 0x0000000089300000| Complete 
|  94|0x0000000089400000, 0x0000000089500000, 0x0000000089500000|100%| S|CS|TAMS 0x0000000089400000, 0x0000000089400000| Complete 
|  95|0x0000000089500000, 0x0000000089600000, 0x0000000089600000|100%| S|CS|TAMS 0x0000000089500000, 0x0000000089500000| Complete 
|  96|0x0000000089600000, 0x0000000089700000, 0x0000000089700000|100%| S|CS|TAMS 0x0000000089600000, 0x0000000089600000| Complete 
|  97|0x0000000089700000, 0x0000000089800000, 0x0000000089800000|100%| S|CS|TAMS 0x0000000089700000, 0x0000000089700000| Complete 
|  98|0x0000000089800000, 0x0000000089800000, 0x0000000089900000|  0%| F|  |TAMS 0x0000000089800000, 0x0000000089800000| Untracked 
|  99|0x0000000089900000, 0x0000000089900000, 0x0000000089a00000|  0%| F|  |TAMS 0x0000000089900000, 0x0000000089900000| Untracked 
| 100|0x0000000089a00000, 0x0000000089a00000, 0x0000000089b00000|  0%| F|  |TAMS 0x0000000089a00000, 0x0000000089a00000| Untracked 
| 101|0x0000000089b00000, 0x0000000089b00000, 0x0000000089c00000|  0%| F|  |TAMS 0x0000000089b00000, 0x0000000089b00000| Untracked 
| 102|0x0000000089c00000, 0x0000000089c00000, 0x0000000089d00000|  0%| F|  |TAMS 0x0000000089c00000, 0x0000000089c00000| Untracked 
| 103|0x0000000089d00000, 0x0000000089d00000, 0x0000000089e00000|  0%| F|  |TAMS 0x0000000089d00000, 0x0000000089d00000| Untracked 
| 104|0x0000000089e00000, 0x0000000089e00000, 0x0000000089f00000|  0%| F|  |TAMS 0x0000000089e00000, 0x0000000089e00000| Untracked 
| 105|0x0000000089f00000, 0x0000000089f00000, 0x000000008a000000|  0%| F|  |TAMS 0x0000000089f00000, 0x0000000089f00000| Untracked 
| 106|0x000000008a000000, 0x000000008a000000, 0x000000008a100000|  0%| F|  |TAMS 0x000000008a000000, 0x000000008a000000| Untracked 
| 107|0x000000008a100000, 0x000000008a100000, 0x000000008a200000|  0%| F|  |TAMS 0x000000008a100000, 0x000000008a100000| Untracked 
| 108|0x000000008a200000, 0x000000008a200000, 0x000000008a300000|  0%| F|  |TAMS 0x000000008a200000, 0x000000008a200000| Untracked 
| 109|0x000000008a300000, 0x000000008a300000, 0x000000008a400000|  0%| F|  |TAMS 0x000000008a300000, 0x000000008a300000| Untracked 
| 110|0x000000008a400000, 0x000000008a400000, 0x000000008a500000|  0%| F|  |TAMS 0x000000008a400000, 0x000000008a400000| Untracked 
| 111|0x000000008a500000, 0x000000008a500000, 0x000000008a600000|  0%| F|  |TAMS 0x000000008a500000, 0x000000008a500000| Untracked 
| 112|0x000000008a600000, 0x000000008a700000, 0x000000008a700000|100%| E|  |TAMS 0x000000008a600000, 0x000000008a600000| Complete 
| 113|0x000000008a700000, 0x000000008a800000, 0x000000008a800000|100%| E|CS|TAMS 0x000000008a700000, 0x000000008a700000| Complete 
| 114|0x000000008a800000, 0x000000008a900000, 0x000000008a900000|100%| E|CS|TAMS 0x000000008a800000, 0x000000008a800000| Complete 
| 115|0x000000008a900000, 0x000000008aa00000, 0x000000008aa00000|100%| E|CS|TAMS 0x000000008a900000, 0x000000008a900000| Complete 
| 116|0x000000008aa00000, 0x000000008ab00000, 0x000000008ab00000|100%| E|CS|TAMS 0x000000008aa00000, 0x000000008aa00000| Complete 
| 117|0x000000008ab00000, 0x000000008ac00000, 0x000000008ac00000|100%| E|CS|TAMS 0x000000008ab00000, 0x000000008ab00000| Complete 
| 118|0x000000008ac00000, 0x000000008ad00000, 0x000000008ad00000|100%| E|CS|TAMS 0x000000008ac00000, 0x000000008ac00000| Complete 
| 119|0x000000008ad00000, 0x000000008ae00000, 0x000000008ae00000|100%| E|CS|TAMS 0x000000008ad00000, 0x000000008ad00000| Complete 
| 120|0x000000008ae00000, 0x000000008af00000, 0x000000008af00000|100%| E|CS|TAMS 0x000000008ae00000, 0x000000008ae00000| Complete 
| 121|0x000000008af00000, 0x000000008b000000, 0x000000008b000000|100%| E|CS|TAMS 0x000000008af00000, 0x000000008af00000| Complete 
| 122|0x000000008b000000, 0x000000008b100000, 0x000000008b100000|100%| E|CS|TAMS 0x000000008b000000, 0x000000008b000000| Complete 
| 123|0x000000008b100000, 0x000000008b200000, 0x000000008b200000|100%| E|CS|TAMS 0x000000008b100000, 0x000000008b100000| Complete 
| 124|0x000000008b200000, 0x000000008b300000, 0x000000008b300000|100%| E|CS|TAMS 0x000000008b200000, 0x000000008b200000| Complete 
| 125|0x000000008b300000, 0x000000008b400000, 0x000000008b400000|100%| E|CS|TAMS 0x000000008b300000, 0x000000008b300000| Complete 
| 126|0x000000008b400000, 0x000000008b500000, 0x000000008b500000|100%| E|CS|TAMS 0x000000008b400000, 0x000000008b400000| Complete 
| 127|0x000000008b500000, 0x000000008b600000, 0x000000008b600000|100%| E|CS|TAMS 0x000000008b500000, 0x000000008b500000| Complete 
| 128|0x000000008b600000, 0x000000008b700000, 0x000000008b700000|100%| E|CS|TAMS 0x000000008b600000, 0x000000008b600000| Complete 
| 129|0x000000008b700000, 0x000000008b800000, 0x000000008b800000|100%| E|CS|TAMS 0x000000008b700000, 0x000000008b700000| Complete 
| 130|0x000000008b800000, 0x000000008b900000, 0x000000008b900000|100%| E|CS|TAMS 0x000000008b800000, 0x000000008b800000| Complete 
| 131|0x000000008b900000, 0x000000008ba00000, 0x000000008ba00000|100%| E|CS|TAMS 0x000000008b900000, 0x000000008b900000| Complete 
| 132|0x000000008ba00000, 0x000000008bb00000, 0x000000008bb00000|100%| E|CS|TAMS 0x000000008ba00000, 0x000000008ba00000| Complete 
| 133|0x000000008bb00000, 0x000000008bc00000, 0x000000008bc00000|100%| E|CS|TAMS 0x000000008bb00000, 0x000000008bb00000| Complete 
| 134|0x000000008bc00000, 0x000000008bd00000, 0x000000008bd00000|100%| E|CS|TAMS 0x000000008bc00000, 0x000000008bc00000| Complete 
| 135|0x000000008bd00000, 0x000000008be00000, 0x000000008be00000|100%| E|CS|TAMS 0x000000008bd00000, 0x000000008bd00000| Complete 
| 136|0x000000008be00000, 0x000000008bf00000, 0x000000008bf00000|100%| E|CS|TAMS 0x000000008be00000, 0x000000008be00000| Complete 
| 137|0x000000008bf00000, 0x000000008c000000, 0x000000008c000000|100%| E|CS|TAMS 0x000000008bf00000, 0x000000008bf00000| Complete 
| 138|0x000000008c000000, 0x000000008c100000, 0x000000008c100000|100%| E|CS|TAMS 0x000000008c000000, 0x000000008c000000| Complete 
| 139|0x000000008c100000, 0x000000008c200000, 0x000000008c200000|100%| E|CS|TAMS 0x000000008c100000, 0x000000008c100000| Complete 
| 140|0x000000008c200000, 0x000000008c300000, 0x000000008c300000|100%| E|CS|TAMS 0x000000008c200000, 0x000000008c200000| Complete 
| 141|0x000000008c300000, 0x000000008c400000, 0x000000008c400000|100%| E|CS|TAMS 0x000000008c300000, 0x000000008c300000| Complete 
| 142|0x000000008c400000, 0x000000008c500000, 0x000000008c500000|100%| E|CS|TAMS 0x000000008c400000, 0x000000008c400000| Complete 
| 143|0x000000008c500000, 0x000000008c600000, 0x000000008c600000|100%| E|CS|TAMS 0x000000008c500000, 0x000000008c500000| Complete 
| 144|0x000000008c600000, 0x000000008c700000, 0x000000008c700000|100%| E|CS|TAMS 0x000000008c600000, 0x000000008c600000| Complete 
| 145|0x000000008c700000, 0x000000008c800000, 0x000000008c800000|100%| E|CS|TAMS 0x000000008c700000, 0x000000008c700000| Complete 
| 146|0x000000008c800000, 0x000000008c900000, 0x000000008c900000|100%| E|CS|TAMS 0x000000008c800000, 0x000000008c800000| Complete 
| 147|0x000000008c900000, 0x000000008ca00000, 0x000000008ca00000|100%| E|CS|TAMS 0x000000008c900000, 0x000000008c900000| Complete 
| 148|0x000000008ca00000, 0x000000008cb00000, 0x000000008cb00000|100%| E|CS|TAMS 0x000000008ca00000, 0x000000008ca00000| Complete 
| 149|0x000000008cb00000, 0x000000008cc00000, 0x000000008cc00000|100%| E|CS|TAMS 0x000000008cb00000, 0x000000008cb00000| Complete 
| 150|0x000000008cc00000, 0x000000008cd00000, 0x000000008cd00000|100%| E|CS|TAMS 0x000000008cc00000, 0x000000008cc00000| Complete 
| 151|0x000000008cd00000, 0x000000008ce00000, 0x000000008ce00000|100%| E|CS|TAMS 0x000000008cd00000, 0x000000008cd00000| Complete 

Card table byte_map: [0x0000020afed40000,0x0000020aff130000] _byte_map_base: 0x0000020afe925000

Marking Bits (Prev, Next): (CMBitMap*) 0x0000020afc65dbb0, (CMBitMap*) 0x0000020afc65db78
 Prev Bits: [0x0000020a995b0000, 0x0000020a9b4d8000)
 Next Bits: [0x0000020a97680000, 0x0000020a995a8000)

Polling page: 0x0000020afc6f0000

Metaspace:

Usage:
  Non-class:     60.58 MB capacity,    60.08 MB (>99%) used,   389.02 KB ( <1%) free+waste,   125.06 KB ( <1%) overhead. 
      Class:      7.80 MB capacity,     7.45 MB ( 96%) used,   302.37 KB (  4%) free+waste,    53.94 KB ( <1%) overhead. 
       Both:     68.38 MB capacity,    67.53 MB ( 99%) used,   691.39 KB ( <1%) free+waste,   179.00 KB ( <1%) overhead. 

Virtual space:
  Non-class space:       62.00 MB reserved,      60.75 MB ( 98%) committed 
      Class space:        1.00 GB reserved,       7.88 MB ( <1%) committed 
             Both:        1.06 GB reserved,      68.63 MB (  6%) committed 

Chunk freelists:
   Non-Class:  41.00 KB
       Class:  15.00 KB
        Both:  56.00 KB

MaxMetaspaceSize: 17179869184.00 GB
CompressedClassSpaceSize: 1.00 GB
Initial GC threshold: 20.80 MB
Current GC threshold: 98.34 MB
CDS: off

CodeHeap 'non-profiled nmethods': size=120000Kb used=6279Kb max_used=6279Kb free=113720Kb
 bounds [0x0000020a90150000, 0x0000020a90780000, 0x0000020a97680000]
CodeHeap 'profiled nmethods': size=120000Kb used=33070Kb max_used=33070Kb free=86929Kb
 bounds [0x0000020a88c20000, 0x0000020a8ac70000, 0x0000020a90150000]
CodeHeap 'non-nmethods': size=5760Kb used=1316Kb max_used=1417Kb free=4444Kb
 bounds [0x0000020a88680000, 0x0000020a888f0000, 0x0000020a88c20000]
 total_blobs=11731 nmethods=11139 adapters=501
 compilation: enabled
              stopped_count=0, restarted_count=0
 full_count=0

Compilation events (20 events):
Event: 30.223 Thread 0x0000020a9d6dc800 11343       4       org.jetbrains.kotlin.utils.SmartList$SingletonIteratorBase::<init> (5 bytes)
Event: 30.224 Thread 0x0000020a9d6dd800 11345       3       org.jetbrains.kotlin.types.AbstractTypeApproximator::approximateParametrizedType (1361 bytes)
Event: 30.224 Thread 0x0000020a9d6dc800 nmethod 11343 0x0000020a9076fa90 code [0x0000020a9076fc20, 0x0000020a9076fc78]
Event: 30.224 Thread 0x0000020a9d6dc800 11307       4       org.jetbrains.kotlin.utils.SmartList$SingletonIteratorBase::next (29 bytes)
Event: 30.225 Thread 0x0000020a9d6dc800 nmethod 11307 0x0000020a9076fd90 code [0x0000020a9076ff20, 0x0000020a9076ffd8]
Event: 30.225 Thread 0x0000020a9d6dc800 11325       4       kotlin.sequences.FilteringSequence::<init> (32 bytes)
Event: 30.231 Thread 0x0000020a9d6dc800 nmethod 11325 0x0000020a90770110 code [0x0000020a907702a0, 0x0000020a907704d8]
Event: 30.231 Thread 0x0000020a9d6dc800 11322       4       org.jetbrains.kotlin.psi.psiUtil.PsiUtilsKt$parentsWithSelf$1::invoke (9 bytes)
Event: 30.233 Thread 0x0000020a9d6dc800 nmethod 11322 0x0000020a90770610 code [0x0000020a907707a0, 0x0000020a907708d8]
Event: 30.233 Thread 0x0000020a9d6dc800 10784       4       kotlin.collections.CollectionsKt___CollectionsKt::lastOrNull (34 bytes)
Event: 30.260 Thread 0x0000020a9d6dc800 nmethod 10784 0x0000020a90770a10 code [0x0000020a90770bc0, 0x0000020a90770d38]
Event: 30.261 Thread 0x0000020a9d6dc800 11349       4       org.jetbrains.kotlin.types.DelegatingSimpleType::isMarkedNullable (8 bytes)
Event: 30.262 Thread 0x0000020a9d6dc800 nmethod 11349 0x0000020a90770f10 code [0x0000020a907710c0, 0x0000020a90771178]
Event: 30.262 Thread 0x0000020a9d6dc800 11348       4       org.jetbrains.kotlin.resolve.BindingContextUtils$$Lambda$377/0x0000000100707c40::invoke (18 bytes)
Event: 30.264 Thread 0x0000020a9d6dc800 nmethod 11348 0x0000020a90771290 code [0x0000020a90771440, 0x0000020a907715a8]
Event: 30.264 Thread 0x0000020a9d6dc800 11339       4       org.jetbrains.kotlin.resolve.calls.inference.model.NewConstraintSystemImpl::newTypeCheckerState (12 bytes)
Event: 30.267 Thread 0x0000020a9d6dc800 nmethod 11339 0x0000020a90771790 code [0x0000020a90771920, 0x0000020a907719b8]
Event: 30.268 Thread 0x0000020a9d6dc800 11353       4       org.jetbrains.kotlin.resolve.calls.util.CallMaker$CallImpl::getCallElement (14 bytes)
Event: 30.269 Thread 0x0000020a9d6dc800 nmethod 11353 0x0000020a90771a90 code [0x0000020a90771c20, 0x0000020a90771c98]
Event: 30.271 Thread 0x0000020a9d6dc800 11354       4       org.jetbrains.kotlin.com.intellij.psi.impl.source.tree.CompositeElement::getPsi (46 bytes)

GC Heap History (20 events):
Event: 7.013 GC heap before
{Heap before GC invocations=4 (full 0):
 garbage-first heap   total 129024K, used 23671K [0x0000000083600000, 0x0000000100000000)
  region size 1024K, 10 young (10240K), 7 survivors (7168K)
 Metaspace       used 32941K, capacity 33375K, committed 33536K, reserved 1079296K
  class space    used 4066K, capacity 4246K, committed 4352K, reserved 1048576K
}
Event: 7.027 GC heap after
{Heap after GC invocations=5 (full 0):
 garbage-first heap   total 129024K, used 21869K [0x0000000083600000, 0x0000000100000000)
  region size 1024K, 1 young (1024K), 1 survivors (1024K)
 Metaspace       used 32941K, capacity 33375K, committed 33536K, reserved 1079296K
  class space    used 4066K, capacity 4246K, committed 4352K, reserved 1048576K
}
Event: 7.591 GC heap before
{Heap before GC invocations=5 (full 0):
 garbage-first heap   total 129024K, used 32109K [0x0000000083600000, 0x0000000100000000)
  region size 1024K, 12 young (12288K), 1 survivors (1024K)
 Metaspace       used 35276K, capacity 35690K, committed 35840K, reserved 1081344K
  class space    used 4307K, capacity 4506K, committed 4608K, reserved 1048576K
}
Event: 7.596 GC heap after
{Heap after GC invocations=6 (full 0):
 garbage-first heap   total 129024K, used 22345K [0x0000000083600000, 0x0000000100000000)
  region size 1024K, 2 young (2048K), 2 survivors (2048K)
 Metaspace       used 35276K, capacity 35690K, committed 35840K, reserved 1081344K
  class space    used 4307K, capacity 4506K, committed 4608K, reserved 1048576K
}
Event: 9.986 GC heap before
{Heap before GC invocations=7 (full 0):
 garbage-first heap   total 129024K, used 68425K [0x0000000083600000, 0x0000000100000000)
  region size 1024K, 47 young (48128K), 2 survivors (2048K)
 Metaspace       used 44854K, capacity 45310K, committed 45440K, reserved 1089536K
  class space    used 5249K, capacity 5444K, committed 5504K, reserved 1048576K
}
Event: 9.997 GC heap after
{Heap after GC invocations=8 (full 0):
 garbage-first heap   total 129024K, used 26926K [0x0000000083600000, 0x0000000100000000)
  region size 1024K, 6 young (6144K), 6 survivors (6144K)
 Metaspace       used 44854K, capacity 45310K, committed 45440K, reserved 1089536K
  class space    used 5249K, capacity 5444K, committed 5504K, reserved 1048576K
}
Event: 12.034 GC heap before
{Heap before GC invocations=8 (full 0):
 garbage-first heap   total 129024K, used 74030K [0x0000000083600000, 0x0000000100000000)
  region size 1024K, 52 young (53248K), 6 survivors (6144K)
 Metaspace       used 49904K, capacity 50448K, committed 50560K, reserved 1093632K
  class space    used 5761K, capacity 5996K, committed 6016K, reserved 1048576K
}
Event: 12.055 GC heap after
{Heap after GC invocations=9 (full 0):
 garbage-first heap   total 129024K, used 32955K [0x0000000083600000, 0x0000000100000000)
  region size 1024K, 6 young (6144K), 6 survivors (6144K)
 Metaspace       used 49904K, capacity 50448K, committed 50560K, reserved 1093632K
  class space    used 5761K, capacity 5996K, committed 6016K, reserved 1048576K
}
Event: 15.184 GC heap before
{Heap before GC invocations=9 (full 0):
 garbage-first heap   total 129024K, used 80059K [0x0000000083600000, 0x0000000100000000)
  region size 1024K, 52 young (53248K), 6 survivors (6144K)
 Metaspace       used 57192K, capacity 57993K, committed 58240K, reserved 1099776K
  class space    used 6679K, capacity 6988K, committed 7040K, reserved 1048576K
}
Event: 15.206 GC heap after
{Heap after GC invocations=10 (full 0):
 garbage-first heap   total 129024K, used 38589K [0x0000000083600000, 0x0000000100000000)
  region size 1024K, 6 young (6144K), 6 survivors (6144K)
 Metaspace       used 57192K, capacity 57993K, committed 58240K, reserved 1099776K
  class space    used 6679K, capacity 6988K, committed 7040K, reserved 1048576K
}
Event: 17.266 GC heap before
{Heap before GC invocations=10 (full 0):
 garbage-first heap   total 129024K, used 55997K [0x0000000083600000, 0x0000000100000000)
  region size 1024K, 24 young (24576K), 6 survivors (6144K)
 Metaspace       used 59304K, capacity 60070K, committed 60160K, reserved 1101824K
  class space    used 6795K, capacity 7134K, committed 7168K, reserved 1048576K
}
Event: 17.286 GC heap after
{Heap after GC invocations=11 (full 0):
 garbage-first heap   total 155648K, used 42117K [0x0000000083600000, 0x0000000100000000)
  region size 1024K, 4 young (4096K), 4 survivors (4096K)
 Metaspace       used 59304K, capacity 60070K, committed 60160K, reserved 1101824K
  class space    used 6795K, capacity 7134K, committed 7168K, reserved 1048576K
}
Event: 19.193 GC heap before
{Heap before GC invocations=12 (full 0):
 garbage-first heap   total 155648K, used 97413K [0x0000000083600000, 0x0000000100000000)
  region size 1024K, 58 young (59392K), 4 survivors (4096K)
 Metaspace       used 60564K, capacity 61414K, committed 61568K, reserved 1103872K
  class space    used 6904K, capacity 7241K, committed 7296K, reserved 1048576K
}
Event: 19.231 GC heap after
{Heap after GC invocations=13 (full 0):
 garbage-first heap   total 155648K, used 51867K [0x0000000083600000, 0x0000000100000000)
  region size 1024K, 8 young (8192K), 8 survivors (8192K)
 Metaspace       used 60564K, capacity 61414K, committed 61568K, reserved 1103872K
  class space    used 6904K, capacity 7241K, committed 7296K, reserved 1048576K
}
Event: 20.437 GC heap before
{Heap before GC invocations=13 (full 0):
 garbage-first heap   total 155648K, used 106139K [0x0000000083600000, 0x0000000100000000)
  region size 1024K, 61 young (62464K), 8 survivors (8192K)
 Metaspace       used 61560K, capacity 62355K, committed 62464K, reserved 1103872K
  class space    used 7000K, capacity 7341K, committed 7424K, reserved 1048576K
}
Event: 20.477 GC heap after
{Heap after GC invocations=14 (full 0):
 garbage-first heap   total 155648K, used 60416K [0x0000000083600000, 0x0000000100000000)
  region size 1024K, 8 young (8192K), 8 survivors (8192K)
 Metaspace       used 61560K, capacity 62355K, committed 62464K, reserved 1103872K
  class space    used 7000K, capacity 7341K, committed 7424K, reserved 1048576K
}
Event: 21.405 GC heap before
{Heap before GC invocations=14 (full 0):
 garbage-first heap   total 155648K, used 111616K [0x0000000083600000, 0x0000000100000000)
  region size 1024K, 58 young (59392K), 8 survivors (8192K)
 Metaspace       used 62521K, capacity 63369K, committed 63616K, reserved 1105920K
  class space    used 7090K, capacity 7444K, committed 7552K, reserved 1048576K
}
Event: 21.425 GC heap after
{Heap after GC invocations=15 (full 0):
 garbage-first heap   total 155648K, used 62400K [0x0000000083600000, 0x0000000100000000)
  region size 1024K, 2 young (2048K), 2 survivors (2048K)
 Metaspace       used 62521K, capacity 63369K, committed 63616K, reserved 1105920K
  class space    used 7090K, capacity 7444K, committed 7552K, reserved 1048576K
}
Event: 26.259 GC heap before
{Heap before GC invocations=15 (full 0):
 garbage-first heap   total 155648K, used 116672K [0x0000000083600000, 0x0000000100000000)
  region size 1024K, 54 young (55296K), 2 survivors (2048K)
 Metaspace       used 67704K, capacity 68596K, committed 68864K, reserved 1110016K
  class space    used 7533K, capacity 7878K, committed 7936K, reserved 1048576K
}
Event: 26.300 GC heap after
{Heap after GC invocations=16 (full 0):
 garbage-first heap   total 155648K, used 68589K [0x0000000083600000, 0x0000000100000000)
  region size 1024K, 7 young (7168K), 7 survivors (7168K)
 Metaspace       used 67704K, capacity 68596K, committed 68864K, reserved 1110016K
  class space    used 7533K, capacity 7878K, committed 7936K, reserved 1048576K
}

Deoptimization events (20 events):
Event: 29.072 Thread 0x0000020afc61f000 DEOPT PACKING pc=0x0000020a902975cc sp=0x000000c124afbb70
Event: 29.072 Thread 0x0000020afc61f000 DEOPT UNPACKING pc=0x0000020a886885af sp=0x000000c124afbb20 mode 2
Event: 29.072 Thread 0x0000020afc61f000 Uncommon trap: trap_request=0xffffffde fr.pc=0x0000020a90352cd8 relative=0x0000000000000178
Event: 29.072 Thread 0x0000020afc61f000 Uncommon trap: reason=class_check action=maybe_recompile pc=0x0000020a90352cd8 method=org.jetbrains.kotlin.com.intellij.lexer.FlexAdapter.locateToken()V @ 29 c2
Event: 29.072 Thread 0x0000020afc61f000 DEOPT PACKING pc=0x0000020a90352cd8 sp=0x000000c124afbc40
Event: 29.072 Thread 0x0000020afc61f000 DEOPT UNPACKING pc=0x0000020a886885af sp=0x000000c124afbba0 mode 2
Event: 29.081 Thread 0x0000020afc61f000 Uncommon trap: trap_request=0xffffff4d fr.pc=0x0000020a906ace78 relative=0x0000000000000c78
Event: 29.081 Thread 0x0000020afc61f000 Uncommon trap: reason=unstable_if action=reinterpret pc=0x0000020a906ace78 method=org.jetbrains.kotlin.parsing.KotlinParserDefinition.createElement(Lorg/jetbrains/kotlin/com/intellij/lang/ASTNode;)Lorg/jetbrains/kotlin/com/intellij/psi/PsiElement; @ 104 c
Event: 29.081 Thread 0x0000020afc61f000 DEOPT PACKING pc=0x0000020a906ace78 sp=0x000000c124afc500
Event: 29.081 Thread 0x0000020afc61f000 DEOPT UNPACKING pc=0x0000020a886885af sp=0x000000c124afc428 mode 2
Event: 29.453 Thread 0x0000020afc61f000 DEOPT PACKING pc=0x0000020a896880e7 sp=0x000000c124afad70
Event: 29.453 Thread 0x0000020afc61f000 DEOPT UNPACKING pc=0x0000020a886c9d0e sp=0x000000c124afa270 mode 0
Event: 29.675 Thread 0x0000020afc61f000 Uncommon trap: trap_request=0xffffff7e fr.pc=0x0000020a905928d8 relative=0x00000000000008b8
Event: 29.675 Thread 0x0000020afc61f000 Uncommon trap: reason=predicate action=maybe_recompile pc=0x0000020a905928d8 method=kotlin.collections.CollectionsKt___CollectionsKt.filter(Ljava/lang/Iterable;Lkotlin/jvm/functions/Function1;)Ljava/util/List; @ 46 c2
Event: 29.675 Thread 0x0000020afc61f000 DEOPT PACKING pc=0x0000020a905928d8 sp=0x000000c124af5ce0
Event: 29.675 Thread 0x0000020afc61f000 DEOPT UNPACKING pc=0x0000020a886885af sp=0x000000c124af5cd0 mode 2
Event: 30.224 Thread 0x0000020afc61f000 Uncommon trap: trap_request=0xffffff4d fr.pc=0x0000020a9069baa0 relative=0x0000000000004540
Event: 30.224 Thread 0x0000020afc61f000 Uncommon trap: reason=unstable_if action=reinterpret pc=0x0000020a9069baa0 method=org.jetbrains.kotlin.types.TypeSubstitutor.unsafeSubstitute(Lorg/jetbrains/kotlin/types/TypeProjection;Lorg/jetbrains/kotlin/descriptors/TypeParameterDescriptor;I)Lorg/jetbr
Event: 30.224 Thread 0x0000020afc61f000 DEOPT PACKING pc=0x0000020a9069baa0 sp=0x000000c124afa6d0
Event: 30.224 Thread 0x0000020afc61f000 DEOPT UNPACKING pc=0x0000020a886885af sp=0x000000c124afa6b8 mode 2

Classes redefined (0 events):
No events

Internal exceptions (20 events):
Event: 20.520 Thread 0x0000020afc61f000 Implicit null exception at 0x0000020a9041df50 to 0x0000020a904210cc
Event: 20.520 Thread 0x0000020afc61f000 Implicit null exception at 0x0000020a9041df50 to 0x0000020a904210cc
Event: 20.520 Thread 0x0000020afc61f000 Implicit null exception at 0x0000020a9041df50 to 0x0000020a904210cc
Event: 20.520 Thread 0x0000020afc61f000 Implicit null exception at 0x0000020a9041df50 to 0x0000020a904210cc
Event: 20.520 Thread 0x0000020afc61f000 Implicit null exception at 0x0000020a9041df50 to 0x0000020a904210cc
Event: 20.520 Thread 0x0000020afc61f000 Implicit null exception at 0x0000020a9041df50 to 0x0000020a904210cc
Event: 20.520 Thread 0x0000020afc61f000 Implicit null exception at 0x0000020a903a53e7 to 0x0000020a903a9afc
Event: 21.178 Thread 0x0000020afc61f000 Exception <a 'java/lang/NoSuchMethodError'{0x0000000089e056f8}: 'java.lang.Object java.lang.invoke.Invokers$Holder.linkToTargetMethod(java.lang.Object, java.lang.Object, java.lang.Object, java.lang.Object, java.lang.Object, java.lang.Object, java.lang.Object)'> (0x0000000089e056f8) thrown at [./src/hotspot/share/interpreter/linkResolver.cpp, line 773]
Event: 21.345 Thread 0x0000020afc61f000 Implicit null exception at 0x0000020a901ab6de to 0x0000020a901abe4a
Event: 21.698 Thread 0x0000020afc61f000 Exception <a 'java/lang/NoSuchMethodError'{0x000000008c8f0b30}: 'java.lang.Object java.lang.invoke.Invokers$Holder.linkToTargetMethod(java.lang.Object, java.lang.Object, java.lang.Object, int, int, java.lang.Object)'> (0x000000008c8f0b30) thrown at [./src/hotspot/share/interpreter/linkResolver.cpp, line 773]
Event: 22.437 Thread 0x0000020afc61f000 Implicit null exception at 0x0000020a901a7d75 to 0x0000020a901a7f3c
Event: 22.511 Thread 0x0000020afc61f000 Exception <a 'java/lang/NoSuchMethodError'{0x000000008be249f0}: 'int java.lang.invoke.DirectMethodHandle$Holder.invokeStaticInit(java.lang.Object, int)'> (0x000000008be249f0) thrown at [./src/hotspot/share/interpreter/linkResolver.cpp, line 773]
Event: 22.522 Thread 0x0000020afc61f000 Implicit null exception at 0x0000020a905c80ab to 0x0000020a905ca5b8
Event: 22.586 Thread 0x0000020afc61f000 Exception <a 'java/lang/NoSuchMethodError'{0x000000008befbf18}: 'java.lang.Object java.lang.invoke.DirectMethodHandle$Holder.invokeInterface(java.lang.Object, java.lang.Object, java.lang.Object)'> (0x000000008befbf18) thrown at [./src/hotspot/share/interpreter/linkResolver.cpp, line 773]
Event: 22.586 Thread 0x0000020afc61f000 Exception <a 'java/lang/IncompatibleClassChangeError'{0x000000008beff3f0}: Found class java.lang.Object, but interface was expected> (0x000000008beff3f0) thrown at [./src/hotspot/share/interpreter/linkResolver.cpp, line 839]
Event: 23.727 Thread 0x0000020afc61f000 Implicit null exception at 0x0000020a9016daf7 to 0x0000020a9016e004
Event: 23.852 Thread 0x0000020afc61f000 Implicit null exception at 0x0000020a9016c574 to 0x0000020a9016ca54
Event: 25.500 Thread 0x0000020afc61f000 Implicit null exception at 0x0000020a9061377c to 0x0000020a906198c4
Event: 27.344 Thread 0x0000020afc61f000 Implicit null exception at 0x0000020a9051e89c to 0x0000020a90520440
Event: 28.162 Thread 0x0000020afc61f000 Implicit null exception at 0x0000020a904aaa79 to 0x0000020a904aad5c

Events (20 events):
Event: 29.077 loading class org/jetbrains/kotlin/kdoc/psi/impl/KDocElementImpl
Event: 29.077 loading class org/jetbrains/kotlin/kdoc/psi/impl/KDocElementImpl done
Event: 29.080 loading class org/jetbrains/kotlin/kdoc/psi/impl/KDocName
Event: 29.080 loading class org/jetbrains/kotlin/kdoc/psi/impl/KDocName done
Event: 29.081 loading class org/jetbrains/kotlin/kdoc/psi/impl/KDocTag$Companion
Event: 29.081 loading class org/jetbrains/kotlin/kdoc/psi/impl/KDocTag$Companion done
Event: 29.105 Executing VM operation: ICBufferFull
Event: 29.116 Executing VM operation: ICBufferFull done
Event: 29.432 loading class org/jetbrains/kotlin/resolve/calls/tower/MemberScopeTowerLevel$collectMembers$4
Event: 29.432 loading class org/jetbrains/kotlin/resolve/calls/tower/MemberScopeTowerLevel$collectMembers$4 done
Event: 29.742 Executing VM operation: ICBufferFull
Event: 29.742 Executing VM operation: ICBufferFull done
Event: 30.195 Executing VM operation: ICBufferFull
Event: 30.195 Executing VM operation: ICBufferFull done
Event: 30.219 loading class org/jetbrains/kotlin/utils/SmartList$1
Event: 30.219 loading class org/jetbrains/kotlin/utils/SmartList$1 done
Event: 30.220 loading class org/jetbrains/kotlin/resolve/calls/util/CallUtilKt$getValueArgumentForExpression$isParenthesizedExpression$1
Event: 30.220 loading class org/jetbrains/kotlin/resolve/calls/util/CallUtilKt$getValueArgumentForExpression$isParenthesizedExpression$1 done
Event: 30.225 loading class org/jetbrains/kotlin/contracts/model/structure/ESNothingType
Event: 30.225 loading class org/jetbrains/kotlin/contracts/model/structure/ESNothingType done


Dynamic libraries:
0x00007ff78a710000 - 0x00007ff78a71d000 	C:\Program Files\OpenJDK\openjdk-11.0.16_8\bin\java.exe
0x00007ff829510000 - 0x00007ff829724000 	C:\WINDOWS\SYSTEM32\ntdll.dll
0x00007ff828e50000 - 0x00007ff828f12000 	C:\WINDOWS\System32\KERNEL32.DLL
0x00007ff826f80000 - 0x00007ff82731c000 	C:\WINDOWS\System32\KERNELBASE.dll
0x00007ff826be0000 - 0x00007ff826cf1000 	C:\WINDOWS\System32\ucrtbase.dll
0x00007ffff4af0000 - 0x00007ffff4b05000 	C:\Program Files\OpenJDK\openjdk-11.0.16_8\bin\VCRUNTIME140.dll
0x00007ffff1510000 - 0x00007ffff1527000 	C:\Program Files\OpenJDK\openjdk-11.0.16_8\bin\jli.dll
0x00007ff8291e0000 - 0x00007ff82938b000 	C:\WINDOWS\System32\USER32.dll
0x00007ff826a40000 - 0x00007ff826a66000 	C:\WINDOWS\System32\win32u.dll
0x00007ff80e580000 - 0x00007ff80e80e000 	C:\WINDOWS\WinSxS\amd64_microsoft.windows.common-controls_6595b64144ccf1df_6.0.22621.317_none_a9434687c10c9fa2\COMCTL32.dll
0x00007ff8286b0000 - 0x00007ff8286d9000 	C:\WINDOWS\System32\GDI32.dll
0x00007ff826d00000 - 0x00007ff826e12000 	C:\WINDOWS\System32\gdi32full.dll
0x00007ff826ee0000 - 0x00007ff826f7a000 	C:\WINDOWS\System32\msvcp_win.dll
0x00007ff827db0000 - 0x00007ff827e57000 	C:\WINDOWS\System32\msvcrt.dll
0x00007ff829390000 - 0x00007ff8293c1000 	C:\WINDOWS\System32\IMM32.DLL
0x00007fffb3c30000 - 0x00007fffb3ccb000 	C:\Program Files\OpenJDK\openjdk-11.0.16_8\bin\msvcp140.dll
0x00007fffa17f0000 - 0x00007fffa22fe000 	C:\Program Files\OpenJDK\openjdk-11.0.16_8\bin\server\jvm.dll
0x00007ff828be0000 - 0x00007ff828c8e000 	C:\WINDOWS\System32\ADVAPI32.dll
0x00007ff828f20000 - 0x00007ff828fc4000 	C:\WINDOWS\System32\sechost.dll
0x00007ff8286e0000 - 0x00007ff8287f5000 	C:\WINDOWS\System32\RPCRT4.dll
0x00007ff827490000 - 0x00007ff827498000 	C:\WINDOWS\System32\PSAPI.DLL
0x00007ff8129a0000 - 0x00007ff8129a9000 	C:\WINDOWS\SYSTEM32\WSOCK32.dll
0x00007ff81f740000 - 0x00007ff81f774000 	C:\WINDOWS\SYSTEM32\WINMM.dll
0x00007ff81c430000 - 0x00007ff81c43a000 	C:\WINDOWS\SYSTEM32\VERSION.dll
0x00007ff8293d0000 - 0x00007ff829441000 	C:\WINDOWS\System32\WS2_32.dll
0x00007ff825990000 - 0x00007ff8259a8000 	C:\WINDOWS\SYSTEM32\kernel.appcore.dll
0x00007ff80bf00000 - 0x00007ff80bf10000 	C:\Program Files\OpenJDK\openjdk-11.0.16_8\bin\verify.dll
0x00007ff824170000 - 0x00007ff82439e000 	C:\WINDOWS\SYSTEM32\DBGHELP.DLL
0x00007ff827a20000 - 0x00007ff827da9000 	C:\WINDOWS\System32\combase.dll
0x00007ff828d50000 - 0x00007ff828e27000 	C:\WINDOWS\System32\OLEAUT32.dll
0x00007ff81bd10000 - 0x00007ff81bd42000 	C:\WINDOWS\SYSTEM32\dbgcore.DLL
0x00007ff8269c0000 - 0x00007ff826a3b000 	C:\WINDOWS\System32\bcryptPrimitives.dll
0x00007fffdbaf0000 - 0x00007fffdbb18000 	C:\Program Files\OpenJDK\openjdk-11.0.16_8\bin\java.dll
0x00007ff807420000 - 0x00007ff80742a000 	C:\Program Files\OpenJDK\openjdk-11.0.16_8\bin\jimage.dll
0x00007fffdbee0000 - 0x00007fffdbef8000 	C:\Program Files\OpenJDK\openjdk-11.0.16_8\bin\zip.dll
0x00007ff827e70000 - 0x00007ff82864b000 	C:\WINDOWS\System32\SHELL32.dll
0x00007ff824960000 - 0x00007ff825215000 	C:\WINDOWS\SYSTEM32\windows.storage.dll
0x00007ff824820000 - 0x00007ff82495d000 	C:\WINDOWS\SYSTEM32\wintypes.dll
0x00007ff827320000 - 0x00007ff827411000 	C:\WINDOWS\System32\SHCORE.dll
0x00007ff828a50000 - 0x00007ff828aae000 	C:\WINDOWS\System32\shlwapi.dll
0x00007ff826880000 - 0x00007ff8268a1000 	C:\WINDOWS\SYSTEM32\profapi.dll
0x00007fffdbb70000 - 0x00007fffdbb89000 	C:\Program Files\OpenJDK\openjdk-11.0.16_8\bin\net.dll
0x00007ff820680000 - 0x00007ff8207af000 	C:\WINDOWS\SYSTEM32\WINHTTP.dll
0x00007ff825de0000 - 0x00007ff825e49000 	C:\WINDOWS\system32\mswsock.dll
0x00007fffdb910000 - 0x00007fffdb923000 	C:\Program Files\OpenJDK\openjdk-11.0.16_8\bin\nio.dll

dbghelp: loaded successfully - version: 4.0.5 - missing functions: none
symbol engine: initialized successfully - sym options: 0x614 - pdb path: .;C:\Program Files\OpenJDK\openjdk-11.0.16_8\bin;C:\WINDOWS\SYSTEM32;C:\WINDOWS\WinSxS\amd64_microsoft.windows.common-controls_6595b64144ccf1df_6.0.22621.317_none_a9434687c10c9fa2;C:\Program Files\OpenJDK\openjdk-11.0.16_8\bin\server

VM Arguments:
java_command: org.jetbrains.kotlin.cli.jvm.K2JVMCompiler @D:\ReactNativeProjects\CLI\EcommV3\node_modules\react-native-screens\android\build\20220928_7116227747928488885.compiler.options
java_class_path (initial): C:\Users\Shoaib\.gradle\caches\modules-2\files-2.1\org.jetbrains.kotlin\kotlin-compiler-embeddable\1.6.21\97bdd5a752ce73b58ef16c17bc7f0ea2faff7a2e\kotlin-compiler-embeddable-1.6.21.jar;C:\Users\Shoaib\.gradle\caches\modules-2\files-2.1\org.jetbrains.kotlin\kotlin-reflect\1.6.21\5dc3574d9b7bebfcb4ec6b10ada4aaa9e140bd0b\kotlin-reflect-1.6.21.jar;C:\Users\Shoaib\.gradle\caches\modules-2\files-2.1\org.jetbrains.kotlin\kotlin-stdlib\1.6.21\11ef67f1900634fd951bad28c53ec957fabbe5b8\kotlin-stdlib-1.6.21.jar;C:\Users\Shoaib\.gradle\caches\modules-2\files-2.1\org.jetbrains.kotlin\kotlin-script-runtime\1.6.21\99c6675100da5d6d5b1c5a1032f27f28008d101b\kotlin-script-runtime-1.6.21.jar;C:\Users\Shoaib\.gradle\caches\modules-2\files-2.1\org.jetbrains.kotlin\kotlin-daemon-embeddable\1.6.21\46b78cf392e1c4f10854c3cadba44abb7b82250f\kotlin-daemon-embeddable-1.6.21.jar;C:\Users\Shoaib\.gradle\caches\modules-2\files-2.1\org.jetbrains.intellij.deps\trove4j\1.0.20200330\3afb14d5f9ceb459d724e907a21145e8ff394f02\trove4j-1.0.20200330.jar;C:\Users\Shoaib\.gradle\caches\modules-2\files-2.1\net.java.dev.jna\jna\5.6.0\330f2244e9030119ab3030fc3fededc86713d9cc\jna-5.6.0.jar;C:\Users\Shoaib\.gradle\caches\modules-2\files-2.1\org.jetbrains.kotlin\kotlin-stdlib-common\1.6.21\5e5b55c26dbc80372a920aef60eb774b714559b8\kotlin-stdlib-common-1.6.21.jar;C:\Users\Shoaib\.gradle\caches\modules-2\files-2.1\org.jetbrains\annotations\13.0\919f0dfe192fb4e063e7dacadee7f8bb9a2672a9\annotations-13.0.jar
Launcher Type: SUN_STANDARD

[Global flags]
     intx CICompilerCount                          = 4                                         {product} {ergonomic}
     uint ConcGCThreads                            = 2                                         {product} {ergonomic}
     uint G1ConcRefinementThreads                  = 8                                         {product} {ergonomic}
   size_t G1HeapRegionSize                         = 1048576                                   {product} {ergonomic}
    uintx GCDrainStackTargetSize                   = 64                                        {product} {ergonomic}
   size_t InitialHeapSize                          = 132120576                                 {product} {ergonomic}
   size_t MarkStackSize                            = 4194304                                   {product} {ergonomic}
   size_t MaxHeapSize                              = 2090860544                                {product} {ergonomic}
   size_t MaxNewSize                               = 1254096896                                {product} {ergonomic}
   size_t MinHeapDeltaBytes                        = 1048576                                   {product} {ergonomic}
    uintx NonNMethodCodeHeapSize                   = 5836300                                {pd product} {ergonomic}
    uintx NonProfiledCodeHeapSize                  = 122910970                              {pd product} {ergonomic}
    uintx ProfiledCodeHeapSize                     = 122910970                              {pd product} {ergonomic}
    uintx ReservedCodeCacheSize                    = 251658240                              {pd product} {ergonomic}
     bool SegmentedCodeCache                       = true                                      {product} {ergonomic}
     bool UseCompressedClassPointers               = true                                 {lp64_product} {ergonomic}
     bool UseCompressedOops                        = true                                 {lp64_product} {ergonomic}
     bool UseG1GC                                  = true                                      {product} {ergonomic}
     bool UseLargePagesIndividualAllocation        = false                                  {pd product} {ergonomic}

Logging:
Log output configuration:
 #0: stdout all=warning uptime,level,tags
 #1: stderr all=off uptime,level,tags

Environment Variables:
JAVA_HOME=C:\Program Files\OpenJDK\openjdk-11.0.16_8
CLASSPATH=D:\ReactNativeProjects\CLI\EcommV3\android\\gradle\wrapper\gradle-wrapper.jar
PATH=D:\ReactNativeProjects\CLI\EcommV3\android\node_modules\.bin;D:\ReactNativeProjects\CLI\EcommV3\node_modules\.bin;D:\ReactNativeProjects\CLI\node_modules\.bin;D:\ReactNativeProjects\node_modules\.bin;D:\node_modules\.bin;C:\Program Files\nodejs;C:\Users\Shoaib\AppData\Local\Temp\yarn--1664337917374-0.6361025508322291;D:\ReactNativeProjects\CLI\EcommV3\node_modules\.bin;C:\Users\Shoaib\AppData\Local\Yarn\Data\link\node_modules\.bin;C:\Users\Shoaib\AppData\Local\Yarn\bin;C:\Program Files\libexec\lib\node_modules\npm\bin\node-gyp-bin;C:\Program Files\lib\node_modules\npm\bin\node-gyp-bin;C:\Program Files\nodejs\node_modules\npm\bin\node-gyp-bin;C:\app\Shoaib\product\11.2.0\client_1\bin;C:\DevSuiteHome_10g\jdk\jre\bin\classic;C:\DevSuiteHome_10g\jdk\jre\bin;C:\DevSuiteHome_10g\jdk\jre\bin\client;C:\DevSuiteHome_10g\jlib;C:\DevSuiteHome_10g\bin;C:\DevSuiteHome_10g\jre\1.4.2\bin\client;C:\DevSuiteHome_10g\jre\1.4.2\bin;C:\orant\bin;C:\WINDOWS\system32;C:\WINDOWS;C:\WINDOWS\System32\Wbem;C:\WINDOWS\System32\WindowsPowerShell\v1.0\;C:\WINDOWS\System32\OpenSSH\;C:\orant\jdk\bin;C:\Program Files (x86)\PuTTY\;C:\Program Files\nodejs\;C:\ProgramData\chocolatey\bin;C:\Program Files\OpenJDK\openjdk-11.0.16_8\bin;C:\Users\Shoaib\AppData\Local\Microsoft\WindowsApps;C:\Users\Shoaib\AppData\Roaming\npm;C:\Users\Shoaib\AppData\Local\Programs\Microsoft VS Code\bin;C:\Users\Shoaib\AppData\Local\Android\Sdk\platform-tools;
USERNAME=Shoaib
OS=Windows_NT
PROCESSOR_IDENTIFIER=Intel64 Family 6 Model 140 Stepping 1, GenuineIntel
TMP=C:\Users\Shoaib\AppData\Local\Temp
TEMP=C:\Users\Shoaib\AppData\Local\Temp



---------------  S Y S T E M  ---------------

OS: Windows 11 , 64 bit Build 22621 (10.0.22621.457)
OS uptime: 1 days 22:07 hours
Hyper-V role detected

CPU:total 8 (initial active 8) (4 cores per cpu, 2 threads per core) family 6 model 140 stepping 1 microcode 0xa4, cmov, cx8, fxsr, mmx, sse, sse2, sse3, ssse3, sse4.1, sse4.2, popcnt, avx, avx2, aes, clmul, erms, 3dnowpref, lzcnt, ht, tsc, tscinvbit, bmi1, bmi2, adx, evex, sha, fma

Memory: 4k page, system-wide physical 7975M (399M free)
TotalPageFile size 12071M (AvailPageFile size 5M)
current process WorkingSet (physical memory assigned to process): 354M, peak: 363M
current process commit charge ("private bytes"): 401M, peak: 411M

vm_info: OpenJDK 64-Bit Server VM (11.0.16+8) for windows-amd64 JRE (11.0.16+8), built on Jul 17 2022 01:33:05 by "tester" with MS VC++ 15.9 (VS2017)

END.
