#
# There is insufficient memory for the Java Runtime Environment to continue.
# Native memory allocation (malloc) failed to allocate 114416 bytes for Chunk::new
# Possible reasons:
#   The system is out of physical RAM or swap space
#   The process is running with CompressedOops enabled, and the Java Heap may be blocking the growth of the native heap
# Possible solutions:
#   Reduce memory load on the system
#   Increase physical memory or swap space
#   Check if swap backing store is full
#   Decrease Java heap size (-Xmx/-Xms)
#   Decrease number of Java threads
#   Decrease Java thread stack sizes (-Xss)
#   Set larger code cache with -XX:ReservedCodeCacheSize=
#   JVM is running with Unscaled Compressed Oops mode in which the Java heap is
#     placed in the first 4GB address space. The Java Heap base address is the
#     maximum limit for the native heap growth. Please use -XX:HeapBaseMinAddress
#     to set the Java Heap base and to place the Java Heap above 4GB virtual address.
# This output file may be truncated or incomplete.
#
#  Out of Memory Error (./src/hotspot/share/memory/arena.cpp:197), pid=7628, tid=12960
#
# JRE version: OpenJDK Runtime Environment 18.9 (11.0.16+8) (build 11.0.16+8)
# Java VM: OpenJDK 64-Bit Server VM 18.9 (11.0.16+8, mixed mode, tiered, compressed oops, g1 gc, windows-amd64)
# No core dump will be written. Minidumps are not enabled by default on client versions of Windows
#

---------------  S U M M A R Y ------------

Command Line: org.jetbrains.kotlin.cli.jvm.K2JVMCompiler @D:\ReactNativeProjects\CLI\EcommV3\node_modules\react-native-screens\android\build\20221007_16430131860419897399.compiler.options

Host: 11th Gen Intel(R) Core(TM) i5-1135G7 @ 2.40GHz, 8 cores, 7G,  Windows 11 , 64 bit Build 22621 (10.0.22621.457)
Time: Fri Oct  7 08:59:48 2022 Pakistan Standard Time elapsed time: 1.709248 seconds (0d 0h 0m 1s)

---------------  T H R E A D  ---------------

Current thread (0x000001edd77e1000):  JavaThread "C2 CompilerThread0" daemon [_thread_in_native, id=12960, stack(0x0000002fb1e00000,0x0000002fb1f00000)]


Current CompileTask:
C2:   1709  750       4       kotlin.reflect.jvm.internal.impl.protobuf.CodedInputStream::readTag (41 bytes)

Stack: [0x0000002fb1e00000,0x0000002fb1f00000]
Native frames: (J=compiled Java code, j=interpreted, Vv=VM code, C=native code)
V  [jvm.dll+0x61a63a]
V  [jvm.dll+0x757439]
V  [jvm.dll+0x758b28]
V  [jvm.dll+0x759203]
V  [jvm.dll+0x24d9a8]
V  [jvm.dll+0xc148c]
V  [jvm.dll+0xc1a4c]
V  [jvm.dll+0x3570e2]
V  [jvm.dll+0x323373]
V  [jvm.dll+0x3226aa]
V  [jvm.dll+0x206db5]
V  [jvm.dll+0x205edd]
V  [jvm.dll+0x187ec1]
V  [jvm.dll+0x2156a4]
V  [jvm.dll+0x2138eb]
V  [jvm.dll+0x71a000]
V  [jvm.dll+0x712f34]
V  [jvm.dll+0x6194a5]
C  [ucrtbase.dll+0x29363]
C  [KERNEL32.DLL+0x1244d]
C  [ntdll.dll+0x5df78]


---------------  P R O C E S S  ---------------

Threads class SMR info:
_java_thread_list=0x000001edd7b37650, length=10, elements={
0x000001edb7fb1000, 0x000001edd6e9d000, 0x000001edd6eca000, 0x000001edd7836000,
0x000001edd7837800, 0x000001edd77e0800, 0x000001edd77e1000, 0x000001edd77e4000,
0x000001edd77e7000, 0x000001edd79a9800
}

Java Threads: ( => current thread )
  0x000001edb7fb1000 JavaThread "main" [_thread_in_vm, id=17116, stack(0x0000002fb1200000,0x0000002fb1300000)]
  0x000001edd6e9d000 JavaThread "Reference Handler" daemon [_thread_blocked, id=24840, stack(0x0000002fb1900000,0x0000002fb1a00000)]
  0x000001edd6eca000 JavaThread "Finalizer" daemon [_thread_blocked, id=7704, stack(0x0000002fb1a00000,0x0000002fb1b00000)]
  0x000001edd7836000 JavaThread "Signal Dispatcher" daemon [_thread_blocked, id=11424, stack(0x0000002fb1b00000,0x0000002fb1c00000)]
  0x000001edd7837800 JavaThread "Attach Listener" daemon [_thread_blocked, id=19904, stack(0x0000002fb1c00000,0x0000002fb1d00000)]
  0x000001edd77e0800 JavaThread "Service Thread" daemon [_thread_blocked, id=13960, stack(0x0000002fb1d00000,0x0000002fb1e00000)]
=>0x000001edd77e1000 JavaThread "C2 CompilerThread0" daemon [_thread_in_native, id=12960, stack(0x0000002fb1e00000,0x0000002fb1f00000)]
  0x000001edd77e4000 JavaThread "C1 CompilerThread0" daemon [_thread_blocked, id=16576, stack(0x0000002fb1f00000,0x0000002fb2000000)]
  0x000001edd77e7000 JavaThread "Sweeper thread" daemon [_thread_blocked, id=11412, stack(0x0000002fb2000000,0x0000002fb2100000)]
  0x000001edd79a9800 JavaThread "Common-Cleaner" daemon [_thread_blocked, id=17504, stack(0x0000002fb2200000,0x0000002fb2300000)]

Other Threads:
  0x000001edd6e9b000 VMThread "VM Thread" [stack: 0x0000002fb1800000,0x0000002fb1900000] [id=23016]
  0x000001edd79a1000 WatcherThread [stack: 0x0000002fb2100000,0x0000002fb2200000] [id=22736]
  0x000001edb7fc7800 GCTaskThread "GC Thread#0" [stack: 0x0000002fb1300000,0x0000002fb1400000] [id=7564]
  0x000001edd7dff000 GCTaskThread "GC Thread#1" [stack: 0x0000002fb2300000,0x0000002fb2400000] [id=25688]
  0x000001edd7dff800 GCTaskThread "GC Thread#2" [stack: 0x0000002fb2400000,0x0000002fb2500000] [id=21132]
  0x000001edb7ffa000 ConcurrentGCThread "G1 Main Marker" [stack: 0x0000002fb1400000,0x0000002fb1500000] [id=16084]
  0x000001edb7ffe000 ConcurrentGCThread "G1 Conc#0" [stack: 0x0000002fb1500000,0x0000002fb1600000] [id=17428]
  0x000001edd6d02800 ConcurrentGCThread "G1 Refine#0" [stack: 0x0000002fb1600000,0x0000002fb1700000] [id=13872]
  0x000001edd6d05000 ConcurrentGCThread "G1 Young RemSet Sampling" [stack: 0x0000002fb1700000,0x0000002fb1800000] [id=6212]

Threads with active compile tasks:
C2 CompilerThread0     1721  750       4       kotlin.reflect.jvm.internal.impl.protobuf.CodedInputStream::readTag (41 bytes)

VM state:not at safepoint (normal execution)

VM Mutex/Monitor currently owned by a thread: None

Heap address: 0x0000000083600000, size: 1994 MB, Compressed Oops mode: 32-bit
Narrow klass base: 0x0000000000000000, Narrow klass shift: 3
Compressed class space size: 1073741824 Address: 0x0000000100000000

Heap:
 garbage-first heap   total 129024K, used 8953K [0x0000000083600000, 0x0000000100000000)
  region size 1024K, 7 young (7168K), 3 survivors (3072K)
 Metaspace       used 12946K, capacity 13048K, committed 13312K, reserved 1060864K
  class space    used 1213K, capacity 1239K, committed 1280K, reserved 1048576K
Heap Regions: E=young(eden), S=young(survivor), O=old, HS=humongous(starts), HC=humongous(continues), CS=collection set, F=free, A=archive, TAMS=top-at-mark-start (previous, next)
|   0|0x0000000083600000, 0x0000000083700000, 0x0000000083700000|100%|HS|  |TAMS 0x0000000083600000, 0x0000000083600000| Complete 
|   1|0x0000000083700000, 0x0000000083800000, 0x0000000083800000|100%|HC|  |TAMS 0x0000000083700000, 0x0000000083700000| Complete 
|   2|0x0000000083800000, 0x0000000083900000, 0x0000000083900000|100%|HC|  |TAMS 0x0000000083800000, 0x0000000083800000| Complete 
|   3|0x0000000083900000, 0x0000000083900000, 0x0000000083a00000|  0%| F|  |TAMS 0x0000000083900000, 0x0000000083900000| Untracked 
|   4|0x0000000083a00000, 0x0000000083a00000, 0x0000000083b00000|  0%| F|  |TAMS 0x0000000083a00000, 0x0000000083a00000| Untracked 
|   5|0x0000000083b00000, 0x0000000083b00000, 0x0000000083c00000|  0%| F|  |TAMS 0x0000000083b00000, 0x0000000083b00000| Untracked 
|   6|0x0000000083c00000, 0x0000000083c00000, 0x0000000083d00000|  0%| F|  |TAMS 0x0000000083c00000, 0x0000000083c00000| Untracked 
|   7|0x0000000083d00000, 0x0000000083d00000, 0x0000000083e00000|  0%| F|  |TAMS 0x0000000083d00000, 0x0000000083d00000| Untracked 
|   8|0x0000000083e00000, 0x0000000083e00000, 0x0000000083f00000|  0%| F|  |TAMS 0x0000000083e00000, 0x0000000083e00000| Untracked 
|   9|0x0000000083f00000, 0x0000000083f00000, 0x0000000084000000|  0%| F|  |TAMS 0x0000000083f00000, 0x0000000083f00000| Untracked 
|  10|0x0000000084000000, 0x0000000084000000, 0x0000000084100000|  0%| F|  |TAMS 0x0000000084000000, 0x0000000084000000| Untracked 
|  11|0x0000000084100000, 0x0000000084100000, 0x0000000084200000|  0%| F|  |TAMS 0x0000000084100000, 0x0000000084100000| Untracked 
|  12|0x0000000084200000, 0x0000000084200000, 0x0000000084300000|  0%| F|  |TAMS 0x0000000084200000, 0x0000000084200000| Untracked 
|  13|0x0000000084300000, 0x0000000084300000, 0x0000000084400000|  0%| F|  |TAMS 0x0000000084300000, 0x0000000084300000| Untracked 
|  14|0x0000000084400000, 0x0000000084400000, 0x0000000084500000|  0%| F|  |TAMS 0x0000000084400000, 0x0000000084400000| Untracked 
|  15|0x0000000084500000, 0x0000000084500000, 0x0000000084600000|  0%| F|  |TAMS 0x0000000084500000, 0x0000000084500000| Untracked 
|  16|0x0000000084600000, 0x0000000084600000, 0x0000000084700000|  0%| F|  |TAMS 0x0000000084600000, 0x0000000084600000| Untracked 
|  17|0x0000000084700000, 0x0000000084700000, 0x0000000084800000|  0%| F|  |TAMS 0x0000000084700000, 0x0000000084700000| Untracked 
|  18|0x0000000084800000, 0x0000000084800000, 0x0000000084900000|  0%| F|  |TAMS 0x0000000084800000, 0x0000000084800000| Untracked 
|  19|0x0000000084900000, 0x0000000084900000, 0x0000000084a00000|  0%| F|  |TAMS 0x0000000084900000, 0x0000000084900000| Untracked 
|  20|0x0000000084a00000, 0x0000000084a00000, 0x0000000084b00000|  0%| F|  |TAMS 0x0000000084a00000, 0x0000000084a00000| Untracked 
|  21|0x0000000084b00000, 0x0000000084b00000, 0x0000000084c00000|  0%| F|  |TAMS 0x0000000084b00000, 0x0000000084b00000| Untracked 
|  22|0x0000000084c00000, 0x0000000084c00000, 0x0000000084d00000|  0%| F|  |TAMS 0x0000000084c00000, 0x0000000084c00000| Untracked 
|  23|0x0000000084d00000, 0x0000000084d00000, 0x0000000084e00000|  0%| F|  |TAMS 0x0000000084d00000, 0x0000000084d00000| Untracked 
|  24|0x0000000084e00000, 0x0000000084e00000, 0x0000000084f00000|  0%| F|  |TAMS 0x0000000084e00000, 0x0000000084e00000| Untracked 
|  25|0x0000000084f00000, 0x0000000084f00000, 0x0000000085000000|  0%| F|  |TAMS 0x0000000084f00000, 0x0000000084f00000| Untracked 
|  26|0x0000000085000000, 0x0000000085000000, 0x0000000085100000|  0%| F|  |TAMS 0x0000000085000000, 0x0000000085000000| Untracked 
|  27|0x0000000085100000, 0x0000000085100000, 0x0000000085200000|  0%| F|  |TAMS 0x0000000085100000, 0x0000000085100000| Untracked 
|  28|0x0000000085200000, 0x0000000085200000, 0x0000000085300000|  0%| F|  |TAMS 0x0000000085200000, 0x0000000085200000| Untracked 
|  29|0x0000000085300000, 0x0000000085300000, 0x0000000085400000|  0%| F|  |TAMS 0x0000000085300000, 0x0000000085300000| Untracked 
|  30|0x0000000085400000, 0x0000000085400000, 0x0000000085500000|  0%| F|  |TAMS 0x0000000085400000, 0x0000000085400000| Untracked 
|  31|0x0000000085500000, 0x0000000085500000, 0x0000000085600000|  0%| F|  |TAMS 0x0000000085500000, 0x0000000085500000| Untracked 
|  32|0x0000000085600000, 0x0000000085600000, 0x0000000085700000|  0%| F|  |TAMS 0x0000000085600000, 0x0000000085600000| Untracked 
|  33|0x0000000085700000, 0x0000000085700000, 0x0000000085800000|  0%| F|  |TAMS 0x0000000085700000, 0x0000000085700000| Untracked 
|  34|0x0000000085800000, 0x0000000085800000, 0x0000000085900000|  0%| F|  |TAMS 0x0000000085800000, 0x0000000085800000| Untracked 
|  35|0x0000000085900000, 0x0000000085900000, 0x0000000085a00000|  0%| F|  |TAMS 0x0000000085900000, 0x0000000085900000| Untracked 
|  36|0x0000000085a00000, 0x0000000085a00000, 0x0000000085b00000|  0%| F|  |TAMS 0x0000000085a00000, 0x0000000085a00000| Untracked 
|  37|0x0000000085b00000, 0x0000000085b00000, 0x0000000085c00000|  0%| F|  |TAMS 0x0000000085b00000, 0x0000000085b00000| Untracked 
|  38|0x0000000085c00000, 0x0000000085c00000, 0x0000000085d00000|  0%| F|  |TAMS 0x0000000085c00000, 0x0000000085c00000| Untracked 
|  39|0x0000000085d00000, 0x0000000085d00000, 0x0000000085e00000|  0%| F|  |TAMS 0x0000000085d00000, 0x0000000085d00000| Untracked 
|  40|0x0000000085e00000, 0x0000000085e00000, 0x0000000085f00000|  0%| F|  |TAMS 0x0000000085e00000, 0x0000000085e00000| Untracked 
|  41|0x0000000085f00000, 0x0000000085f00000, 0x0000000086000000|  0%| F|  |TAMS 0x0000000085f00000, 0x0000000085f00000| Untracked 
|  42|0x0000000086000000, 0x0000000086000000, 0x0000000086100000|  0%| F|  |TAMS 0x0000000086000000, 0x0000000086000000| Untracked 
|  43|0x0000000086100000, 0x0000000086100000, 0x0000000086200000|  0%| F|  |TAMS 0x0000000086100000, 0x0000000086100000| Untracked 
|  44|0x0000000086200000, 0x0000000086200000, 0x0000000086300000|  0%| F|  |TAMS 0x0000000086200000, 0x0000000086200000| Untracked 
|  45|0x0000000086300000, 0x0000000086300000, 0x0000000086400000|  0%| F|  |TAMS 0x0000000086300000, 0x0000000086300000| Untracked 
|  46|0x0000000086400000, 0x0000000086400000, 0x0000000086500000|  0%| F|  |TAMS 0x0000000086400000, 0x0000000086400000| Untracked 
|  47|0x0000000086500000, 0x0000000086500000, 0x0000000086600000|  0%| F|  |TAMS 0x0000000086500000, 0x0000000086500000| Untracked 
|  48|0x0000000086600000, 0x0000000086600000, 0x0000000086700000|  0%| F|  |TAMS 0x0000000086600000, 0x0000000086600000| Untracked 
|  49|0x0000000086700000, 0x0000000086700000, 0x0000000086800000|  0%| F|  |TAMS 0x0000000086700000, 0x0000000086700000| Untracked 
|  50|0x0000000086800000, 0x0000000086800000, 0x0000000086900000|  0%| F|  |TAMS 0x0000000086800000, 0x0000000086800000| Untracked 
|  51|0x0000000086900000, 0x0000000086900000, 0x0000000086a00000|  0%| F|  |TAMS 0x0000000086900000, 0x0000000086900000| Untracked 
|  52|0x0000000086a00000, 0x0000000086a00000, 0x0000000086b00000|  0%| F|  |TAMS 0x0000000086a00000, 0x0000000086a00000| Untracked 
|  53|0x0000000086b00000, 0x0000000086b00000, 0x0000000086c00000|  0%| F|  |TAMS 0x0000000086b00000, 0x0000000086b00000| Untracked 
|  54|0x0000000086c00000, 0x0000000086c00000, 0x0000000086d00000|  0%| F|  |TAMS 0x0000000086c00000, 0x0000000086c00000| Untracked 
|  55|0x0000000086d00000, 0x0000000086d00000, 0x0000000086e00000|  0%| F|  |TAMS 0x0000000086d00000, 0x0000000086d00000| Untracked 
|  56|0x0000000086e00000, 0x0000000086e00000, 0x0000000086f00000|  0%| F|  |TAMS 0x0000000086e00000, 0x0000000086e00000| Untracked 
|  57|0x0000000086f00000, 0x0000000086f00000, 0x0000000087000000|  0%| F|  |TAMS 0x0000000086f00000, 0x0000000086f00000| Untracked 
|  58|0x0000000087000000, 0x0000000087000000, 0x0000000087100000|  0%| F|  |TAMS 0x0000000087000000, 0x0000000087000000| Untracked 
|  59|0x0000000087100000, 0x0000000087100000, 0x0000000087200000|  0%| F|  |TAMS 0x0000000087100000, 0x0000000087100000| Untracked 
|  60|0x0000000087200000, 0x0000000087200000, 0x0000000087300000|  0%| F|  |TAMS 0x0000000087200000, 0x0000000087200000| Untracked 
|  61|0x0000000087300000, 0x0000000087300000, 0x0000000087400000|  0%| F|  |TAMS 0x0000000087300000, 0x0000000087300000| Untracked 
|  62|0x0000000087400000, 0x0000000087400000, 0x0000000087500000|  0%| F|  |TAMS 0x0000000087400000, 0x0000000087400000| Untracked 
|  63|0x0000000087500000, 0x0000000087500000, 0x0000000087600000|  0%| F|  |TAMS 0x0000000087500000, 0x0000000087500000| Untracked 
|  64|0x0000000087600000, 0x0000000087600000, 0x0000000087700000|  0%| F|  |TAMS 0x0000000087600000, 0x0000000087600000| Untracked 
|  65|0x0000000087700000, 0x0000000087700000, 0x0000000087800000|  0%| F|  |TAMS 0x0000000087700000, 0x0000000087700000| Untracked 
|  66|0x0000000087800000, 0x0000000087800000, 0x0000000087900000|  0%| F|  |TAMS 0x0000000087800000, 0x0000000087800000| Untracked 
|  67|0x0000000087900000, 0x0000000087900000, 0x0000000087a00000|  0%| F|  |TAMS 0x0000000087900000, 0x0000000087900000| Untracked 
|  68|0x0000000087a00000, 0x0000000087a00000, 0x0000000087b00000|  0%| F|  |TAMS 0x0000000087a00000, 0x0000000087a00000| Untracked 
|  69|0x0000000087b00000, 0x0000000087b00000, 0x0000000087c00000|  0%| F|  |TAMS 0x0000000087b00000, 0x0000000087b00000| Untracked 
|  70|0x0000000087c00000, 0x0000000087c00000, 0x0000000087d00000|  0%| F|  |TAMS 0x0000000087c00000, 0x0000000087c00000| Untracked 
|  71|0x0000000087d00000, 0x0000000087d00000, 0x0000000087e00000|  0%| F|  |TAMS 0x0000000087d00000, 0x0000000087d00000| Untracked 
|  72|0x0000000087e00000, 0x0000000087e00000, 0x0000000087f00000|  0%| F|  |TAMS 0x0000000087e00000, 0x0000000087e00000| Untracked 
|  73|0x0000000087f00000, 0x0000000087f00000, 0x0000000088000000|  0%| F|  |TAMS 0x0000000087f00000, 0x0000000087f00000| Untracked 
|  74|0x0000000088000000, 0x0000000088000000, 0x0000000088100000|  0%| F|  |TAMS 0x0000000088000000, 0x0000000088000000| Untracked 
|  75|0x0000000088100000, 0x0000000088100000, 0x0000000088200000|  0%| F|  |TAMS 0x0000000088100000, 0x0000000088100000| Untracked 
|  76|0x0000000088200000, 0x0000000088200000, 0x0000000088300000|  0%| F|  |TAMS 0x0000000088200000, 0x0000000088200000| Untracked 
|  77|0x0000000088300000, 0x0000000088300000, 0x0000000088400000|  0%| F|  |TAMS 0x0000000088300000, 0x0000000088300000| Untracked 
|  78|0x0000000088400000, 0x0000000088400000, 0x0000000088500000|  0%| F|  |TAMS 0x0000000088400000, 0x0000000088400000| Untracked 
|  79|0x0000000088500000, 0x0000000088500000, 0x0000000088600000|  0%| F|  |TAMS 0x0000000088500000, 0x0000000088500000| Untracked 
|  80|0x0000000088600000, 0x0000000088600000, 0x0000000088700000|  0%| F|  |TAMS 0x0000000088600000, 0x0000000088600000| Untracked 
|  81|0x0000000088700000, 0x0000000088700000, 0x0000000088800000|  0%| F|  |TAMS 0x0000000088700000, 0x0000000088700000| Untracked 
|  82|0x0000000088800000, 0x0000000088800000, 0x0000000088900000|  0%| F|  |TAMS 0x0000000088800000, 0x0000000088800000| Untracked 
|  83|0x0000000088900000, 0x0000000088900000, 0x0000000088a00000|  0%| F|  |TAMS 0x0000000088900000, 0x0000000088900000| Untracked 
|  84|0x0000000088a00000, 0x0000000088a00000, 0x0000000088b00000|  0%| F|  |TAMS 0x0000000088a00000, 0x0000000088a00000| Untracked 
|  85|0x0000000088b00000, 0x0000000088b00000, 0x0000000088c00000|  0%| F|  |TAMS 0x0000000088b00000, 0x0000000088b00000| Untracked 
|  86|0x0000000088c00000, 0x0000000088c00000, 0x0000000088d00000|  0%| F|  |TAMS 0x0000000088c00000, 0x0000000088c00000| Untracked 
|  87|0x0000000088d00000, 0x0000000088d00000, 0x0000000088e00000|  0%| F|  |TAMS 0x0000000088d00000, 0x0000000088d00000| Untracked 
|  88|0x0000000088e00000, 0x0000000088e00000, 0x0000000088f00000|  0%| F|  |TAMS 0x0000000088e00000, 0x0000000088e00000| Untracked 
|  89|0x0000000088f00000, 0x0000000088f00000, 0x0000000089000000|  0%| F|  |TAMS 0x0000000088f00000, 0x0000000088f00000| Untracked 
|  90|0x0000000089000000, 0x0000000089000000, 0x0000000089100000|  0%| F|  |TAMS 0x0000000089000000, 0x0000000089000000| Untracked 
|  91|0x0000000089100000, 0x0000000089100000, 0x0000000089200000|  0%| F|  |TAMS 0x0000000089100000, 0x0000000089100000| Untracked 
|  92|0x0000000089200000, 0x0000000089200000, 0x0000000089300000|  0%| F|  |TAMS 0x0000000089200000, 0x0000000089200000| Untracked 
|  93|0x0000000089300000, 0x0000000089300000, 0x0000000089400000|  0%| F|  |TAMS 0x0000000089300000, 0x0000000089300000| Untracked 
|  94|0x0000000089400000, 0x0000000089400000, 0x0000000089500000|  0%| F|  |TAMS 0x0000000089400000, 0x0000000089400000| Untracked 
|  95|0x0000000089500000, 0x0000000089500000, 0x0000000089600000|  0%| F|  |TAMS 0x0000000089500000, 0x0000000089500000| Untracked 
|  96|0x0000000089600000, 0x0000000089600000, 0x0000000089700000|  0%| F|  |TAMS 0x0000000089600000, 0x0000000089600000| Untracked 
|  97|0x0000000089700000, 0x0000000089700000, 0x0000000089800000|  0%| F|  |TAMS 0x0000000089700000, 0x0000000089700000| Untracked 
|  98|0x0000000089800000, 0x0000000089800000, 0x0000000089900000|  0%| F|  |TAMS 0x0000000089800000, 0x0000000089800000| Untracked 
|  99|0x0000000089900000, 0x00000000899be5f8, 0x0000000089a00000| 74%| S|CS|TAMS 0x0000000089900000, 0x0000000089900000| Complete 
| 100|0x0000000089a00000, 0x0000000089b00000, 0x0000000089b00000|100%| S|CS|TAMS 0x0000000089a00000, 0x0000000089a00000| Complete 
| 101|0x0000000089b00000, 0x0000000089c00000, 0x0000000089c00000|100%| S|CS|TAMS 0x0000000089b00000, 0x0000000089b00000| Complete 
| 102|0x0000000089c00000, 0x0000000089c00000, 0x0000000089d00000|  0%| F|  |TAMS 0x0000000089c00000, 0x0000000089c00000| Untracked 
| 103|0x0000000089d00000, 0x0000000089d00000, 0x0000000089e00000|  0%| F|  |TAMS 0x0000000089d00000, 0x0000000089d00000| Untracked 
| 104|0x0000000089e00000, 0x0000000089e00000, 0x0000000089f00000|  0%| F|  |TAMS 0x0000000089e00000, 0x0000000089e00000| Untracked 
| 105|0x0000000089f00000, 0x0000000089f00000, 0x000000008a000000|  0%| F|  |TAMS 0x0000000089f00000, 0x0000000089f00000| Untracked 
| 106|0x000000008a000000, 0x000000008a000000, 0x000000008a100000|  0%| F|  |TAMS 0x000000008a000000, 0x000000008a000000| Untracked 
| 107|0x000000008a100000, 0x000000008a100000, 0x000000008a200000|  0%| F|  |TAMS 0x000000008a100000, 0x000000008a100000| Untracked 
| 108|0x000000008a200000, 0x000000008a200000, 0x000000008a300000|  0%| F|  |TAMS 0x000000008a200000, 0x000000008a200000| Untracked 
| 109|0x000000008a300000, 0x000000008a300000, 0x000000008a400000|  0%| F|  |TAMS 0x000000008a300000, 0x000000008a300000| Untracked 
| 110|0x000000008a400000, 0x000000008a400000, 0x000000008a500000|  0%| F|  |TAMS 0x000000008a400000, 0x000000008a400000| Untracked 
| 111|0x000000008a500000, 0x000000008a500000, 0x000000008a600000|  0%| F|  |TAMS 0x000000008a500000, 0x000000008a500000| Untracked 
| 112|0x000000008a600000, 0x000000008a600000, 0x000000008a700000|  0%| F|  |TAMS 0x000000008a600000, 0x000000008a600000| Untracked 
| 113|0x000000008a700000, 0x000000008a700000, 0x000000008a800000|  0%| F|  |TAMS 0x000000008a700000, 0x000000008a700000| Untracked 
| 114|0x000000008a800000, 0x000000008a800000, 0x000000008a900000|  0%| F|  |TAMS 0x000000008a800000, 0x000000008a800000| Untracked 
| 115|0x000000008a900000, 0x000000008a900000, 0x000000008aa00000|  0%| F|  |TAMS 0x000000008a900000, 0x000000008a900000| Untracked 
| 116|0x000000008aa00000, 0x000000008aa00000, 0x000000008ab00000|  0%| F|  |TAMS 0x000000008aa00000, 0x000000008aa00000| Untracked 
| 117|0x000000008ab00000, 0x000000008ab00000, 0x000000008ac00000|  0%| F|  |TAMS 0x000000008ab00000, 0x000000008ab00000| Untracked 
| 118|0x000000008ac00000, 0x000000008ac00000, 0x000000008ad00000|  0%| F|  |TAMS 0x000000008ac00000, 0x000000008ac00000| Untracked 
| 119|0x000000008ad00000, 0x000000008ad00000, 0x000000008ae00000|  0%| F|  |TAMS 0x000000008ad00000, 0x000000008ad00000| Untracked 
| 120|0x000000008ae00000, 0x000000008ae00000, 0x000000008af00000|  0%| F|  |TAMS 0x000000008ae00000, 0x000000008ae00000| Untracked 
| 121|0x000000008af00000, 0x000000008af00000, 0x000000008b000000|  0%| F|  |TAMS 0x000000008af00000, 0x000000008af00000| Untracked 
| 122|0x000000008b000000, 0x000000008b081798, 0x000000008b100000| 50%| E|  |TAMS 0x000000008b000000, 0x000000008b000000| Complete 
| 123|0x000000008b100000, 0x000000008b200000, 0x000000008b200000|100%| E|CS|TAMS 0x000000008b100000, 0x000000008b100000| Complete 
| 124|0x000000008b200000, 0x000000008b300000, 0x000000008b300000|100%| E|CS|TAMS 0x000000008b200000, 0x000000008b200000| Complete 
| 125|0x000000008b300000, 0x000000008b400000, 0x000000008b400000|100%| E|CS|TAMS 0x000000008b300000, 0x000000008b300000| Complete 

Card table byte_map: [0x000001edcfe20000,0x000001edd0210000] _byte_map_base: 0x000001edcfa05000

Marking Bits (Prev, Next): (CMBitMap*) 0x000001edb7ff12a8, (CMBitMap*) 0x000001edb7ff12e0
 Prev Bits: [0x000001edd0600000, 0x000001edd2528000)
 Next Bits: [0x000001edd2530000, 0x000001edd4458000)

Polling page: 0x000001edb5fc0000

Metaspace:

Usage:
  Non-class:     11.53 MB capacity,    11.46 MB (>99%) used,    67.38 KB ( <1%) free+waste,     8.69 KB ( <1%) overhead. 
      Class:      1.21 MB capacity,     1.19 MB ( 98%) used,    22.80 KB (  2%) free+waste,     2.63 KB ( <1%) overhead. 
       Both:     12.74 MB capacity,    12.64 MB (>99%) used,    90.18 KB ( <1%) free+waste,    11.31 KB ( <1%) overhead. 

Virtual space:
  Non-class space:       12.00 MB reserved,      11.75 MB ( 98%) committed 
      Class space:        1.00 GB reserved,       1.25 MB ( <1%) committed 
             Both:        1.01 GB reserved,      13.00 MB (  1%) committed 

Chunk freelists:
   Non-Class:  31.00 KB
       Class:  9.00 KB
        Both:  40.00 KB

MaxMetaspaceSize: 17179869184.00 GB
CompressedClassSpaceSize: 1.00 GB
Initial GC threshold: 20.80 MB
Current GC threshold: 20.80 MB
CDS: off

CodeHeap 'non-profiled nmethods': size=120000Kb used=209Kb max_used=209Kb free=119790Kb
 bounds [0x000001edc81d0000, 0x000001edc8440000, 0x000001edcf700000]
CodeHeap 'profiled nmethods': size=120000Kb used=1314Kb max_used=1314Kb free=118685Kb
 bounds [0x000001edc0ca0000, 0x000001edc0f10000, 0x000001edc81d0000]
CodeHeap 'non-nmethods': size=5760Kb used=1142Kb max_used=1156Kb free=4617Kb
 bounds [0x000001edc0700000, 0x000001edc0970000, 0x000001edc0ca0000]
 total_blobs=1133 nmethods=750 adapters=296
 compilation: enabled
              stopped_count=0, restarted_count=0
 full_count=0

Compilation events (20 events):
Event: 1.693 Thread 0x000001edd77e4000  726       1       kotlin.reflect.jvm.internal.impl.serialization.deserialization.DeserializationContext::getNameResolver (5 bytes)
Event: 1.693 Thread 0x000001edd77e4000 nmethod 726 0x000001edc8203b10 code [0x000001edc8203cc0, 0x000001edc8203d78]
Event: 1.693 Thread 0x000001edd77e4000  739       3       java.util.LinkedHashMap$LinkedHashIterator::hasNext (13 bytes)
Event: 1.694 Thread 0x000001edd77e4000 nmethod 739 0x000001edc0ddb910 code [0x000001edc0ddbac0, 0x000001edc0ddbc18]
Event: 1.694 Thread 0x000001edd77e4000  740       3       java.util.LinkedHashMap$LinkedHashIterator::nextNode (54 bytes)
Event: 1.694 Thread 0x000001edd77e1000  742       4       java.lang.StringBuilder::toString (35 bytes)
Event: 1.694 Thread 0x000001edd77e4000 nmethod 740 0x000001edc0ddbc90 code [0x000001edc0ddbe80, 0x000001edc0ddc1f8]
Event: 1.694 Thread 0x000001edd77e4000  741       3       java.util.LinkedHashMap$LinkedKeyIterator::next (8 bytes)
Event: 1.694 Thread 0x000001edd77e4000 nmethod 741 0x000001edc0ddc390 code [0x000001edc0ddc540, 0x000001edc0ddc688]
Event: 1.696 Thread 0x000001edd77e4000  743       3       java.util.ArrayList::<init> (61 bytes)
Event: 1.697 Thread 0x000001edd77e4000 nmethod 743 0x000001edc0ddc790 code [0x000001edc0ddca20, 0x000001edc0ddd578]
Event: 1.699 Thread 0x000001edd77e1000 nmethod 742 0x000001edc8203e10 code [0x000001edc8203fc0, 0x000001edc82043d8]
Event: 1.700 Thread 0x000001edd77e4000  744       3       java.util.ArrayList::newCapacity (65 bytes)
Event: 1.700 Thread 0x000001edd77e1000  750       4       kotlin.reflect.jvm.internal.impl.protobuf.CodedInputStream::readTag (41 bytes)
Event: 1.700 Thread 0x000001edd77e4000 nmethod 744 0x000001edc0ddd910 code [0x000001edc0dddb20, 0x000001edc0dde098]
Event: 1.700 Thread 0x000001edd77e4000  749   !   3       kotlin.reflect.jvm.internal.impl.metadata.ProtoBuf$Type::<init> (875 bytes)
Event: 1.707 Thread 0x000001edd77e4000 nmethod 749 0x000001edc0dde210 code [0x000001edc0ddeac0, 0x000001edc0de4d78]
Event: 1.707 Thread 0x000001edd77e4000  751       3       kotlin.reflect.jvm.internal.impl.metadata.ProtoBuf$Type::hasOuterType (20 bytes)
Event: 1.707 Thread 0x000001edd77e4000 nmethod 751 0x000001edc0de7110 code [0x000001edc0de72c0, 0x000001edc0de7438]
Event: 1.707 Thread 0x000001edd77e4000  745       3       kotlin.reflect.jvm.internal.impl.metadata.ProtoBuf$Type::initFields (79 bytes)

GC Heap History (2 events):
Event: 1.600 GC heap before
{Heap before GC invocations=0 (full 0):
 garbage-first heap   total 129024K, used 27648K [0x0000000083600000, 0x0000000100000000)
  region size 1024K, 24 young (24576K), 0 survivors (0K)
 Metaspace       used 12396K, capacity 12504K, committed 12800K, reserved 1060864K
  class space    used 1150K, capacity 1207K, committed 1280K, reserved 1048576K
}
Event: 1.605 GC heap after
{Heap after GC invocations=1 (full 0):
 garbage-first heap   total 129024K, used 5881K [0x0000000083600000, 0x0000000100000000)
  region size 1024K, 3 young (3072K), 3 survivors (3072K)
 Metaspace       used 12396K, capacity 12504K, committed 12800K, reserved 1060864K
  class space    used 1150K, capacity 1207K, committed 1280K, reserved 1048576K
}

Deoptimization events (20 events):
Event: 0.276 Thread 0x000001edb7fb1000 DEOPT PACKING pc=0x000001edc0cc163b sp=0x0000002fb12faba0
Event: 0.276 Thread 0x000001edb7fb1000 DEOPT UNPACKING pc=0x000001edc0749d0e sp=0x0000002fb12fa070 mode 0
Event: 0.276 Thread 0x000001edb7fb1000 DEOPT PACKING pc=0x000001edc0cc163b sp=0x0000002fb12faba0
Event: 0.276 Thread 0x000001edb7fb1000 DEOPT UNPACKING pc=0x000001edc0749d0e sp=0x0000002fb12fa070 mode 0
Event: 0.277 Thread 0x000001edb7fb1000 DEOPT PACKING pc=0x000001edc0cc163b sp=0x0000002fb12faba0
Event: 0.277 Thread 0x000001edb7fb1000 DEOPT UNPACKING pc=0x000001edc0749d0e sp=0x0000002fb12fa070 mode 0
Event: 0.281 Thread 0x000001edb7fb1000 DEOPT PACKING pc=0x000001edc0cc163b sp=0x0000002fb12faba0
Event: 0.281 Thread 0x000001edb7fb1000 DEOPT UNPACKING pc=0x000001edc0749d0e sp=0x0000002fb12fa070 mode 0
Event: 0.281 Thread 0x000001edb7fb1000 DEOPT PACKING pc=0x000001edc0cc1c8e sp=0x0000002fb12fabd0
Event: 0.281 Thread 0x000001edb7fb1000 DEOPT UNPACKING pc=0x000001edc0749d0e sp=0x0000002fb12fa070 mode 0
Event: 0.281 Thread 0x000001edb7fb1000 DEOPT PACKING pc=0x000001edc0cc163b sp=0x0000002fb12faba0
Event: 0.281 Thread 0x000001edb7fb1000 DEOPT UNPACKING pc=0x000001edc0749d0e sp=0x0000002fb12fa070 mode 0
Event: 0.573 Thread 0x000001edb7fb1000 DEOPT PACKING pc=0x000001edc0ce5622 sp=0x0000002fb12fd730
Event: 0.573 Thread 0x000001edb7fb1000 DEOPT UNPACKING pc=0x000001edc0749d0e sp=0x0000002fb12fcb98 mode 0
Event: 0.585 Thread 0x000001edb7fb1000 DEOPT PACKING pc=0x000001edc0ccbed0 sp=0x0000002fb12ee010
Event: 0.585 Thread 0x000001edb7fb1000 DEOPT UNPACKING pc=0x000001edc0749d0e sp=0x0000002fb12ed498 mode 0
Event: 1.462 Thread 0x000001edb7fb1000 DEOPT PACKING pc=0x000001edc0cf1fb0 sp=0x0000002fb12fb940
Event: 1.462 Thread 0x000001edb7fb1000 DEOPT UNPACKING pc=0x000001edc0749d0e sp=0x0000002fb12fae58 mode 0
Event: 1.609 Thread 0x000001edb7fb1000 DEOPT PACKING pc=0x000001edc0ceed7f sp=0x0000002fb12fd260
Event: 1.609 Thread 0x000001edb7fb1000 DEOPT UNPACKING pc=0x000001edc0749d0e sp=0x0000002fb12fc6b0 mode 0

Classes redefined (0 events):
No events

Internal exceptions (0 events):
No events

Events (20 events):
Event: 1.674 loading class kotlin/reflect/jvm/internal/pcollections/ConsPStack$Itr
Event: 1.674 loading class kotlin/reflect/jvm/internal/pcollections/ConsPStack$Itr done
Event: 1.682 loading class kotlin/reflect/jvm/internal/impl/serialization/deserialization/descriptors/DeserializedAnnotations
Event: 1.682 loading class kotlin/reflect/jvm/internal/impl/serialization/deserialization/descriptors/DeserializedAnnotations done
Event: 1.683 loading class kotlin/reflect/jvm/internal/impl/serialization/deserialization/TypeDeserializer$simpleType$annotations$1
Event: 1.683 loading class kotlin/reflect/jvm/internal/impl/serialization/deserialization/TypeDeserializer$simpleType$annotations$1 done
Event: 1.684 loading class kotlin/reflect/jvm/internal/impl/descriptors/TypeAliasDescriptor
Event: 1.684 loading class kotlin/reflect/jvm/internal/impl/descriptors/TypeAliasDescriptor done
Event: 1.689 loading class kotlin/reflect/jvm/internal/impl/builtins/jvm/JvmBuiltInsSignatures
Event: 1.689 loading class kotlin/reflect/jvm/internal/impl/builtins/jvm/JvmBuiltInsSignatures done
Event: 1.692 loading class kotlin/reflect/jvm/internal/impl/load/kotlin/SignatureBuildingComponents
Event: 1.692 loading class kotlin/reflect/jvm/internal/impl/load/kotlin/SignatureBuildingComponents done
Event: 1.696 loading class kotlin/reflect/jvm/internal/impl/descriptors/NotFoundClasses$MockClassDescriptor
Event: 1.696 loading class kotlin/reflect/jvm/internal/impl/descriptors/NotFoundClasses$MockClassDescriptor done
Event: 1.698 loading class kotlin/reflect/jvm/internal/impl/storage/SingleThreadValue
Event: 1.698 loading class kotlin/reflect/jvm/internal/impl/storage/SingleThreadValue done
Event: 1.698 loading class kotlin/reflect/jvm/internal/impl/types/AbstractTypeConstructor$supertypes$3$resultWithoutCycles$1
Event: 1.698 loading class kotlin/reflect/jvm/internal/impl/types/AbstractTypeConstructor$supertypes$3$resultWithoutCycles$1 done
Event: 1.699 loading class kotlin/reflect/jvm/internal/impl/types/AbstractTypeConstructor$supertypes$3$resultWithoutCycles$2
Event: 1.699 loading class kotlin/reflect/jvm/internal/impl/types/AbstractTypeConstructor$supertypes$3$resultWithoutCycles$2 done


Dynamic libraries:
0x00007ff65ef20000 - 0x00007ff65ef2d000 	C:\Program Files\OpenJDK\openjdk-11.0.16_8\bin\java.exe
0x00007ff91a0d0000 - 0x00007ff91a2e4000 	C:\WINDOWS\SYSTEM32\ntdll.dll
0x00007ff9185a0000 - 0x00007ff918662000 	C:\WINDOWS\System32\KERNEL32.DLL
0x00007ff9176d0000 - 0x00007ff917a6c000 	C:\WINDOWS\System32\KERNELBASE.dll
0x00007ff917dc0000 - 0x00007ff917ed1000 	C:\WINDOWS\System32\ucrtbase.dll
0x00007ff8e6ee0000 - 0x00007ff8e6ef5000 	C:\Program Files\OpenJDK\openjdk-11.0.16_8\bin\VCRUNTIME140.dll
0x00007ff8e68b0000 - 0x00007ff8e68c7000 	C:\Program Files\OpenJDK\openjdk-11.0.16_8\bin\jli.dll
0x00007ff917f20000 - 0x00007ff9180cb000 	C:\WINDOWS\System32\USER32.dll
0x00007ff917630000 - 0x00007ff917656000 	C:\WINDOWS\System32\win32u.dll
0x00007ff903c70000 - 0x00007ff903efe000 	C:\WINDOWS\WinSxS\amd64_microsoft.windows.common-controls_6595b64144ccf1df_6.0.22621.317_none_a9434687c10c9fa2\COMCTL32.dll
0x00007ff918e50000 - 0x00007ff918e79000 	C:\WINDOWS\System32\GDI32.dll
0x00007ff918be0000 - 0x00007ff918c87000 	C:\WINDOWS\System32\msvcrt.dll
0x00007ff917510000 - 0x00007ff917622000 	C:\WINDOWS\System32\gdi32full.dll
0x00007ff917be0000 - 0x00007ff917c7a000 	C:\WINDOWS\System32\msvcp_win.dll
0x00007ff917ee0000 - 0x00007ff917f11000 	C:\WINDOWS\System32\IMM32.DLL
0x00007ff8b6120000 - 0x00007ff8b61bb000 	C:\Program Files\OpenJDK\openjdk-11.0.16_8\bin\msvcp140.dll
0x00007ff889590000 - 0x00007ff88a09e000 	C:\Program Files\OpenJDK\openjdk-11.0.16_8\bin\server\jvm.dll
0x00007ff9188a0000 - 0x00007ff91894e000 	C:\WINDOWS\System32\ADVAPI32.dll
0x00007ff9181f0000 - 0x00007ff918294000 	C:\WINDOWS\System32\sechost.dll
0x00007ff918460000 - 0x00007ff918575000 	C:\WINDOWS\System32\RPCRT4.dll
0x00007ff918450000 - 0x00007ff918458000 	C:\WINDOWS\System32\PSAPI.DLL
0x00007ff8f8200000 - 0x00007ff8f8209000 	C:\WINDOWS\SYSTEM32\WSOCK32.dll
0x00007ff918170000 - 0x00007ff9181e1000 	C:\WINDOWS\System32\WS2_32.dll
0x00007ff90eeb0000 - 0x00007ff90eee4000 	C:\WINDOWS\SYSTEM32\WINMM.dll
0x00007ff907e70000 - 0x00007ff907e7a000 	C:\WINDOWS\SYSTEM32\VERSION.dll
0x00007ff916550000 - 0x00007ff916568000 	C:\WINDOWS\SYSTEM32\kernel.appcore.dll
0x00007ff8f8ed0000 - 0x00007ff8f8ee0000 	C:\Program Files\OpenJDK\openjdk-11.0.16_8\bin\verify.dll
0x00007ff914aa0000 - 0x00007ff914cce000 	C:\WINDOWS\SYSTEM32\DBGHELP.DLL
0x00007ff919670000 - 0x00007ff9199f9000 	C:\WINDOWS\System32\combase.dll
0x00007ff918670000 - 0x00007ff918747000 	C:\WINDOWS\System32\OLEAUT32.dll
0x00007ff9079e0000 - 0x00007ff907a12000 	C:\WINDOWS\SYSTEM32\dbgcore.DLL
0x00007ff917c80000 - 0x00007ff917cfb000 	C:\WINDOWS\System32\bcryptPrimitives.dll
0x00007ff8e1b70000 - 0x00007ff8e1b98000 	C:\Program Files\OpenJDK\openjdk-11.0.16_8\bin\java.dll
0x00007ff8f8e90000 - 0x00007ff8f8e9a000 	C:\Program Files\OpenJDK\openjdk-11.0.16_8\bin\jimage.dll
0x00007ff8df0f0000 - 0x00007ff8df108000 	C:\Program Files\OpenJDK\openjdk-11.0.16_8\bin\zip.dll
0x00007ff918e90000 - 0x00007ff91966b000 	C:\WINDOWS\System32\SHELL32.dll
0x00007ff915520000 - 0x00007ff915dd5000 	C:\WINDOWS\SYSTEM32\windows.storage.dll
0x00007ff9153e0000 - 0x00007ff91551d000 	C:\WINDOWS\SYSTEM32\wintypes.dll
0x00007ff918ae0000 - 0x00007ff918bd1000 	C:\WINDOWS\System32\SHCORE.dll
0x00007ff918750000 - 0x00007ff9187ae000 	C:\WINDOWS\System32\shlwapi.dll
0x00007ff917440000 - 0x00007ff917461000 	C:\WINDOWS\SYSTEM32\profapi.dll
0x00007ff8ce950000 - 0x00007ff8ce969000 	C:\Program Files\OpenJDK\openjdk-11.0.16_8\bin\net.dll
0x00007ff911660000 - 0x00007ff91178f000 	C:\WINDOWS\SYSTEM32\WINHTTP.dll
0x00007ff9169a0000 - 0x00007ff916a09000 	C:\WINDOWS\system32\mswsock.dll
0x00007ff8cca00000 - 0x00007ff8cca13000 	C:\Program Files\OpenJDK\openjdk-11.0.16_8\bin\nio.dll

dbghelp: loaded successfully - version: 4.0.5 - missing functions: none
symbol engine: initialized successfully - sym options: 0x614 - pdb path: .;C:\Program Files\OpenJDK\openjdk-11.0.16_8\bin;C:\WINDOWS\SYSTEM32;C:\WINDOWS\WinSxS\amd64_microsoft.windows.common-controls_6595b64144ccf1df_6.0.22621.317_none_a9434687c10c9fa2;C:\Program Files\OpenJDK\openjdk-11.0.16_8\bin\server

VM Arguments:
java_command: org.jetbrains.kotlin.cli.jvm.K2JVMCompiler @D:\ReactNativeProjects\CLI\EcommV3\node_modules\react-native-screens\android\build\20221007_16430131860419897399.compiler.options
java_class_path (initial): C:\Users\Shoaib\.gradle\caches\modules-2\files-2.1\org.jetbrains.kotlin\kotlin-compiler-embeddable\1.6.21\97bdd5a752ce73b58ef16c17bc7f0ea2faff7a2e\kotlin-compiler-embeddable-1.6.21.jar;C:\Users\Shoaib\.gradle\caches\modules-2\files-2.1\org.jetbrains.kotlin\kotlin-reflect\1.6.21\5dc3574d9b7bebfcb4ec6b10ada4aaa9e140bd0b\kotlin-reflect-1.6.21.jar;C:\Users\Shoaib\.gradle\caches\modules-2\files-2.1\org.jetbrains.kotlin\kotlin-stdlib\1.6.21\11ef67f1900634fd951bad28c53ec957fabbe5b8\kotlin-stdlib-1.6.21.jar;C:\Users\Shoaib\.gradle\caches\modules-2\files-2.1\org.jetbrains.kotlin\kotlin-script-runtime\1.6.21\99c6675100da5d6d5b1c5a1032f27f28008d101b\kotlin-script-runtime-1.6.21.jar;C:\Users\Shoaib\.gradle\caches\modules-2\files-2.1\org.jetbrains.kotlin\kotlin-daemon-embeddable\1.6.21\46b78cf392e1c4f10854c3cadba44abb7b82250f\kotlin-daemon-embeddable-1.6.21.jar;C:\Users\Shoaib\.gradle\caches\modules-2\files-2.1\org.jetbrains.intellij.deps\trove4j\1.0.20200330\3afb14d5f9ceb459d724e907a21145e8ff394f02\trove4j-1.0.20200330.jar;C:\Users\Shoaib\.gradle\caches\modules-2\files-2.1\net.java.dev.jna\jna\5.6.0\330f2244e9030119ab3030fc3fededc86713d9cc\jna-5.6.0.jar;C:\Users\Shoaib\.gradle\caches\modules-2\files-2.1\org.jetbrains.kotlin\kotlin-stdlib-common\1.6.21\5e5b55c26dbc80372a920aef60eb774b714559b8\kotlin-stdlib-common-1.6.21.jar;C:\Users\Shoaib\.gradle\caches\modules-2\files-2.1\org.jetbrains\annotations\13.0\919f0dfe192fb4e063e7dacadee7f8bb9a2672a9\annotations-13.0.jar
Launcher Type: SUN_STANDARD

[Global flags]
     intx CICompilerCount                          = 4                                         {product} {ergonomic}
     uint ConcGCThreads                            = 2                                         {product} {ergonomic}
     uint G1ConcRefinementThreads                  = 8                                         {product} {ergonomic}
   size_t G1HeapRegionSize                         = 1048576                                   {product} {ergonomic}
    uintx GCDrainStackTargetSize                   = 64                                        {product} {ergonomic}
   size_t InitialHeapSize                          = 132120576                                 {product} {ergonomic}
   size_t MarkStackSize                            = 4194304                                   {product} {ergonomic}
   size_t MaxHeapSize                              = 2090860544                                {product} {ergonomic}
   size_t MaxNewSize                               = 1254096896                                {product} {ergonomic}
   size_t MinHeapDeltaBytes                        = 1048576                                   {product} {ergonomic}
    uintx NonNMethodCodeHeapSize                   = 5836300                                {pd product} {ergonomic}
    uintx NonProfiledCodeHeapSize                  = 122910970                              {pd product} {ergonomic}
    uintx ProfiledCodeHeapSize                     = 122910970                              {pd product} {ergonomic}
    uintx ReservedCodeCacheSize                    = 251658240                              {pd product} {ergonomic}
     bool SegmentedCodeCache                       = true                                      {product} {ergonomic}
     bool UseCompressedClassPointers               = true                                 {lp64_product} {ergonomic}
     bool UseCompressedOops                        = true                                 {lp64_product} {ergonomic}
     bool UseG1GC                                  = true                                      {product} {ergonomic}
     bool UseLargePagesIndividualAllocation        = false                                  {pd product} {ergonomic}

Logging:
Log output configuration:
 #0: stdout all=warning uptime,level,tags
 #1: stderr all=off uptime,level,tags

Environment Variables:
JAVA_HOME=C:\Program Files\OpenJDK\openjdk-11.0.16_8
CLASSPATH=D:\ReactNativeProjects\CLI\EcommV3\android\\gradle\wrapper\gradle-wrapper.jar
PATH=D:\ReactNativeProjects\CLI\EcommV3\android\node_modules\.bin;D:\ReactNativeProjects\CLI\EcommV3\node_modules\.bin;D:\ReactNativeProjects\CLI\node_modules\.bin;D:\ReactNativeProjects\node_modules\.bin;D:\node_modules\.bin;C:\Program Files\nodejs;C:\Users\Shoaib\AppData\Local\Temp\yarn--1665115007085-0.8326985165581209;D:\ReactNativeProjects\CLI\EcommV3\node_modules\.bin;C:\Users\Shoaib\AppData\Local\Yarn\Data\link\node_modules\.bin;C:\Users\Shoaib\AppData\Local\Yarn\bin;C:\Program Files\libexec\lib\node_modules\npm\bin\node-gyp-bin;C:\Program Files\lib\node_modules\npm\bin\node-gyp-bin;C:\Program Files\nodejs\node_modules\npm\bin\node-gyp-bin;C:\app\Shoaib\product\11.2.0\client_1\bin;C:\DevSuiteHome_10g\jdk\jre\bin\classic;C:\DevSuiteHome_10g\jdk\jre\bin;C:\DevSuiteHome_10g\jdk\jre\bin\client;C:\DevSuiteHome_10g\jlib;C:\DevSuiteHome_10g\bin;C:\DevSuiteHome_10g\jre\1.4.2\bin\client;C:\DevSuiteHome_10g\jre\1.4.2\bin;C:\orant\bin;C:\WINDOWS\system32;C:\WINDOWS;C:\WINDOWS\System32\Wbem;C:\WINDOWS\System32\WindowsPowerShell\v1.0\;C:\WINDOWS\System32\OpenSSH\;C:\orant\jdk\bin;C:\Program Files (x86)\PuTTY\;C:\Program Files\nodejs\;C:\ProgramData\chocolatey\bin;C:\Program Files\OpenJDK\openjdk-11.0.16_8\bin;C:\Users\Shoaib\AppData\Local\Microsoft\WindowsApps;C:\Users\Shoaib\AppData\Roaming\npm;C:\Users\Shoaib\AppData\Local\Programs\Microsoft VS Code\bin;C:\Users\Shoaib\AppData\Local\Android\Sdk\platform-tools;
USERNAME=Shoaib
OS=Windows_NT
PROCESSOR_IDENTIFIER=Intel64 Family 6 Model 140 Stepping 1, GenuineIntel
TMP=C:\Users\Shoaib\AppData\Local\Temp
TEMP=C:\Users\Shoaib\AppData\Local\Temp



---------------  S Y S T E M  ---------------

OS: Windows 11 , 64 bit Build 22621 (10.0.22621.457)
OS uptime: 2 days 0:32 hours
Hyper-V role detected

CPU:total 8 (initial active 8) (4 cores per cpu, 2 threads per core) family 6 model 140 stepping 1 microcode 0xa4, cmov, cx8, fxsr, mmx, sse, sse2, sse3, ssse3, sse4.1, sse4.2, popcnt, avx, avx2, aes, clmul, erms, 3dnowpref, lzcnt, ht, tsc, tscinvbit, bmi1, bmi2, adx, evex, sha, fma

Memory: 4k page, system-wide physical 7975M (553M free)
TotalPageFile size 12071M (AvailPageFile size 3M)
current process WorkingSet (physical memory assigned to process): 78M, peak: 78M
current process commit charge ("private bytes"): 216M, peak: 216M

vm_info: OpenJDK 64-Bit Server VM (11.0.16+8) for windows-amd64 JRE (11.0.16+8), built on Jul 17 2022 01:33:05 by "tester" with MS VC++ 15.9 (VS2017)

END.
