#
# There is insufficient memory for the Java Runtime Environment to continue.
# Native memory allocation (malloc) failed to allocate 802016 bytes for Chunk::new
# Possible reasons:
#   The system is out of physical RAM or swap space
#   The process is running with CompressedOops enabled, and the Java Heap may be blocking the growth of the native heap
# Possible solutions:
#   Reduce memory load on the system
#   Increase physical memory or swap space
#   Check if swap backing store is full
#   Decrease Java heap size (-Xmx/-Xms)
#   Decrease number of Java threads
#   Decrease Java thread stack sizes (-Xss)
#   Set larger code cache with -XX:ReservedCodeCacheSize=
#   JVM is running with Unscaled Compressed Oops mode in which the Java heap is
#     placed in the first 4GB address space. The Java Heap base address is the
#     maximum limit for the native heap growth. Please use -XX:HeapBaseMinAddress
#     to set the Java Heap base and to place the Java Heap above 4GB virtual address.
# This output file may be truncated or incomplete.
#
#  Out of Memory Error (./src/hotspot/share/memory/arena.cpp:197), pid=21652, tid=12108
#
# JRE version: OpenJDK Runtime Environment 18.9 (11.0.16+8) (build 11.0.16+8)
# Java VM: OpenJDK 64-Bit Server VM 18.9 (11.0.16+8, mixed mode, tiered, compressed oops, g1 gc, windows-amd64)
# No core dump will be written. Minidumps are not enabled by default on client versions of Windows
#

---------------  S U M M A R Y ------------

Command Line: org.jetbrains.kotlin.cli.jvm.K2JVMCompiler @D:\ReactNativeProjects\CLI\EcommV3\node_modules\react-native-gesture-handler\android\build\20221007_5574717056873389188.compiler.options

Host: 11th Gen Intel(R) Core(TM) i5-1135G7 @ 2.40GHz, 8 cores, 7G,  Windows 11 , 64 bit Build 22621 (10.0.22621.457)
Time: Fri Oct  7 09:00:37 2022 Pakistan Standard Time elapsed time: 14.394930 seconds (0d 0h 0m 14s)

---------------  T H R E A D  ---------------

Current thread (0x000002db9998e000):  JavaThread "C2 CompilerThread0" daemon [_thread_in_native, id=12108, stack(0x000000ebe0d00000,0x000000ebe0e00000)]


Current CompileTask:
C2:  14395 5848       4       org.jetbrains.kotlin.parsing.KotlinExpressionParsing::parseAnnotatedLambda (81 bytes)

Stack: [0x000000ebe0d00000,0x000000ebe0e00000]
Native frames: (J=compiled Java code, j=interpreted, Vv=VM code, C=native code)
V  [jvm.dll+0x61a63a]
V  [jvm.dll+0x757439]
V  [jvm.dll+0x758b28]
V  [jvm.dll+0x759203]
V  [jvm.dll+0x24d9a8]
V  [jvm.dll+0xc148c]
V  [jvm.dll+0xc1a4c]
V  [jvm.dll+0x2befd4]
V  [jvm.dll+0x52af12]
V  [jvm.dll+0x206646]
V  [jvm.dll+0x2086ec]
V  [jvm.dll+0x205dbb]
V  [jvm.dll+0x187ec1]
V  [jvm.dll+0x2156a4]
V  [jvm.dll+0x2138eb]
V  [jvm.dll+0x71a000]
V  [jvm.dll+0x712f34]
V  [jvm.dll+0x6194a5]
C  [ucrtbase.dll+0x29363]
C  [KERNEL32.DLL+0x1244d]
C  [ntdll.dll+0x5df78]


---------------  P R O C E S S  ---------------

Threads class SMR info:
_java_thread_list=0x000002db9b4d6fb0, length=11, elements={
0x000002dbfa9a4000, 0x000002db9996a000, 0x000002db99977000, 0x000002db99986800,
0x000002db99987800, 0x000002db9998c800, 0x000002db9998e000, 0x000002db9a297000,
0x000002db9a299000, 0x000002db9a44f800, 0x000002db9c107800
}

Java Threads: ( => current thread )
  0x000002dbfa9a4000 JavaThread "main" [_thread_in_vm, id=22564, stack(0x000000ebe0100000,0x000000ebe0200000)]
  0x000002db9996a000 JavaThread "Reference Handler" daemon [_thread_blocked, id=19516, stack(0x000000ebe0800000,0x000000ebe0900000)]
  0x000002db99977000 JavaThread "Finalizer" daemon [_thread_blocked, id=21792, stack(0x000000ebe0900000,0x000000ebe0a00000)]
  0x000002db99986800 JavaThread "Signal Dispatcher" daemon [_thread_blocked, id=15156, stack(0x000000ebe0a00000,0x000000ebe0b00000)]
  0x000002db99987800 JavaThread "Attach Listener" daemon [_thread_blocked, id=9592, stack(0x000000ebe0b00000,0x000000ebe0c00000)]
  0x000002db9998c800 JavaThread "Service Thread" daemon [_thread_blocked, id=15412, stack(0x000000ebe0c00000,0x000000ebe0d00000)]
=>0x000002db9998e000 JavaThread "C2 CompilerThread0" daemon [_thread_in_native, id=12108, stack(0x000000ebe0d00000,0x000000ebe0e00000)]
  0x000002db9a297000 JavaThread "C1 CompilerThread0" daemon [_thread_blocked, id=26024, stack(0x000000ebe0e00000,0x000000ebe0f00000)]
  0x000002db9a299000 JavaThread "Sweeper thread" daemon [_thread_blocked, id=20044, stack(0x000000ebe0f00000,0x000000ebe1000000)]
  0x000002db9a44f800 JavaThread "Common-Cleaner" daemon [_thread_blocked, id=2252, stack(0x000000ebe1100000,0x000000ebe1200000)]
  0x000002db9c107800 JavaThread "C2 CompilerThread1" daemon [_thread_in_native, id=23664, stack(0x000000ebe1500000,0x000000ebe1600000)]

Other Threads:
  0x000002db99966000 VMThread "VM Thread" [stack: 0x000000ebe0700000,0x000000ebe0800000] [id=21268]
  0x000002db9a446800 WatcherThread [stack: 0x000000ebe1000000,0x000000ebe1100000] [id=24176]
  0x000002dbf893a000 GCTaskThread "GC Thread#0" [stack: 0x000000ebe0200000,0x000000ebe0300000] [id=2696]
  0x000002db9aa80000 GCTaskThread "GC Thread#1" [stack: 0x000000ebe1300000,0x000000ebe1400000] [id=23272]
  0x000002db9aa13800 GCTaskThread "GC Thread#2" [stack: 0x000000ebe1400000,0x000000ebe1500000] [id=9316]
  0x000002dbfa9e5800 ConcurrentGCThread "G1 Main Marker" [stack: 0x000000ebe0300000,0x000000ebe0400000] [id=24816]
  0x000002dbfa9e8000 ConcurrentGCThread "G1 Conc#0" [stack: 0x000000ebe0400000,0x000000ebe0500000] [id=14916]
  0x000002db9b8a7000 ConcurrentGCThread "G1 Conc#1" [stack: 0x000000ebe1200000,0x000000ebe1300000] [id=11928]
  0x000002db997b0800 ConcurrentGCThread "G1 Refine#0" [stack: 0x000000ebe0500000,0x000000ebe0600000] [id=16120]
  0x000002db997b1800 ConcurrentGCThread "G1 Young RemSet Sampling" [stack: 0x000000ebe0600000,0x000000ebe0700000] [id=9568]

Threads with active compile tasks:
C2 CompilerThread0    14420 5848       4       org.jetbrains.kotlin.parsing.KotlinExpressionParsing::parseAnnotatedLambda (81 bytes)
C2 CompilerThread1    14421 5868       4       org.jetbrains.kotlin.serialization.deserialization.descriptors.DeserializedPackageMemberScope::hasClass (116 bytes)

VM state:not at safepoint (normal execution)

VM Mutex/Monitor currently owned by a thread: None

Heap address: 0x0000000083600000, size: 1994 MB, Compressed Oops mode: 32-bit
Narrow klass base: 0x0000000000000000, Narrow klass shift: 3
Compressed class space size: 1073741824 Address: 0x0000000100000000

Heap:
 garbage-first heap   total 155648K, used 45014K [0x0000000083600000, 0x0000000100000000)
  region size 1024K, 12 young (12288K), 8 survivors (8192K)
 Metaspace       used 57072K, capacity 57790K, committed 57856K, reserved 1099776K
  class space    used 6622K, capacity 6904K, committed 6912K, reserved 1048576K
Heap Regions: E=young(eden), S=young(survivor), O=old, HS=humongous(starts), HC=humongous(continues), CS=collection set, F=free, A=archive, TAMS=top-at-mark-start (previous, next)
|   0|0x0000000083600000, 0x0000000083700000, 0x0000000083700000|100%|HS|  |TAMS 0x0000000083700000, 0x0000000083600000| Complete 
|   1|0x0000000083700000, 0x0000000083800000, 0x0000000083800000|100%|HC|  |TAMS 0x0000000083800000, 0x0000000083700000| Complete 
|   2|0x0000000083800000, 0x0000000083900000, 0x0000000083900000|100%|HC|  |TAMS 0x0000000083900000, 0x0000000083800000| Complete 
|   3|0x0000000083900000, 0x0000000083a00000, 0x0000000083a00000|100%|HS|  |TAMS 0x0000000083a00000, 0x0000000083900000| Complete 
|   4|0x0000000083a00000, 0x0000000083b00000, 0x0000000083b00000|100%|HC|  |TAMS 0x0000000083b00000, 0x0000000083a00000| Complete 
|   5|0x0000000083b00000, 0x0000000083c00000, 0x0000000083c00000|100%|HC|  |TAMS 0x0000000083c00000, 0x0000000083b00000| Complete 
|   6|0x0000000083c00000, 0x0000000083d00000, 0x0000000083d00000|100%|HS|  |TAMS 0x0000000083d00000, 0x0000000083c00000| Complete 
|   7|0x0000000083d00000, 0x0000000083e00000, 0x0000000083e00000|100%|HC|  |TAMS 0x0000000083e00000, 0x0000000083d00000| Complete 
|   8|0x0000000083e00000, 0x0000000083f00000, 0x0000000083f00000|100%|HC|  |TAMS 0x0000000083f00000, 0x0000000083e00000| Complete 
|   9|0x0000000083f00000, 0x0000000084000000, 0x0000000084000000|100%| O|  |TAMS 0x0000000084000000, 0x0000000083f00000| Untracked 
|  10|0x0000000084000000, 0x0000000084100000, 0x0000000084100000|100%| O|  |TAMS 0x0000000084100000, 0x0000000084000000| Untracked 
|  11|0x0000000084100000, 0x0000000084200000, 0x0000000084200000|100%| O|  |TAMS 0x0000000084200000, 0x0000000084100000| Untracked 
|  12|0x0000000084200000, 0x0000000084300000, 0x0000000084300000|100%| O|  |TAMS 0x0000000084300000, 0x0000000084200000| Untracked 
|  13|0x0000000084300000, 0x0000000084400000, 0x0000000084400000|100%|HS|  |TAMS 0x0000000084300000, 0x0000000084300000| Complete 
|  14|0x0000000084400000, 0x0000000084500000, 0x0000000084500000|100%|HC|  |TAMS 0x0000000084400000, 0x0000000084400000| Complete 
|  15|0x0000000084500000, 0x0000000084600000, 0x0000000084600000|100%| O|  |TAMS 0x0000000084600000, 0x0000000084500000| Untracked 
|  16|0x0000000084600000, 0x0000000084700000, 0x0000000084700000|100%| O|  |TAMS 0x0000000084700000, 0x0000000084600000| Untracked 
|  17|0x0000000084700000, 0x0000000084800000, 0x0000000084800000|100%| O|  |TAMS 0x0000000084800000, 0x0000000084700000| Untracked 
|  18|0x0000000084800000, 0x0000000084900000, 0x0000000084900000|100%| O|  |TAMS 0x0000000084900000, 0x0000000084800000| Untracked 
|  19|0x0000000084900000, 0x0000000084a00000, 0x0000000084a00000|100%| O|  |TAMS 0x0000000084a00000, 0x0000000084900000| Untracked 
|  20|0x0000000084a00000, 0x0000000084b00000, 0x0000000084b00000|100%| O|  |TAMS 0x0000000084b00000, 0x0000000084a00000| Untracked 
|  21|0x0000000084b00000, 0x0000000084c00000, 0x0000000084c00000|100%| O|  |TAMS 0x0000000084c00000, 0x0000000084b00000| Untracked 
|  22|0x0000000084c00000, 0x0000000084d00000, 0x0000000084d00000|100%| O|  |TAMS 0x0000000084d00000, 0x0000000084c00000| Untracked 
|  23|0x0000000084d00000, 0x0000000084e00000, 0x0000000084e00000|100%| O|  |TAMS 0x0000000084d00000, 0x0000000084d00000| Untracked 
|  24|0x0000000084e00000, 0x0000000084e00000, 0x0000000084f00000|  0%| F|  |TAMS 0x0000000084e00000, 0x0000000084e00000| Untracked 
|  25|0x0000000084f00000, 0x0000000085000000, 0x0000000085000000|100%| O|  |TAMS 0x0000000084f00000, 0x0000000084f00000| Untracked 
|  26|0x0000000085000000, 0x0000000085100000, 0x0000000085100000|100%| O|  |TAMS 0x0000000085000000, 0x0000000085000000| Untracked 
|  27|0x0000000085100000, 0x0000000085200000, 0x0000000085200000|100%| O|  |TAMS 0x0000000085100000, 0x0000000085100000| Untracked 
|  28|0x0000000085200000, 0x0000000085300000, 0x0000000085300000|100%| O|  |TAMS 0x0000000085200000, 0x0000000085200000| Untracked 
|  29|0x0000000085300000, 0x0000000085400000, 0x0000000085400000|100%| O|  |TAMS 0x0000000085300000, 0x0000000085300000| Untracked 
|  30|0x0000000085400000, 0x0000000085500000, 0x0000000085500000|100%| O|  |TAMS 0x0000000085400000, 0x0000000085400000| Untracked 
|  31|0x0000000085500000, 0x0000000085600000, 0x0000000085600000|100%| O|  |TAMS 0x0000000085500000, 0x0000000085500000| Untracked 
|  32|0x0000000085600000, 0x0000000085700000, 0x0000000085700000|100%| O|  |TAMS 0x0000000085600000, 0x0000000085600000| Untracked 
|  33|0x0000000085700000, 0x0000000085800000, 0x0000000085800000|100%| O|  |TAMS 0x0000000085700000, 0x0000000085700000| Untracked 
|  34|0x0000000085800000, 0x0000000085800000, 0x0000000085900000|  0%| F|  |TAMS 0x0000000085800000, 0x0000000085800000| Untracked 
|  35|0x0000000085900000, 0x0000000085900000, 0x0000000085a00000|  0%| F|  |TAMS 0x0000000085900000, 0x0000000085900000| Untracked 
|  36|0x0000000085a00000, 0x0000000085a00000, 0x0000000085b00000|  0%| F|  |TAMS 0x0000000085a00000, 0x0000000085a00000| Untracked 
|  37|0x0000000085b00000, 0x0000000085b00000, 0x0000000085c00000|  0%| F|  |TAMS 0x0000000085b00000, 0x0000000085b00000| Untracked 
|  38|0x0000000085c00000, 0x0000000085c00000, 0x0000000085d00000|  0%| F|  |TAMS 0x0000000085c00000, 0x0000000085c00000| Untracked 
|  39|0x0000000085d00000, 0x0000000085d00000, 0x0000000085e00000|  0%| F|  |TAMS 0x0000000085d00000, 0x0000000085d00000| Untracked 
|  40|0x0000000085e00000, 0x0000000085e00000, 0x0000000085f00000|  0%| F|  |TAMS 0x0000000085e00000, 0x0000000085e00000| Untracked 
|  41|0x0000000085f00000, 0x0000000085f00000, 0x0000000086000000|  0%| F|  |TAMS 0x0000000085f00000, 0x0000000085f00000| Untracked 
|  42|0x0000000086000000, 0x0000000086000000, 0x0000000086100000|  0%| F|  |TAMS 0x0000000086000000, 0x0000000086000000| Untracked 
|  43|0x0000000086100000, 0x0000000086100000, 0x0000000086200000|  0%| F|  |TAMS 0x0000000086100000, 0x0000000086100000| Untracked 
|  44|0x0000000086200000, 0x0000000086200000, 0x0000000086300000|  0%| F|  |TAMS 0x0000000086200000, 0x0000000086200000| Untracked 
|  45|0x0000000086300000, 0x0000000086300000, 0x0000000086400000|  0%| F|  |TAMS 0x0000000086300000, 0x0000000086300000| Untracked 
|  46|0x0000000086400000, 0x0000000086400000, 0x0000000086500000|  0%| F|  |TAMS 0x0000000086400000, 0x0000000086400000| Untracked 
|  47|0x0000000086500000, 0x0000000086500000, 0x0000000086600000|  0%| F|  |TAMS 0x0000000086500000, 0x0000000086500000| Untracked 
|  48|0x0000000086600000, 0x0000000086600000, 0x0000000086700000|  0%| F|  |TAMS 0x0000000086600000, 0x0000000086600000| Untracked 
|  49|0x0000000086700000, 0x0000000086700000, 0x0000000086800000|  0%| F|  |TAMS 0x0000000086700000, 0x0000000086700000| Untracked 
|  50|0x0000000086800000, 0x0000000086800000, 0x0000000086900000|  0%| F|  |TAMS 0x0000000086800000, 0x0000000086800000| Untracked 
|  51|0x0000000086900000, 0x0000000086900000, 0x0000000086a00000|  0%| F|  |TAMS 0x0000000086900000, 0x0000000086900000| Untracked 
|  52|0x0000000086a00000, 0x0000000086a00000, 0x0000000086b00000|  0%| F|  |TAMS 0x0000000086a00000, 0x0000000086a00000| Untracked 
|  53|0x0000000086b00000, 0x0000000086b00000, 0x0000000086c00000|  0%| F|  |TAMS 0x0000000086b00000, 0x0000000086b00000| Untracked 
|  54|0x0000000086c00000, 0x0000000086c00000, 0x0000000086d00000|  0%| F|  |TAMS 0x0000000086c00000, 0x0000000086c00000| Untracked 
|  55|0x0000000086d00000, 0x0000000086d00000, 0x0000000086e00000|  0%| F|  |TAMS 0x0000000086d00000, 0x0000000086d00000| Untracked 
|  56|0x0000000086e00000, 0x0000000086e00000, 0x0000000086f00000|  0%| F|  |TAMS 0x0000000086e00000, 0x0000000086e00000| Untracked 
|  57|0x0000000086f00000, 0x0000000086f00000, 0x0000000087000000|  0%| F|  |TAMS 0x0000000086f00000, 0x0000000086f00000| Untracked 
|  58|0x0000000087000000, 0x0000000087000000, 0x0000000087100000|  0%| F|  |TAMS 0x0000000087000000, 0x0000000087000000| Untracked 
|  59|0x0000000087100000, 0x0000000087100000, 0x0000000087200000|  0%| F|  |TAMS 0x0000000087100000, 0x0000000087100000| Untracked 
|  60|0x0000000087200000, 0x0000000087200000, 0x0000000087300000|  0%| F|  |TAMS 0x0000000087200000, 0x0000000087200000| Untracked 
|  61|0x0000000087300000, 0x0000000087300000, 0x0000000087400000|  0%| F|  |TAMS 0x0000000087300000, 0x0000000087300000| Untracked 
|  62|0x0000000087400000, 0x0000000087400000, 0x0000000087500000|  0%| F|  |TAMS 0x0000000087400000, 0x0000000087400000| Untracked 
|  63|0x0000000087500000, 0x0000000087500000, 0x0000000087600000|  0%| F|  |TAMS 0x0000000087500000, 0x0000000087500000| Untracked 
|  64|0x0000000087600000, 0x0000000087600000, 0x0000000087700000|  0%| F|  |TAMS 0x0000000087600000, 0x0000000087600000| Untracked 
|  65|0x0000000087700000, 0x0000000087700000, 0x0000000087800000|  0%| F|  |TAMS 0x0000000087700000, 0x0000000087700000| Untracked 
|  66|0x0000000087800000, 0x0000000087800000, 0x0000000087900000|  0%| F|  |TAMS 0x0000000087800000, 0x0000000087800000| Untracked 
|  67|0x0000000087900000, 0x0000000087900000, 0x0000000087a00000|  0%| F|  |TAMS 0x0000000087900000, 0x0000000087900000| Untracked 
|  68|0x0000000087a00000, 0x0000000087a00000, 0x0000000087b00000|  0%| F|  |TAMS 0x0000000087a00000, 0x0000000087a00000| Untracked 
|  69|0x0000000087b00000, 0x0000000087b00000, 0x0000000087c00000|  0%| F|  |TAMS 0x0000000087b00000, 0x0000000087b00000| Untracked 
|  70|0x0000000087c00000, 0x0000000087c00000, 0x0000000087d00000|  0%| F|  |TAMS 0x0000000087c00000, 0x0000000087c00000| Untracked 
|  71|0x0000000087d00000, 0x0000000087d00000, 0x0000000087e00000|  0%| F|  |TAMS 0x0000000087d00000, 0x0000000087d00000| Untracked 
|  72|0x0000000087e00000, 0x0000000087e00000, 0x0000000087f00000|  0%| F|  |TAMS 0x0000000087e00000, 0x0000000087e00000| Untracked 
|  73|0x0000000087f00000, 0x0000000087f00000, 0x0000000088000000|  0%| F|  |TAMS 0x0000000087f00000, 0x0000000087f00000| Untracked 
|  74|0x0000000088000000, 0x00000000880f5860, 0x0000000088100000| 95%| S|CS|TAMS 0x0000000088000000, 0x0000000088000000| Complete 
|  75|0x0000000088100000, 0x0000000088200000, 0x0000000088200000|100%| S|CS|TAMS 0x0000000088100000, 0x0000000088100000| Complete 
|  76|0x0000000088200000, 0x0000000088300000, 0x0000000088300000|100%| S|CS|TAMS 0x0000000088200000, 0x0000000088200000| Complete 
|  77|0x0000000088300000, 0x0000000088400000, 0x0000000088400000|100%| S|CS|TAMS 0x0000000088300000, 0x0000000088300000| Complete 
|  78|0x0000000088400000, 0x0000000088500000, 0x0000000088500000|100%| S|CS|TAMS 0x0000000088400000, 0x0000000088400000| Complete 
|  79|0x0000000088500000, 0x0000000088600000, 0x0000000088600000|100%| S|CS|TAMS 0x0000000088500000, 0x0000000088500000| Complete 
|  80|0x0000000088600000, 0x0000000088700000, 0x0000000088700000|100%| S|CS|TAMS 0x0000000088600000, 0x0000000088600000| Complete 
|  81|0x0000000088700000, 0x0000000088800000, 0x0000000088800000|100%| S|CS|TAMS 0x0000000088700000, 0x0000000088700000| Complete 
|  82|0x0000000088800000, 0x0000000088800000, 0x0000000088900000|  0%| F|  |TAMS 0x0000000088800000, 0x0000000088800000| Untracked 
|  83|0x0000000088900000, 0x0000000088900000, 0x0000000088a00000|  0%| F|  |TAMS 0x0000000088900000, 0x0000000088900000| Untracked 
|  84|0x0000000088a00000, 0x0000000088a00000, 0x0000000088b00000|  0%| F|  |TAMS 0x0000000088a00000, 0x0000000088a00000| Untracked 
|  85|0x0000000088b00000, 0x0000000088b00000, 0x0000000088c00000|  0%| F|  |TAMS 0x0000000088b00000, 0x0000000088b00000| Untracked 
|  86|0x0000000088c00000, 0x0000000088c00000, 0x0000000088d00000|  0%| F|  |TAMS 0x0000000088c00000, 0x0000000088c00000| Untracked 
|  87|0x0000000088d00000, 0x0000000088d00000, 0x0000000088e00000|  0%| F|  |TAMS 0x0000000088d00000, 0x0000000088d00000| Untracked 
|  88|0x0000000088e00000, 0x0000000088e00000, 0x0000000088f00000|  0%| F|  |TAMS 0x0000000088e00000, 0x0000000088e00000| Untracked 
|  89|0x0000000088f00000, 0x0000000088f00000, 0x0000000089000000|  0%| F|  |TAMS 0x0000000088f00000, 0x0000000088f00000| Untracked 
|  90|0x0000000089000000, 0x0000000089000000, 0x0000000089100000|  0%| F|  |TAMS 0x0000000089000000, 0x0000000089000000| Untracked 
|  91|0x0000000089100000, 0x0000000089100000, 0x0000000089200000|  0%| F|  |TAMS 0x0000000089100000, 0x0000000089100000| Untracked 
|  92|0x0000000089200000, 0x0000000089200000, 0x0000000089300000|  0%| F|  |TAMS 0x0000000089200000, 0x0000000089200000| Untracked 
|  93|0x0000000089300000, 0x0000000089300000, 0x0000000089400000|  0%| F|  |TAMS 0x0000000089300000, 0x0000000089300000| Untracked 
|  94|0x0000000089400000, 0x0000000089400000, 0x0000000089500000|  0%| F|  |TAMS 0x0000000089400000, 0x0000000089400000| Untracked 
|  95|0x0000000089500000, 0x0000000089500000, 0x0000000089600000|  0%| F|  |TAMS 0x0000000089500000, 0x0000000089500000| Untracked 
|  96|0x0000000089600000, 0x0000000089600000, 0x0000000089700000|  0%| F|  |TAMS 0x0000000089600000, 0x0000000089600000| Untracked 
|  97|0x0000000089700000, 0x0000000089700000, 0x0000000089800000|  0%| F|  |TAMS 0x0000000089700000, 0x0000000089700000| Untracked 
|  98|0x0000000089800000, 0x0000000089800000, 0x0000000089900000|  0%| F|  |TAMS 0x0000000089800000, 0x0000000089800000| Untracked 
|  99|0x0000000089900000, 0x0000000089900000, 0x0000000089a00000|  0%| F|  |TAMS 0x0000000089900000, 0x0000000089900000| Untracked 
| 100|0x0000000089a00000, 0x0000000089a00000, 0x0000000089b00000|  0%| F|  |TAMS 0x0000000089a00000, 0x0000000089a00000| Untracked 
| 101|0x0000000089b00000, 0x0000000089b00000, 0x0000000089c00000|  0%| F|  |TAMS 0x0000000089b00000, 0x0000000089b00000| Untracked 
| 102|0x0000000089c00000, 0x0000000089c00000, 0x0000000089d00000|  0%| F|  |TAMS 0x0000000089c00000, 0x0000000089c00000| Untracked 
| 103|0x0000000089d00000, 0x0000000089d00000, 0x0000000089e00000|  0%| F|  |TAMS 0x0000000089d00000, 0x0000000089d00000| Untracked 
| 104|0x0000000089e00000, 0x0000000089e00000, 0x0000000089f00000|  0%| F|  |TAMS 0x0000000089e00000, 0x0000000089e00000| Untracked 
| 105|0x0000000089f00000, 0x0000000089f00000, 0x000000008a000000|  0%| F|  |TAMS 0x0000000089f00000, 0x0000000089f00000| Untracked 
| 106|0x000000008a000000, 0x000000008a000000, 0x000000008a100000|  0%| F|  |TAMS 0x000000008a000000, 0x000000008a000000| Untracked 
| 107|0x000000008a100000, 0x000000008a100000, 0x000000008a200000|  0%| F|  |TAMS 0x000000008a100000, 0x000000008a100000| Untracked 
| 108|0x000000008a200000, 0x000000008a200000, 0x000000008a300000|  0%| F|  |TAMS 0x000000008a200000, 0x000000008a200000| Untracked 
| 109|0x000000008a300000, 0x000000008a300000, 0x000000008a400000|  0%| F|  |TAMS 0x000000008a300000, 0x000000008a300000| Untracked 
| 110|0x000000008a400000, 0x000000008a400000, 0x000000008a500000|  0%| F|  |TAMS 0x000000008a400000, 0x000000008a400000| Untracked 
| 111|0x000000008a500000, 0x000000008a500000, 0x000000008a600000|  0%| F|  |TAMS 0x000000008a500000, 0x000000008a500000| Untracked 
| 112|0x000000008a600000, 0x000000008a600000, 0x000000008a700000|  0%| F|  |TAMS 0x000000008a600000, 0x000000008a600000| Untracked 
| 113|0x000000008a700000, 0x000000008a700000, 0x000000008a800000|  0%| F|  |TAMS 0x000000008a700000, 0x000000008a700000| Untracked 
| 114|0x000000008a800000, 0x000000008a800000, 0x000000008a900000|  0%| F|  |TAMS 0x000000008a800000, 0x000000008a800000| Untracked 
| 115|0x000000008a900000, 0x000000008a900000, 0x000000008aa00000|  0%| F|  |TAMS 0x000000008a900000, 0x000000008a900000| Untracked 
| 116|0x000000008aa00000, 0x000000008aa00000, 0x000000008ab00000|  0%| F|  |TAMS 0x000000008aa00000, 0x000000008aa00000| Untracked 
| 117|0x000000008ab00000, 0x000000008ab00000, 0x000000008ac00000|  0%| F|  |TAMS 0x000000008ab00000, 0x000000008ab00000| Untracked 
| 118|0x000000008ac00000, 0x000000008ac00000, 0x000000008ad00000|  0%| F|  |TAMS 0x000000008ac00000, 0x000000008ac00000| Untracked 
| 119|0x000000008ad00000, 0x000000008ad00000, 0x000000008ae00000|  0%| F|  |TAMS 0x000000008ad00000, 0x000000008ad00000| Untracked 
| 120|0x000000008ae00000, 0x000000008ae00000, 0x000000008af00000|  0%| F|  |TAMS 0x000000008ae00000, 0x000000008ae00000| Untracked 
| 121|0x000000008af00000, 0x000000008af00000, 0x000000008b000000|  0%| F|  |TAMS 0x000000008af00000, 0x000000008af00000| Untracked 
| 122|0x000000008b000000, 0x000000008b000000, 0x000000008b100000|  0%| F|  |TAMS 0x000000008b000000, 0x000000008b000000| Untracked 
| 123|0x000000008b100000, 0x000000008b100000, 0x000000008b200000|  0%| F|  |TAMS 0x000000008b100000, 0x000000008b100000| Untracked 
| 124|0x000000008b200000, 0x000000008b200000, 0x000000008b300000|  0%| F|  |TAMS 0x000000008b200000, 0x000000008b200000| Untracked 
| 125|0x000000008b300000, 0x000000008b300000, 0x000000008b400000|  0%| F|  |TAMS 0x000000008b300000, 0x000000008b300000| Untracked 
| 126|0x000000008b400000, 0x000000008b400000, 0x000000008b500000|  0%| F|  |TAMS 0x000000008b400000, 0x000000008b400000| Untracked 
| 127|0x000000008b500000, 0x000000008b500000, 0x000000008b600000|  0%| F|  |TAMS 0x000000008b500000, 0x000000008b500000| Untracked 
| 128|0x000000008b600000, 0x000000008b600000, 0x000000008b700000|  0%| F|  |TAMS 0x000000008b600000, 0x000000008b600000| Untracked 
| 129|0x000000008b700000, 0x000000008b700000, 0x000000008b800000|  0%| F|  |TAMS 0x000000008b700000, 0x000000008b700000| Untracked 
| 130|0x000000008b800000, 0x000000008b800000, 0x000000008b900000|  0%| F|  |TAMS 0x000000008b800000, 0x000000008b800000| Untracked 
| 131|0x000000008b900000, 0x000000008b900000, 0x000000008ba00000|  0%| F|  |TAMS 0x000000008b900000, 0x000000008b900000| Untracked 
| 132|0x000000008ba00000, 0x000000008ba00000, 0x000000008bb00000|  0%| F|  |TAMS 0x000000008ba00000, 0x000000008ba00000| Untracked 
| 133|0x000000008bb00000, 0x000000008bb00000, 0x000000008bc00000|  0%| F|  |TAMS 0x000000008bb00000, 0x000000008bb00000| Untracked 
| 134|0x000000008bc00000, 0x000000008bc00000, 0x000000008bd00000|  0%| F|  |TAMS 0x000000008bc00000, 0x000000008bc00000| Untracked 
| 135|0x000000008bd00000, 0x000000008bd00000, 0x000000008be00000|  0%| F|  |TAMS 0x000000008bd00000, 0x000000008bd00000| Untracked 
| 136|0x000000008be00000, 0x000000008be00000, 0x000000008bf00000|  0%| F|  |TAMS 0x000000008be00000, 0x000000008be00000| Untracked 
| 137|0x000000008bf00000, 0x000000008bf00000, 0x000000008c000000|  0%| F|  |TAMS 0x000000008bf00000, 0x000000008bf00000| Untracked 
| 138|0x000000008c000000, 0x000000008c000000, 0x000000008c100000|  0%| F|  |TAMS 0x000000008c000000, 0x000000008c000000| Untracked 
| 139|0x000000008c100000, 0x000000008c100000, 0x000000008c200000|  0%| F|  |TAMS 0x000000008c100000, 0x000000008c100000| Untracked 
| 140|0x000000008c200000, 0x000000008c200000, 0x000000008c300000|  0%| F|  |TAMS 0x000000008c200000, 0x000000008c200000| Untracked 
| 141|0x000000008c300000, 0x000000008c300000, 0x000000008c400000|  0%| F|  |TAMS 0x000000008c300000, 0x000000008c300000| Untracked 
| 142|0x000000008c400000, 0x000000008c400000, 0x000000008c500000|  0%| F|  |TAMS 0x000000008c400000, 0x000000008c400000| Untracked 
| 143|0x000000008c500000, 0x000000008c500000, 0x000000008c600000|  0%| F|  |TAMS 0x000000008c500000, 0x000000008c500000| Untracked 
| 144|0x000000008c600000, 0x000000008c600000, 0x000000008c700000|  0%| F|  |TAMS 0x000000008c600000, 0x000000008c600000| Untracked 
| 145|0x000000008c700000, 0x000000008c700000, 0x000000008c800000|  0%| F|  |TAMS 0x000000008c700000, 0x000000008c700000| Untracked 
| 146|0x000000008c800000, 0x000000008c800000, 0x000000008c900000|  0%| F|  |TAMS 0x000000008c800000, 0x000000008c800000| Untracked 
| 147|0x000000008c900000, 0x000000008c900000, 0x000000008ca00000|  0%| F|  |TAMS 0x000000008c900000, 0x000000008c900000| Untracked 
| 148|0x000000008ca00000, 0x000000008ca80800, 0x000000008cb00000| 50%| E|  |TAMS 0x000000008ca00000, 0x000000008ca00000| Complete 
| 149|0x000000008cb00000, 0x000000008cc00000, 0x000000008cc00000|100%| E|CS|TAMS 0x000000008cb00000, 0x000000008cb00000| Complete 
| 150|0x000000008cc00000, 0x000000008cd00000, 0x000000008cd00000|100%| E|CS|TAMS 0x000000008cc00000, 0x000000008cc00000| Complete 
| 151|0x000000008cd00000, 0x000000008ce00000, 0x000000008ce00000|100%| E|CS|TAMS 0x000000008cd00000, 0x000000008cd00000| Complete 

Card table byte_map: [0x000002dbfb190000,0x000002dbfb580000] _byte_map_base: 0x000002dbfad75000

Marking Bits (Prev, Next): (CMBitMap*) 0x000002dbfa9dd208, (CMBitMap*) 0x000002dbfa9dd240
 Prev Bits: [0x000002dbfb970000, 0x000002dbfd898000)
 Next Bits: [0x000002dbfd8a0000, 0x000002dbff7c8000)

Polling page: 0x000002dbfa170000

Metaspace:

Usage:
  Non-class:     49.69 MB capacity,    49.27 MB (>99%) used,   339.37 KB ( <1%) free+waste,    95.81 KB ( <1%) overhead. 
      Class:      6.74 MB capacity,     6.47 MB ( 96%) used,   239.40 KB (  3%) free+waste,    42.56 KB ( <1%) overhead. 
       Both:     56.44 MB capacity,    55.74 MB ( 99%) used,   578.77 KB (  1%) free+waste,   138.38 KB ( <1%) overhead. 

Virtual space:
  Non-class space:       50.00 MB reserved,      49.75 MB (>99%) committed 
      Class space:        1.00 GB reserved,       6.75 MB ( <1%) committed 
             Both:        1.05 GB reserved,      56.50 MB (  5%) committed 

Chunk freelists:
   Non-Class:  2.00 KB
       Class:  8.00 KB
        Both:  10.00 KB

MaxMetaspaceSize: 17179869184.00 GB
CompressedClassSpaceSize: 1.00 GB
Initial GC threshold: 20.80 MB
Current GC threshold: 58.75 MB
CDS: off

CodeHeap 'non-profiled nmethods': size=120000Kb used=3099Kb max_used=3099Kb free=116901Kb
 bounds [0x000002db90150000, 0x000002db90460000, 0x000002db97680000]
CodeHeap 'profiled nmethods': size=120000Kb used=12814Kb max_used=12814Kb free=107185Kb
 bounds [0x000002db88c20000, 0x000002db898b0000, 0x000002db90150000]
CodeHeap 'non-nmethods': size=5760Kb used=1284Kb max_used=1342Kb free=4475Kb
 bounds [0x000002db88680000, 0x000002db888f0000, 0x000002db88c20000]
 total_blobs=6304 nmethods=5745 adapters=470
 compilation: enabled
              stopped_count=0, restarted_count=0
 full_count=0

Compilation events (20 events):
Event: 14.369 Thread 0x000002db9a297000 nmethod 5863 0x000002db89891790 code [0x000002db89891940, 0x000002db89891aa8]
Event: 14.369 Thread 0x000002db9a297000 5862       3       java.util.AbstractMap$SimpleImmutableEntry::<init> (15 bytes)
Event: 14.369 Thread 0x000002db9a297000 nmethod 5862 0x000002db89891b90 code [0x000002db89891d40, 0x000002db89891f58]
Event: 14.369 Thread 0x000002db9a297000 5865       3       org.jetbrains.kotlin.storage.LockBasedStorageManager$3::<init> (18 bytes)
Event: 14.370 Thread 0x000002db9a297000 nmethod 5865 0x000002db89892010 code [0x000002db89892200, 0x000002db89892548]
Event: 14.370 Thread 0x000002db9a297000 5867       3       org.jetbrains.kotlin.builtins.KotlinBuiltIns::getBuiltInClassByName (35 bytes)
Event: 14.371 Thread 0x000002db9a297000 nmethod 5867 0x000002db89892690 code [0x000002db898928c0, 0x000002db89892f48]
Event: 14.371 Thread 0x000002db9a297000 5866       1       org.jetbrains.kotlin.resolve.calls.inference.CapturedTypeConstructorImpl::getProjection (5 bytes)
Event: 14.371 Thread 0x000002db9a297000 nmethod 5866 0x000002db90455990 code [0x000002db90455b40, 0x000002db90455bf8]
Event: 14.377 Thread 0x000002db9a297000 5869       3       org.jetbrains.org.objectweb.asm.ClassReader::accept (11 bytes)
Event: 14.378 Thread 0x000002db9a297000 nmethod 5869 0x000002db89893190 code [0x000002db89893340, 0x000002db89893528]
Event: 14.378 Thread 0x000002db9c107800 nmethod 5859 0x000002db90455c90 code [0x000002db90455e40, 0x000002db90456398]
Event: 14.378 Thread 0x000002db9c107800 5868       4       org.jetbrains.kotlin.serialization.deserialization.descriptors.DeserializedPackageMemberScope::hasClass (116 bytes)
Event: 14.379 Thread 0x000002db9a297000 5871       3       org.jetbrains.kotlin.psi.KtAnnotationEntry::getCalleeExpression (5 bytes)
Event: 14.380 Thread 0x000002db9a297000 nmethod 5871 0x000002db89893610 code [0x000002db898937e0, 0x000002db89893ae8]
Event: 14.380 Thread 0x000002db9a297000 5872       3       org.jetbrains.kotlin.resolve.calls.model.KotlinResolutionCandidate::processPart (111 bytes)
Event: 14.382 Thread 0x000002db9a297000 nmethod 5872 0x000002db89893c10 code [0x000002db89893e80, 0x000002db898948e8]
Event: 14.383 Thread 0x000002db9a297000 5873       3       org.jetbrains.kotlin.resolve.calls.inference.components.NewTypeSubstitutor$DefaultImpls::substitute (253 bytes)
Event: 14.385 Thread 0x000002db9a297000 nmethod 5873 0x000002db89894d10 code [0x000002db89895040, 0x000002db89896648]
Event: 14.385 Thread 0x000002db9a297000 5874       3       org.jetbrains.kotlin.resolve.calls.inference.components.NewTypeSubstitutor$DefaultImpls::substitute (1188 bytes)

GC Heap History (12 events):
Event: 1.255 GC heap before
{Heap before GC invocations=0 (full 0):
 garbage-first heap   total 129024K, used 27648K [0x0000000083600000, 0x0000000100000000)
  region size 1024K, 24 young (24576K), 0 survivors (0K)
 Metaspace       used 12306K, capacity 12405K, committed 12544K, reserved 1060864K
  class space    used 1135K, capacity 1174K, committed 1280K, reserved 1048576K
}
Event: 1.262 GC heap after
{Heap after GC invocations=1 (full 0):
 garbage-first heap   total 129024K, used 5688K [0x0000000083600000, 0x0000000100000000)
  region size 1024K, 3 young (3072K), 3 survivors (3072K)
 Metaspace       used 12306K, capacity 12405K, committed 12544K, reserved 1060864K
  class space    used 1135K, capacity 1174K, committed 1280K, reserved 1048576K
}
Event: 2.576 GC heap before
{Heap before GC invocations=1 (full 0):
 garbage-first heap   total 129024K, used 42552K [0x0000000083600000, 0x0000000100000000)
  region size 1024K, 40 young (40960K), 3 survivors (3072K)
 Metaspace       used 21073K, capacity 21230K, committed 21248K, reserved 1069056K
  class space    used 2212K, capacity 2286K, committed 2304K, reserved 1048576K
}
Event: 2.593 GC heap after
{Heap after GC invocations=2 (full 0):
 garbage-first heap   total 129024K, used 9440K [0x0000000083600000, 0x0000000100000000)
  region size 1024K, 7 young (7168K), 7 survivors (7168K)
 Metaspace       used 21073K, capacity 21230K, committed 21248K, reserved 1069056K
  class space    used 2212K, capacity 2286K, committed 2304K, reserved 1048576K
}
Event: 4.449 GC heap before
{Heap before GC invocations=3 (full 0):
 garbage-first heap   total 129024K, used 71904K [0x0000000083600000, 0x0000000100000000)
  region size 1024K, 56 young (57344K), 7 survivors (7168K)
 Metaspace       used 31159K, capacity 31565K, committed 31744K, reserved 1077248K
  class space    used 3646K, capacity 3824K, committed 3840K, reserved 1048576K
}
Event: 4.466 GC heap after
{Heap after GC invocations=4 (full 0):
 garbage-first heap   total 129024K, used 24406K [0x0000000083600000, 0x0000000100000000)
  region size 1024K, 7 young (7168K), 7 survivors (7168K)
 Metaspace       used 31159K, capacity 31565K, committed 31744K, reserved 1077248K
  class space    used 3646K, capacity 3824K, committed 3840K, reserved 1048576K
}
Event: 5.086 GC heap before
{Heap before GC invocations=4 (full 0):
 garbage-first heap   total 129024K, used 43862K [0x0000000083600000, 0x0000000100000000)
  region size 1024K, 27 young (27648K), 7 survivors (7168K)
 Metaspace       used 35277K, capacity 35664K, committed 35840K, reserved 1081344K
  class space    used 4094K, capacity 4251K, committed 4352K, reserved 1048576K
}
Event: 5.103 GC heap after
{Heap after GC invocations=5 (full 0):
 garbage-first heap   total 129024K, used 24309K [0x0000000083600000, 0x0000000100000000)
  region size 1024K, 3 young (3072K), 3 survivors (3072K)
 Metaspace       used 35277K, capacity 35664K, committed 35840K, reserved 1081344K
  class space    used 4094K, capacity 4251K, committed 4352K, reserved 1048576K
}
Event: 7.705 GC heap before
{Heap before GC invocations=6 (full 0):
 garbage-first heap   total 129024K, used 91893K [0x0000000083600000, 0x0000000100000000)
  region size 1024K, 67 young (68608K), 3 survivors (3072K)
 Metaspace       used 48401K, capacity 48969K, committed 49152K, reserved 1093632K
  class space    used 5562K, capacity 5791K, committed 5888K, reserved 1048576K
}
Event: 7.723 GC heap after
{Heap after GC invocations=7 (full 0):
 garbage-first heap   total 155648K, used 33792K [0x0000000083600000, 0x0000000100000000)
  region size 1024K, 9 young (9216K), 9 survivors (9216K)
 Metaspace       used 48401K, capacity 48969K, committed 49152K, reserved 1093632K
  class space    used 5562K, capacity 5791K, committed 5888K, reserved 1048576K
}
Event: 13.696 GC heap before
{Heap before GC invocations=7 (full 0):
 garbage-first heap   total 155648K, used 106496K [0x0000000083600000, 0x0000000100000000)
  region size 1024K, 79 young (80896K), 9 survivors (9216K)
 Metaspace       used 56883K, capacity 57626K, committed 57856K, reserved 1099776K
  class space    used 6618K, capacity 6898K, committed 6912K, reserved 1048576K
}
Event: 13.744 GC heap after
{Heap after GC invocations=8 (full 0):
 garbage-first heap   total 155648K, used 41942K [0x0000000083600000, 0x0000000100000000)
  region size 1024K, 8 young (8192K), 8 survivors (8192K)
 Metaspace       used 56883K, capacity 57626K, committed 57856K, reserved 1099776K
  class space    used 6618K, capacity 6898K, committed 6912K, reserved 1048576K
}

Deoptimization events (20 events):
Event: 13.431 Thread 0x000002dbfa9a4000 Uncommon trap: trap_request=0xffffffbe fr.pc=0x000002db903f7cfc relative=0x00000000000013fc
Event: 13.433 Thread 0x000002dbfa9a4000 Uncommon trap: reason=profile_predicate action=maybe_recompile pc=0x000002db903f7cfc method=org.jetbrains.kotlin.serialization.deserialization.descriptors.DeserializedPackageMemberScope.hasClass(Lorg/jetbrains/kotlin/name/Name;)Z @ 65 c2
Event: 13.433 Thread 0x000002dbfa9a4000 DEOPT PACKING pc=0x000002db903f7cfc sp=0x000000ebe01fcb10
Event: 13.433 Thread 0x000002dbfa9a4000 DEOPT UNPACKING pc=0x000002db886885af sp=0x000000ebe01fca90 mode 2
Event: 13.433 Thread 0x000002dbfa9a4000 Uncommon trap: trap_request=0xffffffbe fr.pc=0x000002db903f7cfc relative=0x00000000000013fc
Event: 13.433 Thread 0x000002dbfa9a4000 Uncommon trap: reason=profile_predicate action=maybe_recompile pc=0x000002db903f7cfc method=org.jetbrains.kotlin.serialization.deserialization.descriptors.DeserializedPackageMemberScope.hasClass(Lorg/jetbrains/kotlin/name/Name;)Z @ 65 c2
Event: 13.433 Thread 0x000002dbfa9a4000 DEOPT PACKING pc=0x000002db903f7cfc sp=0x000000ebe01fcb10
Event: 13.433 Thread 0x000002dbfa9a4000 DEOPT UNPACKING pc=0x000002db886885af sp=0x000000ebe01fca90 mode 2
Event: 13.434 Thread 0x000002dbfa9a4000 Uncommon trap: trap_request=0xffffffbe fr.pc=0x000002db903f7cfc relative=0x00000000000013fc
Event: 13.434 Thread 0x000002dbfa9a4000 Uncommon trap: reason=profile_predicate action=maybe_recompile pc=0x000002db903f7cfc method=org.jetbrains.kotlin.serialization.deserialization.descriptors.DeserializedPackageMemberScope.hasClass(Lorg/jetbrains/kotlin/name/Name;)Z @ 65 c2
Event: 13.434 Thread 0x000002dbfa9a4000 DEOPT PACKING pc=0x000002db903f7cfc sp=0x000000ebe01fcb10
Event: 13.434 Thread 0x000002dbfa9a4000 DEOPT UNPACKING pc=0x000002db886885af sp=0x000000ebe01fca90 mode 2
Event: 13.436 Thread 0x000002dbfa9a4000 Uncommon trap: trap_request=0xffffff4d fr.pc=0x000002db903547d0 relative=0x0000000000000c10
Event: 13.436 Thread 0x000002dbfa9a4000 Uncommon trap: reason=unstable_if action=reinterpret pc=0x000002db903547d0 method=org.jetbrains.kotlin.metadata.ProtoBuf$Type.getSerializedSize()I @ 176 c2
Event: 13.436 Thread 0x000002dbfa9a4000 DEOPT PACKING pc=0x000002db903547d0 sp=0x000000ebe01fc380
Event: 13.437 Thread 0x000002dbfa9a4000 DEOPT UNPACKING pc=0x000002db886885af sp=0x000000ebe01fc340 mode 2
Event: 13.437 Thread 0x000002dbfa9a4000 Uncommon trap: trap_request=0xffffff4d fr.pc=0x000002db903da764 relative=0x0000000000001f44
Event: 13.437 Thread 0x000002dbfa9a4000 Uncommon trap: reason=unstable_if action=reinterpret pc=0x000002db903da764 method=org.jetbrains.kotlin.metadata.ProtoBuf$Type.writeTo(Lorg/jetbrains/kotlin/protobuf/CodedOutputStream;)V @ 160 c2
Event: 13.437 Thread 0x000002dbfa9a4000 DEOPT PACKING pc=0x000002db903da764 sp=0x000000ebe01fc330
Event: 13.437 Thread 0x000002dbfa9a4000 DEOPT UNPACKING pc=0x000002db886885af sp=0x000000ebe01fc338 mode 2

Classes redefined (0 events):
No events

Internal exceptions (20 events):
Event: 3.459 Thread 0x000002dbfa9a4000 Exception <a 'java/lang/NoSuchMethodError'{0x0000000089d23e78}: 'int java.lang.invoke.DirectMethodHandle$Holder.invokeVirtual(java.lang.Object, java.lang.Object)'> (0x0000000089d23e78) thrown at [./src/hotspot/share/interpreter/linkResolver.cpp, line 773]
Event: 4.225 Thread 0x000002dbfa9a4000 Implicit null exception at 0x000002db901ba174 to 0x000002db901ba38c
Event: 4.227 Thread 0x000002dbfa9a4000 Implicit null exception at 0x000002db901afa5e to 0x000002db901b01ca
Event: 4.228 Thread 0x000002dbfa9a4000 Implicit null exception at 0x000002db901b46af to 0x000002db901b471d
Event: 4.768 Thread 0x000002dbfa9a4000 Exception <a 'java/lang/NoSuchMethodError'{0x000000008ab9c578}: 'java.lang.Object java.lang.invoke.DirectMethodHandle$Holder.invokeVirtual(java.lang.Object, java.lang.Object, java.lang.Object)'> (0x000000008ab9c578) thrown at [./src/hotspot/share/interpreter/linkResolver.cpp, line 773]
Event: 5.994 Thread 0x000002dbfa9a4000 Exception <a 'java/lang/NoSuchMethodError'{0x0000000089408210}: 'java.lang.Object java.lang.invoke.Invokers$Holder.linkToTargetMethod(java.lang.Object, int, java.lang.Object)'> (0x0000000089408210) thrown at [./src/hotspot/share/interpreter/linkResolver.cpp, line 773]
Event: 6.440 Thread 0x000002dbfa9a4000 Exception <a 'java/lang/NoSuchMethodError'{0x0000000088ee9c48}: 'java.lang.Object java.lang.invoke.DirectMethodHandle$Holder.invokeStatic(java.lang.Object, java.lang.Object, java.lang.Object, int)'> (0x0000000088ee9c48) thrown at [./src/hotspot/share/interpreter/linkResolver.cpp, line 773]
Event: 6.440 Thread 0x000002dbfa9a4000 Exception <a 'java/lang/NoSuchMethodError'{0x0000000088eed8b8}: 'java.lang.Object java.lang.invoke.DirectMethodHandle$Holder.invokeSpecial(java.lang.Object, java.lang.Object, java.lang.Object, java.lang.Object, int)'> (0x0000000088eed8b8) thrown at [./src/hotspot/share/interpreter/linkResolver.cpp, line 773]
Event: 6.440 Thread 0x000002dbfa9a4000 Exception <a 'java/lang/NoSuchMethodError'{0x0000000088ef0bc8}: 'java.lang.Object java.lang.invoke.Invokers$Holder.linkToTargetMethod(java.lang.Object, java.lang.Object, int, java.lang.Object)'> (0x0000000088ef0bc8) thrown at [./src/hotspot/share/interpreter/linkResolver.cpp, line 773]
Event: 7.483 Thread 0x000002dbfa9a4000 Exception <a 'java/lang/NoSuchMethodError'{0x000000008764cb18}: 'java.lang.Object java.lang.invoke.DirectMethodHandle$Holder.invokeSpecial(java.lang.Object, java.lang.Object, java.lang.Object, java.lang.Object, java.lang.Object, java.lang.Object, java.lang.Object, java.lang.Object, java.lang.Object)'> (0x000000008764cb18) thrown at [./src/hotspot/share/interpreter/linkResolver.cpp, line 773]
Event: 7.484 Thread 0x000002dbfa9a4000 Exception <a 'java/lang/NoSuchMethodError'{0x0000000087650d10}: 'java.lang.Object java.lang.invoke.Invokers$Holder.linkToTargetMethod(java.lang.Object, java.lang.Object, java.lang.Object, java.lang.Object, java.lang.Object, java.lang.Object, java.lang.Object, java.lang.Object)'> (0x0000000087650d10) thrown at [./src/hotspot/share/interpreter/linkResolver.cpp, line 773]
Event: 7.502 Thread 0x000002dbfa9a4000 Exception <a 'java/lang/NoSuchMethodError'{0x00000000876dc518}: 'java.lang.Object java.lang.invoke.Invokers$Holder.linkToTargetMethod(java.lang.Object, java.lang.Object, java.lang.Object, java.lang.Object, java.lang.Object, java.lang.Object)'> (0x00000000876dc518) thrown at [./src/hotspot/share/interpreter/linkResolver.cpp, line 773]
Event: 10.133 Thread 0x000002dbfa9a4000 Implicit null exception at 0x000002db90323223 to 0x000002db903271a4
Event: 11.132 Thread 0x000002dbfa9a4000 Exception <a 'java/lang/NoSuchMethodError'{0x0000000089bd0e28}: 'int java.lang.invoke.DirectMethodHandle$Holder.invokeVirtual(java.lang.Object, java.lang.Object, java.lang.Object)'> (0x0000000089bd0e28) thrown at [./src/hotspot/share/interpreter/linkResolver.cpp, line 773]
Event: 11.148 Thread 0x000002dbfa9a4000 Exception <a 'java/lang/NoSuchMethodError'{0x0000000089a11768}: 'java.lang.Object java.lang.invoke.DirectMethodHandle$Holder.invokeSpecial(java.lang.Object, java.lang.Object, java.lang.Object, java.lang.Object, java.lang.Object, int)'> (0x0000000089a11768) thrown at [./src/hotspot/share/interpreter/linkResolver.cpp, line 773]
Event: 11.148 Thread 0x000002dbfa9a4000 Exception <a 'java/lang/NoSuchMethodError'{0x0000000089a15060}: 'java.lang.Object java.lang.invoke.Invokers$Holder.linkToTargetMethod(java.lang.Object, java.lang.Object, java.lang.Object, int, java.lang.Object)'> (0x0000000089a15060) thrown at [./src/hotspot/share/interpreter/linkResolver.cpp, line 773]
Event: 12.483 Thread 0x000002dbfa9a4000 Exception <a 'java/lang/NoSuchMethodError'{0x0000000088c353e0}: 'java.lang.Object java.lang.invoke.DirectMethodHandle$Holder.invokeStaticInit(java.lang.Object, java.lang.Object, java.lang.Object)'> (0x0000000088c353e0) thrown at [./src/hotspot/share/interpreter/linkResolver.cpp, line 773]
Event: 12.677 Thread 0x000002dbfa9a4000 Exception <a 'java/lang/NoSuchMethodError'{0x0000000088b219f0}: 'int java.lang.invoke.DirectMethodHandle$Holder.invokeStatic(java.lang.Object, java.lang.Object, java.lang.Object, java.lang.Object, java.lang.Object)'> (0x0000000088b219f0) thrown at [./src/hotspot/share/interpreter/linkResolver.cpp, line 773]
Event: 12.746 Thread 0x000002dbfa9a4000 Exception <a 'java/lang/NoSuchMethodError'{0x0000000088b480f0}: 'int java.lang.invoke.DirectMethodHandle$Holder.invokeStaticInit(java.lang.Object, int)'> (0x0000000088b480f0) thrown at [./src/hotspot/share/interpreter/linkResolver.cpp, line 773]
Event: 12.818 Thread 0x000002dbfa9a4000 Implicit null exception at 0x000002db903b3475 to 0x000002db903b36c4

Events (20 events):
Event: 12.885 loading class org/jetbrains/kotlin/com/intellij/psi/PsiClassObjectAccessExpression
Event: 12.885 loading class org/jetbrains/kotlin/com/intellij/psi/PsiClassObjectAccessExpression done
Event: 12.887 loading class org/jetbrains/kotlin/com/intellij/psi/impl/compiled/ClsReferenceExpressionImpl
Event: 12.887 loading class org/jetbrains/kotlin/com/intellij/psi/impl/compiled/ClsReferenceExpressionImpl done
Event: 12.890 loading class org/jetbrains/kotlin/com/intellij/psi/impl/compiled/ClsIdentifierImpl
Event: 12.890 loading class org/jetbrains/kotlin/com/intellij/psi/impl/compiled/ClsIdentifierImpl done
Event: 12.924 loading class org/jetbrains/kotlin/load/java/structure/impl/JavaAnnotationImpl
Event: 12.924 loading class org/jetbrains/kotlin/load/java/structure/impl/JavaAnnotationImpl done
Event: 13.465 Executing VM operation: ICBufferFull
Event: 13.465 Executing VM operation: ICBufferFull done
Event: 13.521 loading class org/jetbrains/kotlin/load/java/components/JavaDeprecatedAnnotationDescriptor
Event: 13.521 loading class org/jetbrains/kotlin/load/java/components/JavaDeprecatedAnnotationDescriptor done
Event: 13.522 loading class org/jetbrains/kotlin/load/java/components/JavaDeprecatedAnnotationDescriptor$allValueArguments$2
Event: 13.522 loading class org/jetbrains/kotlin/load/java/components/JavaDeprecatedAnnotationDescriptor$allValueArguments$2 done
Event: 13.564 loading class org/jetbrains/kotlin/load/java/AnnotationTypeQualifierResolverKt
Event: 13.564 loading class org/jetbrains/kotlin/load/java/AnnotationTypeQualifierResolverKt done
Event: 13.696 Executing VM operation: G1CollectForAllocation
Event: 13.744 Executing VM operation: G1CollectForAllocation done
Event: 14.267 Executing VM operation: ICBufferFull
Event: 14.267 Executing VM operation: ICBufferFull done


Dynamic libraries:
0x00007ff65ef20000 - 0x00007ff65ef2d000 	C:\Program Files\OpenJDK\openjdk-11.0.16_8\bin\java.exe
0x00007ff91a0d0000 - 0x00007ff91a2e4000 	C:\WINDOWS\SYSTEM32\ntdll.dll
0x00007ff9185a0000 - 0x00007ff918662000 	C:\WINDOWS\System32\KERNEL32.DLL
0x00007ff9176d0000 - 0x00007ff917a6c000 	C:\WINDOWS\System32\KERNELBASE.dll
0x00007ff917dc0000 - 0x00007ff917ed1000 	C:\WINDOWS\System32\ucrtbase.dll
0x00007ff8e6ee0000 - 0x00007ff8e6ef5000 	C:\Program Files\OpenJDK\openjdk-11.0.16_8\bin\VCRUNTIME140.dll
0x00007ff8e68b0000 - 0x00007ff8e68c7000 	C:\Program Files\OpenJDK\openjdk-11.0.16_8\bin\jli.dll
0x00007ff917f20000 - 0x00007ff9180cb000 	C:\WINDOWS\System32\USER32.dll
0x00007ff903c70000 - 0x00007ff903efe000 	C:\WINDOWS\WinSxS\amd64_microsoft.windows.common-controls_6595b64144ccf1df_6.0.22621.317_none_a9434687c10c9fa2\COMCTL32.dll
0x00007ff917630000 - 0x00007ff917656000 	C:\WINDOWS\System32\win32u.dll
0x00007ff918be0000 - 0x00007ff918c87000 	C:\WINDOWS\System32\msvcrt.dll
0x00007ff918e50000 - 0x00007ff918e79000 	C:\WINDOWS\System32\GDI32.dll
0x00007ff917510000 - 0x00007ff917622000 	C:\WINDOWS\System32\gdi32full.dll
0x00007ff917be0000 - 0x00007ff917c7a000 	C:\WINDOWS\System32\msvcp_win.dll
0x00007ff917ee0000 - 0x00007ff917f11000 	C:\WINDOWS\System32\IMM32.DLL
0x00007ff8b6120000 - 0x00007ff8b61bb000 	C:\Program Files\OpenJDK\openjdk-11.0.16_8\bin\msvcp140.dll
0x00007ff889590000 - 0x00007ff88a09e000 	C:\Program Files\OpenJDK\openjdk-11.0.16_8\bin\server\jvm.dll
0x00007ff9188a0000 - 0x00007ff91894e000 	C:\WINDOWS\System32\ADVAPI32.dll
0x00007ff9181f0000 - 0x00007ff918294000 	C:\WINDOWS\System32\sechost.dll
0x00007ff918460000 - 0x00007ff918575000 	C:\WINDOWS\System32\RPCRT4.dll
0x00007ff918450000 - 0x00007ff918458000 	C:\WINDOWS\System32\PSAPI.DLL
0x00007ff8f8200000 - 0x00007ff8f8209000 	C:\WINDOWS\SYSTEM32\WSOCK32.dll
0x00007ff90eeb0000 - 0x00007ff90eee4000 	C:\WINDOWS\SYSTEM32\WINMM.dll
0x00007ff907e70000 - 0x00007ff907e7a000 	C:\WINDOWS\SYSTEM32\VERSION.dll
0x00007ff918170000 - 0x00007ff9181e1000 	C:\WINDOWS\System32\WS2_32.dll
0x00007ff916550000 - 0x00007ff916568000 	C:\WINDOWS\SYSTEM32\kernel.appcore.dll
0x00007ff8f8ed0000 - 0x00007ff8f8ee0000 	C:\Program Files\OpenJDK\openjdk-11.0.16_8\bin\verify.dll
0x00007ff914aa0000 - 0x00007ff914cce000 	C:\WINDOWS\SYSTEM32\DBGHELP.DLL
0x00007ff919670000 - 0x00007ff9199f9000 	C:\WINDOWS\System32\combase.dll
0x00007ff918670000 - 0x00007ff918747000 	C:\WINDOWS\System32\OLEAUT32.dll
0x00007ff9079e0000 - 0x00007ff907a12000 	C:\WINDOWS\SYSTEM32\dbgcore.DLL
0x00007ff917c80000 - 0x00007ff917cfb000 	C:\WINDOWS\System32\bcryptPrimitives.dll
0x00007ff8e1b70000 - 0x00007ff8e1b98000 	C:\Program Files\OpenJDK\openjdk-11.0.16_8\bin\java.dll
0x00007ff8f8e90000 - 0x00007ff8f8e9a000 	C:\Program Files\OpenJDK\openjdk-11.0.16_8\bin\jimage.dll
0x00007ff8df0f0000 - 0x00007ff8df108000 	C:\Program Files\OpenJDK\openjdk-11.0.16_8\bin\zip.dll
0x00007ff918e90000 - 0x00007ff91966b000 	C:\WINDOWS\System32\SHELL32.dll
0x00007ff915520000 - 0x00007ff915dd5000 	C:\WINDOWS\SYSTEM32\windows.storage.dll
0x00007ff9153e0000 - 0x00007ff91551d000 	C:\WINDOWS\SYSTEM32\wintypes.dll
0x00007ff918ae0000 - 0x00007ff918bd1000 	C:\WINDOWS\System32\SHCORE.dll
0x00007ff918750000 - 0x00007ff9187ae000 	C:\WINDOWS\System32\shlwapi.dll
0x00007ff917440000 - 0x00007ff917461000 	C:\WINDOWS\SYSTEM32\profapi.dll
0x00007ff8ce950000 - 0x00007ff8ce969000 	C:\Program Files\OpenJDK\openjdk-11.0.16_8\bin\net.dll
0x00007ff911660000 - 0x00007ff91178f000 	C:\WINDOWS\SYSTEM32\WINHTTP.dll
0x00007ff9169a0000 - 0x00007ff916a09000 	C:\WINDOWS\system32\mswsock.dll
0x00007ff8cca00000 - 0x00007ff8cca13000 	C:\Program Files\OpenJDK\openjdk-11.0.16_8\bin\nio.dll

dbghelp: loaded successfully - version: 4.0.5 - missing functions: none
symbol engine: initialized successfully - sym options: 0x614 - pdb path: .;C:\Program Files\OpenJDK\openjdk-11.0.16_8\bin;C:\WINDOWS\SYSTEM32;C:\WINDOWS\WinSxS\amd64_microsoft.windows.common-controls_6595b64144ccf1df_6.0.22621.317_none_a9434687c10c9fa2;C:\Program Files\OpenJDK\openjdk-11.0.16_8\bin\server

VM Arguments:
java_command: org.jetbrains.kotlin.cli.jvm.K2JVMCompiler @D:\ReactNativeProjects\CLI\EcommV3\node_modules\react-native-gesture-handler\android\build\20221007_5574717056873389188.compiler.options
java_class_path (initial): C:\Users\Shoaib\.gradle\caches\modules-2\files-2.1\org.jetbrains.kotlin\kotlin-compiler-embeddable\1.5.20\1900e8b9aca0a9caffd45b99b36e3720a0a284f8\kotlin-compiler-embeddable-1.5.20.jar;C:\Users\Shoaib\.gradle\caches\modules-2\files-2.1\org.jetbrains.kotlin\kotlin-reflect\1.5.20\63810951f09a27f7827977f1bc21094042a915e\kotlin-reflect-1.5.20.jar;C:\Users\Shoaib\.gradle\caches\modules-2\files-2.1\org.jetbrains.kotlin\kotlin-stdlib\1.5.20\9de35cc611bcecec8edce1d56d8e659953806751\kotlin-stdlib-1.5.20.jar;C:\Users\Shoaib\.gradle\caches\modules-2\files-2.1\org.jetbrains.kotlin\kotlin-script-runtime\1.5.20\4381bb58d37b84d4d1afe55ec35542dd9b77e101\kotlin-script-runtime-1.5.20.jar;C:\Users\Shoaib\.gradle\caches\modules-2\files-2.1\org.jetbrains.kotlin\kotlin-daemon-embeddable\1.5.20\36c38cda019834dcd2959cc33a12768adcd94256\kotlin-daemon-embeddable-1.5.20.jar;C:\Users\Shoaib\.gradle\caches\modules-2\files-2.1\org.jetbrains.intellij.deps\trove4j\1.0.20181211\216c2e14b070f334479d800987affe4054cd563f\trove4j-1.0.20181211.jar;C:\Users\Shoaib\.gradle\caches\modules-2\files-2.1\org.jetbrains\annotations\13.0\919f0dfe192fb4e063e7dacadee7f8bb9a2672a9\annotations-13.0.jar;C:\Users\Shoaib\.gradle\caches\modules-2\files-2.1\org.jetbrains.kotlin\kotlin-stdlib-common\1.5.20\3d79dbd48bf605f4aac1e7028981a1953e245cbb\kotlin-stdlib-common-1.5.20.jar
Launcher Type: SUN_STANDARD

[Global flags]
     intx CICompilerCount                          = 4                                         {product} {ergonomic}
     uint ConcGCThreads                            = 2                                         {product} {ergonomic}
     uint G1ConcRefinementThreads                  = 8                                         {product} {ergonomic}
   size_t G1HeapRegionSize                         = 1048576                                   {product} {ergonomic}
    uintx GCDrainStackTargetSize                   = 64                                        {product} {ergonomic}
   size_t InitialHeapSize                          = 132120576                                 {product} {ergonomic}
   size_t MarkStackSize                            = 4194304                                   {product} {ergonomic}
   size_t MaxHeapSize                              = 2090860544                                {product} {ergonomic}
   size_t MaxNewSize                               = 1254096896                                {product} {ergonomic}
   size_t MinHeapDeltaBytes                        = 1048576                                   {product} {ergonomic}
    uintx NonNMethodCodeHeapSize                   = 5836300                                {pd product} {ergonomic}
    uintx NonProfiledCodeHeapSize                  = 122910970                              {pd product} {ergonomic}
    uintx ProfiledCodeHeapSize                     = 122910970                              {pd product} {ergonomic}
    uintx ReservedCodeCacheSize                    = 251658240                              {pd product} {ergonomic}
     bool SegmentedCodeCache                       = true                                      {product} {ergonomic}
     bool UseCompressedClassPointers               = true                                 {lp64_product} {ergonomic}
     bool UseCompressedOops                        = true                                 {lp64_product} {ergonomic}
     bool UseG1GC                                  = true                                      {product} {ergonomic}
     bool UseLargePagesIndividualAllocation        = false                                  {pd product} {ergonomic}

Logging:
Log output configuration:
 #0: stdout all=warning uptime,level,tags
 #1: stderr all=off uptime,level,tags

Environment Variables:
JAVA_HOME=C:\Program Files\OpenJDK\openjdk-11.0.16_8
CLASSPATH=D:\ReactNativeProjects\CLI\EcommV3\android\\gradle\wrapper\gradle-wrapper.jar
PATH=D:\ReactNativeProjects\CLI\EcommV3\android\node_modules\.bin;D:\ReactNativeProjects\CLI\EcommV3\node_modules\.bin;D:\ReactNativeProjects\CLI\node_modules\.bin;D:\ReactNativeProjects\node_modules\.bin;D:\node_modules\.bin;C:\Program Files\nodejs;C:\Users\Shoaib\AppData\Local\Temp\yarn--1665115007085-0.8326985165581209;D:\ReactNativeProjects\CLI\EcommV3\node_modules\.bin;C:\Users\Shoaib\AppData\Local\Yarn\Data\link\node_modules\.bin;C:\Users\Shoaib\AppData\Local\Yarn\bin;C:\Program Files\libexec\lib\node_modules\npm\bin\node-gyp-bin;C:\Program Files\lib\node_modules\npm\bin\node-gyp-bin;C:\Program Files\nodejs\node_modules\npm\bin\node-gyp-bin;C:\app\Shoaib\product\11.2.0\client_1\bin;C:\DevSuiteHome_10g\jdk\jre\bin\classic;C:\DevSuiteHome_10g\jdk\jre\bin;C:\DevSuiteHome_10g\jdk\jre\bin\client;C:\DevSuiteHome_10g\jlib;C:\DevSuiteHome_10g\bin;C:\DevSuiteHome_10g\jre\1.4.2\bin\client;C:\DevSuiteHome_10g\jre\1.4.2\bin;C:\orant\bin;C:\WINDOWS\system32;C:\WINDOWS;C:\WINDOWS\System32\Wbem;C:\WINDOWS\System32\WindowsPowerShell\v1.0\;C:\WINDOWS\System32\OpenSSH\;C:\orant\jdk\bin;C:\Program Files (x86)\PuTTY\;C:\Program Files\nodejs\;C:\ProgramData\chocolatey\bin;C:\Program Files\OpenJDK\openjdk-11.0.16_8\bin;C:\Users\Shoaib\AppData\Local\Microsoft\WindowsApps;C:\Users\Shoaib\AppData\Roaming\npm;C:\Users\Shoaib\AppData\Local\Programs\Microsoft VS Code\bin;C:\Users\Shoaib\AppData\Local\Android\Sdk\platform-tools;
USERNAME=Shoaib
OS=Windows_NT
PROCESSOR_IDENTIFIER=Intel64 Family 6 Model 140 Stepping 1, GenuineIntel
TMP=C:\Users\Shoaib\AppData\Local\Temp
TEMP=C:\Users\Shoaib\AppData\Local\Temp



---------------  S Y S T E M  ---------------

OS: Windows 11 , 64 bit Build 22621 (10.0.22621.457)
OS uptime: 2 days 0:33 hours
Hyper-V role detected

CPU:total 8 (initial active 8) (4 cores per cpu, 2 threads per core) family 6 model 140 stepping 1 microcode 0xa4, cmov, cx8, fxsr, mmx, sse, sse2, sse3, ssse3, sse4.1, sse4.2, popcnt, avx, avx2, aes, clmul, erms, 3dnowpref, lzcnt, ht, tsc, tscinvbit, bmi1, bmi2, adx, evex, sha, fma

Memory: 4k page, system-wide physical 7975M (373M free)
TotalPageFile size 12071M (AvailPageFile size 4M)
current process WorkingSet (physical memory assigned to process): 296M, peak: 298M
current process commit charge ("private bytes"): 353M, peak: 368M

vm_info: OpenJDK 64-Bit Server VM (11.0.16+8) for windows-amd64 JRE (11.0.16+8), built on Jul 17 2022 01:33:05 by "tester" with MS VC++ 15.9 (VS2017)

END.
